 Sun, 12 Jan 2020 13:31:07  INFO orderbook_data.py order_main_cashier_screen_data [ line:186 ] 测试数据: [{'login_phone': '18971335952', 'login_pwd': '123456', 'main_store_name': '吉野家日式料理店', 'store_name': None, 'store_id': None, 'time_desc': '本月', 'time_start': None, 'time_end': None, 'terminal_type': '全部终端', 'terminal_name': None, 'terminal_id': None, 'type_source': '全部', 'status': '全部订单'}, {'login_phone': '18971335952', 'login_pwd': '123456', 'main_store_name': '吉野家日式料理店', 'store_name': None, 'store_id': None, 'time_desc': '本月', 'time_start': None, 'time_end': None, 'terminal_type': '全部终端', 'terminal_name': None, 'terminal_id': None, 'type_source': '全部', 'status': '支付成功'}, {'login_phone': '18971335952', 'login_pwd': '123456', 'main_store_name': '吉野家日式料理店', 'store_name': None, 'store_id': None, 'time_desc': '本月', 'time_start': None, 'time_end': None, 'terminal_type': '全部终端', 'terminal_name': None, 'terminal_id': None, 'type_source': '全部', 'status': '退款成功'}, {'login_phone': '18971335952', 'login_pwd': '123456', 'main_store_name': '吉野家日式料理店', 'store_name': None, 'store_id': None, 'time_desc': '本月', 'time_start': None, 'time_end': None, 'terminal_type': '全部终端', 'terminal_name': None, 'terminal_id': None, 'type_source': '微信', 'status': '全部订单'}, {'login_phone': '18971335952', 'login_pwd': '123456', 'main_store_name': '吉野家日式料理店', 'store_name': None, 'store_id': None, 'time_desc': '本月', 'time_start': None, 'time_end': None, 'terminal_type': '全部终端', 'terminal_name': None, 'terminal_id': None, 'type_source': '微信', 'status': '支付成功'}, {'login_phone': '18971335952', 'login_pwd': '123456', 'main_store_name': '吉野家日式料理店', 'store_name': None, 'store_id': None, 'time_desc': '本月', 'time_start': None, 'time_end': None, 'terminal_type': '全部终端', 'terminal_name': None, 'terminal_id': None, 'type_source': '微信', 'status': '退款成功'}, {'login_phone': '18971335952', 'login_pwd': '123456', 'main_store_name': '吉野家日式料理店', 'store_name': None, 'store_id': None, 'time_desc': '本月', 'time_start': None, 'time_end': None, 'terminal_type': '指定终端', 'terminal_name': '收款一号机', 'terminal_id': 'qr_pay:NO_2018122515457307981444', 'type_source': '全部', 'status': '全部订单'}, {'login_phone': '18971335952', 'login_pwd': '123456', 'main_store_name': '吉野家日式料理店', 'store_name': None, 'store_id': None, 'time_desc': '本月', 'time_start': None, 'time_end': None, 'terminal_type': '指定终端', 'terminal_name': '收款一号机', 'terminal_id': 'qr_pay:NO_2018122515457307981444', 'type_source': '全部', 'status': '支付成功'}, {'login_phone': '18971335952', 'login_pwd': '123456', 'main_store_name': '吉野家日式料理店', 'store_name': None, 'store_id': None, 'time_desc': '本月', 'time_start': None, 'time_end': None, 'terminal_type': '指定终端', 'terminal_name': '收款一号机', 'terminal_id': 'qr_pay:NO_2018122515457307981444', 'type_source': '全部', 'status': '退款成功'}, {'login_phone': '18971335952', 'login_pwd': '123456', 'main_store_name': '吉野家日式料理店', 'store_name': None, 'store_id': None, 'time_desc': '本月', 'time_start': None, 'time_end': None, 'terminal_type': '指定终端', 'terminal_name': '收款一号机', 'terminal_id': 'qr_pay:NO_2018122515457307981444', 'type_source': '微信', 'status': '全部订单'}, {'login_phone': '18971335952', 'login_pwd': '123456', 'main_store_name': '吉野家日式料理店', 'store_name': None, 'store_id': None, 'time_desc': '本月', 'time_start': None, 'time_end': None, 'terminal_type': '指定终端', 'terminal_name': '收款一号机', 'terminal_id': 'qr_pay:NO_2018122515457307981444', 'type_source': '微信', 'status': '支付成功'}, {'login_phone': '18971335952', 'login_pwd': '123456', 'main_store_name': '吉野家日式料理店', 'store_name': None, 'store_id': None, 'time_desc': '本月', 'time_start': None, 'time_end': None, 'terminal_type': '指定终端', 'terminal_name': '收款一号机', 'terminal_id': 'qr_pay:NO_2018122515457307981444', 'type_source': '微信', 'status': '退款成功'}]
 Sun, 12 Jan 2020 13:31:07  INFO orderbook_data.py order_main_cashier_screen_data [ line:187 ] 账单筛选测试数据量: 12
 Sun, 12 Jan 2020 13:31:20  INFO basepage.py wait_ele_visible [ line:42 ] 等待 登录页_等待用户名元素可见  元素  ('id', 'com.cashier.jiutongshanghu:id/ed_login_phone') 可见成功。耗时：0:00:01.369665
 Sun, 12 Jan 2020 13:31:20  INFO basepage.py wait_ele_visible [ line:42 ] 等待 登录页_输入用户名  元素  ('id', 'com.cashier.jiutongshanghu:id/ed_login_phone') 可见成功。耗时：0:00:00.122025
 Sun, 12 Jan 2020 13:31:20  INFO basepage.py get_element [ line:79 ] 查找  登录页_输入用户名 元素 ('id', 'com.cashier.jiutongshanghu:id/ed_login_phone') 成功
 Sun, 12 Jan 2020 13:31:20  INFO basepage.py input_text [ line:148 ] 在 登录页_输入用户名 元素 ('id', 'com.cashier.jiutongshanghu:id/ed_login_phone') 上输入文本值：18971335952 成功！
 Sun, 12 Jan 2020 13:31:21  INFO basepage.py wait_ele_visible [ line:42 ] 等待 登录页_输入密码  元素  ('id', 'com.cashier.jiutongshanghu:id/ed_login_password') 可见成功。耗时：0:00:00.981649
 Sun, 12 Jan 2020 13:31:21  INFO basepage.py get_element [ line:79 ] 查找  登录页_输入密码 元素 ('id', 'com.cashier.jiutongshanghu:id/ed_login_password') 成功
 Sun, 12 Jan 2020 13:31:22  INFO basepage.py input_text [ line:148 ] 在 登录页_输入密码 元素 ('id', 'com.cashier.jiutongshanghu:id/ed_login_password') 上输入文本值：123456 成功！
 Sun, 12 Jan 2020 13:31:23  INFO basepage.py wait_ele_visible [ line:42 ] 等待 登录页_点击登录按钮  元素  ('id', 'com.cashier.jiutongshanghu:id/but_login') 可见成功。耗时：0:00:00.505223
 Sun, 12 Jan 2020 13:31:23  INFO basepage.py get_element [ line:79 ] 查找  登录页_点击登录按钮 元素 ('id', 'com.cashier.jiutongshanghu:id/but_login') 成功
 Sun, 12 Jan 2020 13:31:23  INFO basepage.py click_element [ line:121 ] 点击  登录页_点击登录按钮 元素 ('id', 'com.cashier.jiutongshanghu:id/but_login') 成功！
 Sun, 12 Jan 2020 13:31:55  ERROR basepage.py wait_ele_visible [ line:36 ] 等待元素 ('-android uiautomator', 'new UiSelector().text("账单")') 可见 失败！
Traceback (most recent call last):
  File "/Users/keen/PycharmProjects/app_automation_sh/common/basepage.py", line 33, in wait_ele_visible
    WebDriverWait(self.driver, timeout, frequency).until(ec.visibility_of_element_located(loc))
  File "/Library/Frameworks/Python.framework/Versions/3.8/lib/python3.8/site-packages/selenium/webdriver/support/wait.py", line 80, in until
    raise TimeoutException(message, screen, stacktrace)
selenium.common.exceptions.TimeoutException: Message: 

 Sun, 12 Jan 2020 13:31:56  INFO basepage.py save_img [ line:202 ] 截图成功，截图存放在：/Users/keen/PycharmProjects/app_automation_sh/output/screenshots/账单按钮_2020-01-12 13_31_55.png
 Sun, 12 Jan 2020 13:32:05  INFO basepage.py wait_ele_visible [ line:42 ] 等待 登录页_等待用户名元素可见  元素  ('id', 'com.cashier.jiutongshanghu:id/ed_login_phone') 可见成功。耗时：0:00:01.919171
 Sun, 12 Jan 2020 13:32:06  INFO basepage.py wait_ele_visible [ line:42 ] 等待 登录页_输入用户名  元素  ('id', 'com.cashier.jiutongshanghu:id/ed_login_phone') 可见成功。耗时：0:00:00.266259
 Sun, 12 Jan 2020 13:32:06  INFO basepage.py get_element [ line:79 ] 查找  登录页_输入用户名 元素 ('id', 'com.cashier.jiutongshanghu:id/ed_login_phone') 成功
 Sun, 12 Jan 2020 13:32:06  INFO basepage.py input_text [ line:148 ] 在 登录页_输入用户名 元素 ('id', 'com.cashier.jiutongshanghu:id/ed_login_phone') 上输入文本值：18971335952 成功！
 Sun, 12 Jan 2020 13:32:07  INFO basepage.py wait_ele_visible [ line:42 ] 等待 登录页_输入密码  元素  ('id', 'com.cashier.jiutongshanghu:id/ed_login_password') 可见成功。耗时：0:00:00.631114
 Sun, 12 Jan 2020 13:32:07  INFO basepage.py get_element [ line:79 ] 查找  登录页_输入密码 元素 ('id', 'com.cashier.jiutongshanghu:id/ed_login_password') 成功
 Sun, 12 Jan 2020 13:32:07  INFO basepage.py input_text [ line:148 ] 在 登录页_输入密码 元素 ('id', 'com.cashier.jiutongshanghu:id/ed_login_password') 上输入文本值：123456 成功！
 Sun, 12 Jan 2020 13:32:08  INFO basepage.py wait_ele_visible [ line:42 ] 等待 登录页_点击登录按钮  元素  ('id', 'com.cashier.jiutongshanghu:id/but_login') 可见成功。耗时：0:00:00.601648
 Sun, 12 Jan 2020 13:32:08  INFO basepage.py get_element [ line:79 ] 查找  登录页_点击登录按钮 元素 ('id', 'com.cashier.jiutongshanghu:id/but_login') 成功
 Sun, 12 Jan 2020 13:32:08  INFO basepage.py click_element [ line:121 ] 点击  登录页_点击登录按钮 元素 ('id', 'com.cashier.jiutongshanghu:id/but_login') 成功！
 Sun, 12 Jan 2020 13:32:16  ERROR basepage.py wait_ele_visible [ line:36 ] 等待元素 ('-android uiautomator', 'new UiSelector().text("账单")') 可见 失败！
Traceback (most recent call last):
  File "/Users/keen/PycharmProjects/app_automation_sh/common/basepage.py", line 33, in wait_ele_visible
    WebDriverWait(self.driver, timeout, frequency).until(ec.visibility_of_element_located(loc))
  File "/Library/Frameworks/Python.framework/Versions/3.8/lib/python3.8/site-packages/selenium/webdriver/support/wait.py", line 77, in until
    time.sleep(self._poll)
KeyboardInterrupt
 Sun, 12 Jan 2020 13:32:17  INFO basepage.py save_img [ line:202 ] 截图成功，截图存放在：/Users/keen/PycharmProjects/app_automation_sh/output/screenshots/账单按钮_2020-01-12 13_32_16.png
