 Tue, 21 Jan 2020 15:32:18  INFO orderbook_data.py composite_data [ line:166 ] 测试数据: [{'login_phone': '18971335925', 'login_pwd': '335925', 'main_store_name': '吉野家日式料理店', 'store_name': None, 'store_id': None, 'time_desc': '本月', 'time_start': None, 'time_end': None, 'terminal_type': '全部终端', 'terminal_name': None, 'terminal_id': None, 'type_source': '全部', 'status': '全部订单'}, {'login_phone': '18971335925', 'login_pwd': '335925', 'main_store_name': '吉野家日式料理店', 'store_name': None, 'store_id': None, 'time_desc': '本月', 'time_start': None, 'time_end': None, 'terminal_type': '全部终端', 'terminal_name': None, 'terminal_id': None, 'type_source': '全部', 'status': '支付成功'}, {'login_phone': '18971335925', 'login_pwd': '335925', 'main_store_name': '吉野家日式料理店', 'store_name': None, 'store_id': None, 'time_desc': '本月', 'time_start': None, 'time_end': None, 'terminal_type': '全部终端', 'terminal_name': None, 'terminal_id': None, 'type_source': '全部', 'status': '退款成功'}]
 Tue, 21 Jan 2020 15:32:18  INFO orderbook_data.py composite_data [ line:167 ] 账单筛选测试数据量: 3
 Tue, 21 Jan 2020 15:32:36  INFO basepage.py wait_ele_visible [ line:42 ] 等待 登录页_等待用户名元素可见  元素  ('id', 'com.cashier.jiutongshanghu:id/ed_login_phone') 可见成功。耗时：0:00:03.662608
 Tue, 21 Jan 2020 15:32:36  INFO basepage.py wait_ele_visible [ line:42 ] 等待 登录页_输入用户名  元素  ('id', 'com.cashier.jiutongshanghu:id/ed_login_phone') 可见成功。耗时：0:00:00.098740
 Tue, 21 Jan 2020 15:32:37  INFO basepage.py get_element [ line:79 ] 查找  登录页_输入用户名 元素 ('id', 'com.cashier.jiutongshanghu:id/ed_login_phone') 成功
 Tue, 21 Jan 2020 15:32:37  INFO basepage.py input_text [ line:148 ] 在 登录页_输入用户名 元素 ('id', 'com.cashier.jiutongshanghu:id/ed_login_phone') 上输入文本值：18971335925 成功！
 Tue, 21 Jan 2020 15:32:38  INFO basepage.py wait_ele_visible [ line:42 ] 等待 登录页_输入密码  元素  ('id', 'com.cashier.jiutongshanghu:id/ed_login_password') 可见成功。耗时：0:00:00.786160
 Tue, 21 Jan 2020 15:32:38  INFO basepage.py get_element [ line:79 ] 查找  登录页_输入密码 元素 ('id', 'com.cashier.jiutongshanghu:id/ed_login_password') 成功
 Tue, 21 Jan 2020 15:32:39  INFO basepage.py input_text [ line:148 ] 在 登录页_输入密码 元素 ('id', 'com.cashier.jiutongshanghu:id/ed_login_password') 上输入文本值：335925 成功！
 Tue, 21 Jan 2020 15:32:40  INFO basepage.py wait_ele_visible [ line:42 ] 等待 登录页_点击登录按钮  元素  ('id', 'com.cashier.jiutongshanghu:id/but_login') 可见成功。耗时：0:00:00.513451
 Tue, 21 Jan 2020 15:32:40  INFO basepage.py get_element [ line:79 ] 查找  登录页_点击登录按钮 元素 ('id', 'com.cashier.jiutongshanghu:id/but_login') 成功
 Tue, 21 Jan 2020 15:32:40  INFO basepage.py click_element [ line:121 ] 点击  登录页_点击登录按钮 元素 ('id', 'com.cashier.jiutongshanghu:id/but_login') 成功！
 Tue, 21 Jan 2020 15:32:42  INFO basepage.py wait_ele_visible [ line:42 ] 等待 账单按钮  元素  ('-android uiautomator', 'new UiSelector().text("账单")') 可见成功。耗时：0:00:00.391902
 Tue, 21 Jan 2020 15:32:42  INFO basepage.py wait_ele_visible [ line:42 ] 等待 账单按钮  元素  ('-android uiautomator', 'new UiSelector().text("账单")') 可见成功。耗时：0:00:00.166880
 Tue, 21 Jan 2020 15:32:42  INFO basepage.py get_element [ line:79 ] 查找  账单按钮 元素 ('-android uiautomator', 'new UiSelector().text("账单")') 成功
 Tue, 21 Jan 2020 15:32:44  INFO basepage.py click_element [ line:121 ] 点击  账单按钮 元素 ('-android uiautomator', 'new UiSelector().text("账单")') 成功！
 Tue, 21 Jan 2020 15:32:46  INFO basepage.py wait_ele_visible [ line:42 ] 等待 筛选按钮  元素  ('id', 'com.cashier.jiutongshanghu:id/tv_title_zhangdan') 可见成功。耗时：0:00:00.416905
 Tue, 21 Jan 2020 15:32:46  INFO basepage.py wait_ele_visible [ line:42 ] 等待 筛选按钮  元素  ('id', 'com.cashier.jiutongshanghu:id/tv_title_zhangdan') 可见成功。耗时：0:00:00.568057
 Tue, 21 Jan 2020 15:32:47  INFO basepage.py get_element [ line:79 ] 查找  筛选按钮 元素 ('id', 'com.cashier.jiutongshanghu:id/tv_title_zhangdan') 成功
 Tue, 21 Jan 2020 15:32:47  INFO basepage.py click_element [ line:121 ] 点击  筛选按钮 元素 ('id', 'com.cashier.jiutongshanghu:id/tv_title_zhangdan') 成功！
 Tue, 21 Jan 2020 15:32:48  INFO basepage.py wait_ele_visible [ line:42 ] 等待 时间描述-->本月  元素  ('-android uiautomator', 'new UiSelector().text("本月")') 可见成功。耗时：0:00:00.977499
 Tue, 21 Jan 2020 15:32:48  INFO basepage.py wait_ele_visible [ line:42 ] 等待 时间描述-->本月  元素  ('-android uiautomator', 'new UiSelector().text("本月")') 可见成功。耗时：0:00:00.121224
 Tue, 21 Jan 2020 15:32:48  INFO basepage.py get_element [ line:79 ] 查找  时间描述-->本月 元素 ('-android uiautomator', 'new UiSelector().text("本月")') 成功
 Tue, 21 Jan 2020 15:32:49  INFO basepage.py click_element [ line:121 ] 点击  时间描述-->本月 元素 ('-android uiautomator', 'new UiSelector().text("本月")') 成功！
 Tue, 21 Jan 2020 15:32:49  INFO basepage.py wait_ele_visible [ line:42 ] 等待 开始时间  元素  ('id', 'com.cashier.jiutongshanghu:id/nct_start_time') 可见成功。耗时：0:00:00.084290
 Tue, 21 Jan 2020 15:32:49  INFO basepage.py wait_ele_exists [ line:57 ] 等待 开始时间  元素  ('id', 'com.cashier.jiutongshanghu:id/nct_start_time') 存在成功。耗时：0:00:00.050104
 Tue, 21 Jan 2020 15:32:49  INFO basepage.py get_element [ line:79 ] 查找  开始时间 元素 ('id', 'com.cashier.jiutongshanghu:id/nct_start_time') 成功
 Tue, 21 Jan 2020 15:32:49  INFO basepage.py get_text [ line:185 ] 获取 开始时间 元素 ('id', 'com.cashier.jiutongshanghu:id/nct_start_time') 的文本值为:2020-01-01 00:00
 Tue, 21 Jan 2020 15:32:49  INFO basepage.py wait_ele_visible [ line:42 ] 等待 结束时间  元素  ('id', 'com.cashier.jiutongshanghu:id/nct_end_time') 可见成功。耗时：0:00:00.065203
 Tue, 21 Jan 2020 15:32:49  INFO basepage.py wait_ele_exists [ line:57 ] 等待 结束时间  元素  ('id', 'com.cashier.jiutongshanghu:id/nct_end_time') 存在成功。耗时：0:00:00.069526
 Tue, 21 Jan 2020 15:32:49  INFO basepage.py get_element [ line:79 ] 查找  结束时间 元素 ('id', 'com.cashier.jiutongshanghu:id/nct_end_time') 成功
 Tue, 21 Jan 2020 15:32:49  INFO basepage.py get_text [ line:185 ] 获取 结束时间 元素 ('id', 'com.cashier.jiutongshanghu:id/nct_end_time') 的文本值为:2020-01-21 15:32
 Tue, 21 Jan 2020 15:32:50  INFO basepage.py wait_ele_visible [ line:42 ] 等待 支付方式 全部 按钮  元素  ('-android uiautomator', 'new UiSelector().resourceId("com.cashier.jiutongshanghu:id/tv_state").text("全部")') 可见成功。耗时：0:00:01.003123
 Tue, 21 Jan 2020 15:32:51  INFO basepage.py wait_ele_visible [ line:42 ] 等待 支付方式 全部 按钮  元素  ('-android uiautomator', 'new UiSelector().resourceId("com.cashier.jiutongshanghu:id/tv_state").text("全部")') 可见成功。耗时：0:00:00.606511
 Tue, 21 Jan 2020 15:32:51  INFO basepage.py get_element [ line:79 ] 查找  支付方式 全部 按钮 元素 ('-android uiautomator', 'new UiSelector().resourceId("com.cashier.jiutongshanghu:id/tv_state").text("全部")') 成功
 Tue, 21 Jan 2020 15:32:51  INFO basepage.py click_element [ line:121 ] 点击  支付方式 全部 按钮 元素 ('-android uiautomator', 'new UiSelector().resourceId("com.cashier.jiutongshanghu:id/tv_state").text("全部")') 成功！
 Tue, 21 Jan 2020 15:32:51  INFO basepage.py wait_ele_visible [ line:42 ] 等待 支付状态 全部订单 按钮  元素  ('-android uiautomator', 'new UiSelector().resourceId("com.cashier.jiutongshanghu:id/tv_state").text("全部订单")') 可见成功。耗时：0:00:00.119539
 Tue, 21 Jan 2020 15:32:52  INFO basepage.py wait_ele_visible [ line:42 ] 等待 支付状态 全部订单 按钮  元素  ('-android uiautomator', 'new UiSelector().resourceId("com.cashier.jiutongshanghu:id/tv_state").text("全部订单")') 可见成功。耗时：0:00:00.099079
 Tue, 21 Jan 2020 15:32:52  INFO basepage.py get_element [ line:79 ] 查找  支付状态 全部订单 按钮 元素 ('-android uiautomator', 'new UiSelector().resourceId("com.cashier.jiutongshanghu:id/tv_state").text("全部订单")') 成功
 Tue, 21 Jan 2020 15:32:52  INFO basepage.py click_element [ line:121 ] 点击  支付状态 全部订单 按钮 元素 ('-android uiautomator', 'new UiSelector().resourceId("com.cashier.jiutongshanghu:id/tv_state").text("全部订单")') 成功！
 Tue, 21 Jan 2020 15:32:52  INFO basepage.py wait_ele_visible [ line:42 ] 等待 筛选界面的确定按钮  元素  ('id', 'com.cashier.jiutongshanghu:id/nct_confirm') 可见成功。耗时：0:00:00.125966
 Tue, 21 Jan 2020 15:32:53  INFO basepage.py wait_ele_visible [ line:42 ] 等待 筛选界面的确定按钮  元素  ('id', 'com.cashier.jiutongshanghu:id/nct_confirm') 可见成功。耗时：0:00:00.112890
 Tue, 21 Jan 2020 15:32:53  INFO basepage.py get_element [ line:79 ] 查找  筛选界面的确定按钮 元素 ('id', 'com.cashier.jiutongshanghu:id/nct_confirm') 成功
 Tue, 21 Jan 2020 15:32:53  INFO basepage.py click_element [ line:121 ] 点击  筛选界面的确定按钮 元素 ('id', 'com.cashier.jiutongshanghu:id/nct_confirm') 成功！
 Tue, 21 Jan 2020 15:32:55  INFO basepage.py wait_ele_visible [ line:42 ] 等待 筛选结果中的起始时间  元素  ('id', 'com.cashier.jiutongshanghu:id/tv_filter_time') 可见成功。耗时：0:00:00.101515
 Tue, 21 Jan 2020 15:32:55  INFO basepage.py wait_ele_exists [ line:57 ] 等待 筛选结果中的起始时间  元素  ('id', 'com.cashier.jiutongshanghu:id/tv_filter_time') 存在成功。耗时：0:00:00.053782
 Tue, 21 Jan 2020 15:32:55  INFO basepage.py get_element [ line:79 ] 查找  筛选结果中的起始时间 元素 ('id', 'com.cashier.jiutongshanghu:id/tv_filter_time') 成功
 Tue, 21 Jan 2020 15:32:55  INFO basepage.py get_text [ line:185 ] 获取 筛选结果中的起始时间 元素 ('id', 'com.cashier.jiutongshanghu:id/tv_filter_time') 的文本值为:2020-01-01 00:00 - 2020-01-21 15:32
 Tue, 21 Jan 2020 15:32:55  INFO orderbook_page.py screen_order [ line:628 ] 筛选结果中的开始时间为-->2020-01-01 00:00
 Tue, 21 Jan 2020 15:32:55  INFO orderbook_page.py screen_order [ line:630 ] 筛选结果中的结束时间为-->2020-01-21 15:32
 Tue, 21 Jan 2020 15:32:56  INFO basepage.py wait_ele_visible [ line:42 ] 等待 筛选结果中的门店名称  元素  ('id', 'com.cashier.jiutongshanghu:id/tv_mendian_select') 可见成功。耗时：0:00:00.601607
 Tue, 21 Jan 2020 15:32:56  INFO basepage.py wait_ele_exists [ line:57 ] 等待 筛选结果中的门店名称  元素  ('id', 'com.cashier.jiutongshanghu:id/tv_mendian_select') 存在成功。耗时：0:00:00.066461
 Tue, 21 Jan 2020 15:32:56  INFO basepage.py get_element [ line:79 ] 查找  筛选结果中的门店名称 元素 ('id', 'com.cashier.jiutongshanghu:id/tv_mendian_select') 成功
 Tue, 21 Jan 2020 15:32:56  INFO basepage.py get_text [ line:185 ] 获取 筛选结果中的门店名称 元素 ('id', 'com.cashier.jiutongshanghu:id/tv_mendian_select') 的文本值为:全部门店
 Tue, 21 Jan 2020 15:32:56  INFO basepage.py wait_ele_visible [ line:42 ] 等待 筛选结果中的支付方式  元素  ('id', 'com.cashier.jiutongshanghu:id/tv_pay_way') 可见成功。耗时：0:00:00.099181
 Tue, 21 Jan 2020 15:32:56  INFO basepage.py wait_ele_exists [ line:57 ] 等待 筛选结果中的支付方式  元素  ('id', 'com.cashier.jiutongshanghu:id/tv_pay_way') 存在成功。耗时：0:00:00.069791
 Tue, 21 Jan 2020 15:32:56  INFO basepage.py get_element [ line:79 ] 查找  筛选结果中的支付方式 元素 ('id', 'com.cashier.jiutongshanghu:id/tv_pay_way') 成功
 Tue, 21 Jan 2020 15:32:56  INFO basepage.py get_text [ line:185 ] 获取 筛选结果中的支付方式 元素 ('id', 'com.cashier.jiutongshanghu:id/tv_pay_way') 的文本值为:全部
 Tue, 21 Jan 2020 15:32:56  INFO basepage.py wait_ele_visible [ line:42 ] 等待 筛选结果中的收款笔数  元素  ('id', 'com.cashier.jiutongshanghu:id/tv_success_count') 可见成功。耗时：0:00:00.085138
 Tue, 21 Jan 2020 15:32:56  INFO basepage.py wait_ele_exists [ line:57 ] 等待 筛选结果中的收款笔数  元素  ('id', 'com.cashier.jiutongshanghu:id/tv_success_count') 存在成功。耗时：0:00:00.069923
 Tue, 21 Jan 2020 15:32:56  INFO basepage.py get_element [ line:79 ] 查找  筛选结果中的收款笔数 元素 ('id', 'com.cashier.jiutongshanghu:id/tv_success_count') 成功
 Tue, 21 Jan 2020 15:32:56  INFO basepage.py get_text [ line:185 ] 获取 筛选结果中的收款笔数 元素 ('id', 'com.cashier.jiutongshanghu:id/tv_success_count') 的文本值为:41
 Tue, 21 Jan 2020 15:32:56  INFO basepage.py wait_ele_visible [ line:42 ] 等待 筛选结果中的退款笔数  元素  ('id', 'com.cashier.jiutongshanghu:id/tv_refund_count') 可见成功。耗时：0:00:00.090764
 Tue, 21 Jan 2020 15:32:56  INFO basepage.py wait_ele_exists [ line:57 ] 等待 筛选结果中的退款笔数  元素  ('id', 'com.cashier.jiutongshanghu:id/tv_refund_count') 存在成功。耗时：0:00:00.061989
 Tue, 21 Jan 2020 15:32:56  INFO basepage.py get_element [ line:79 ] 查找  筛选结果中的退款笔数 元素 ('id', 'com.cashier.jiutongshanghu:id/tv_refund_count') 成功
 Tue, 21 Jan 2020 15:32:56  INFO basepage.py get_text [ line:185 ] 获取 筛选结果中的退款笔数 元素 ('id', 'com.cashier.jiutongshanghu:id/tv_refund_count') 的文本值为:21
 Tue, 21 Jan 2020 15:32:57  INFO basepage.py wait_ele_visible [ line:42 ] 等待 筛选结果中的收银终端  元素  ('id', 'com.cashier.jiutongshanghu:id/tv_receive_people') 可见成功。耗时：0:00:00.082036
 Tue, 21 Jan 2020 15:32:57  INFO basepage.py wait_ele_exists [ line:57 ] 等待 筛选结果中的收银终端  元素  ('id', 'com.cashier.jiutongshanghu:id/tv_receive_people') 存在成功。耗时：0:00:00.064640
 Tue, 21 Jan 2020 15:32:57  INFO basepage.py get_element [ line:79 ] 查找  筛选结果中的收银终端 元素 ('id', 'com.cashier.jiutongshanghu:id/tv_receive_people') 成功
 Tue, 21 Jan 2020 15:32:57  INFO basepage.py get_text [ line:185 ] 获取 筛选结果中的收银终端 元素 ('id', 'com.cashier.jiutongshanghu:id/tv_receive_people') 的文本值为:全部终端
 Tue, 21 Jan 2020 15:32:57  INFO basepage.py wait_ele_visible [ line:42 ] 等待 筛选结果中的支付状态  元素  ('id', 'com.cashier.jiutongshanghu:id/tv_pay_status') 可见成功。耗时：0:00:00.069170
 Tue, 21 Jan 2020 15:32:57  INFO basepage.py wait_ele_exists [ line:57 ] 等待 筛选结果中的支付状态  元素  ('id', 'com.cashier.jiutongshanghu:id/tv_pay_status') 存在成功。耗时：0:00:00.047808
 Tue, 21 Jan 2020 15:32:57  INFO basepage.py get_element [ line:79 ] 查找  筛选结果中的支付状态 元素 ('id', 'com.cashier.jiutongshanghu:id/tv_pay_status') 成功
 Tue, 21 Jan 2020 15:32:57  INFO basepage.py get_text [ line:185 ] 获取 筛选结果中的支付状态 元素 ('id', 'com.cashier.jiutongshanghu:id/tv_pay_status') 的文本值为:全部
 Tue, 21 Jan 2020 15:32:57  INFO basepage.py wait_ele_visible [ line:42 ] 等待 筛选结果中的收款金额  元素  ('id', 'com.cashier.jiutongshanghu:id/tv_success_money') 可见成功。耗时：0:00:00.072079
 Tue, 21 Jan 2020 15:32:57  INFO basepage.py wait_ele_exists [ line:57 ] 等待 筛选结果中的收款金额  元素  ('id', 'com.cashier.jiutongshanghu:id/tv_success_money') 存在成功。耗时：0:00:00.049666
 Tue, 21 Jan 2020 15:32:57  INFO basepage.py get_element [ line:79 ] 查找  筛选结果中的收款金额 元素 ('id', 'com.cashier.jiutongshanghu:id/tv_success_money') 成功
 Tue, 21 Jan 2020 15:32:57  INFO basepage.py get_text [ line:185 ] 获取 筛选结果中的收款金额 元素 ('id', 'com.cashier.jiutongshanghu:id/tv_success_money') 的文本值为:90.80
 Tue, 21 Jan 2020 15:32:57  INFO basepage.py wait_ele_visible [ line:42 ] 等待 筛选结果中的退款金额  元素  ('id', 'com.cashier.jiutongshanghu:id/tv_refund_money') 可见成功。耗时：0:00:00.069412
 Tue, 21 Jan 2020 15:32:57  INFO basepage.py wait_ele_exists [ line:57 ] 等待 筛选结果中的退款金额  元素  ('id', 'com.cashier.jiutongshanghu:id/tv_refund_money') 存在成功。耗时：0:00:00.055929
 Tue, 21 Jan 2020 15:32:57  INFO basepage.py get_element [ line:79 ] 查找  筛选结果中的退款金额 元素 ('id', 'com.cashier.jiutongshanghu:id/tv_refund_money') 成功
 Tue, 21 Jan 2020 15:32:57  INFO basepage.py get_text [ line:185 ] 获取 筛选结果中的退款金额 元素 ('id', 'com.cashier.jiutongshanghu:id/tv_refund_money') 的文本值为:62.93
 Tue, 21 Jan 2020 15:32:57  INFO basepage.py wait_ele_visible [ line:42 ] 等待 筛选结果的返回按钮  元素  ('id', 'com.cashier.jiutongshanghu:id/back_iv') 可见成功。耗时：0:00:00.055114
 Tue, 21 Jan 2020 15:32:58  INFO basepage.py wait_ele_visible [ line:42 ] 等待 筛选结果的返回按钮  元素  ('id', 'com.cashier.jiutongshanghu:id/back_iv') 可见成功。耗时：0:00:00.536081
 Tue, 21 Jan 2020 15:32:58  INFO basepage.py get_element [ line:79 ] 查找  筛选结果的返回按钮 元素 ('id', 'com.cashier.jiutongshanghu:id/back_iv') 成功
 Tue, 21 Jan 2020 15:32:58  INFO basepage.py click_element [ line:121 ] 点击  筛选结果的返回按钮 元素 ('id', 'com.cashier.jiutongshanghu:id/back_iv') 成功！
 Tue, 21 Jan 2020 15:32:59  INFO basepage.py wait_ele_visible [ line:42 ] 等待 账单列表的返回按钮  元素  ('id', 'com.cashier.jiutongshanghu:id/back_iv') 可见成功。耗时：0:00:01.299998
 Tue, 21 Jan 2020 15:32:59  INFO basepage.py wait_ele_visible [ line:42 ] 等待 账单列表的返回按钮  元素  ('id', 'com.cashier.jiutongshanghu:id/back_iv') 可见成功。耗时：0:00:00.060363
 Tue, 21 Jan 2020 15:32:59  INFO basepage.py get_element [ line:79 ] 查找  账单列表的返回按钮 元素 ('id', 'com.cashier.jiutongshanghu:id/back_iv') 成功
 Tue, 21 Jan 2020 15:32:59  INFO basepage.py click_element [ line:121 ] 点击  账单列表的返回按钮 元素 ('id', 'com.cashier.jiutongshanghu:id/back_iv') 成功！
 Tue, 21 Jan 2020 15:33:02  INFO basepage.py wait_ele_visible [ line:42 ] 等待 首页_等待 我的 元素可见  元素  ('id', 'com.cashier.jiutongshanghu:id/iv_tab_icon') 可见成功。耗时：0:00:02.590792
 Tue, 21 Jan 2020 15:33:02  INFO basepage.py get_element [ line:79 ] 查找  首页_等待 我的 元素可见 元素 ('id', 'com.cashier.jiutongshanghu:id/iv_tab_icon') 成功
 Tue, 21 Jan 2020 15:33:03  INFO basepage.py wait_ele_visible [ line:42 ] 等待 我的页_等待 设置 元素可见  元素  ('-android uiautomator', 'new UiSelector().resourceId("com.cashier.jiutongshanghu:id/tv_setting")') 可见成功。耗时：0:00:00.833379
 Tue, 21 Jan 2020 15:33:04  INFO basepage.py wait_ele_visible [ line:42 ] 等待 我的页_设置按钮  元素  ('-android uiautomator', 'new UiSelector().resourceId("com.cashier.jiutongshanghu:id/tv_setting")') 可见成功。耗时：0:00:00.606295
 Tue, 21 Jan 2020 15:33:04  INFO basepage.py get_element [ line:79 ] 查找  我的页_设置按钮 元素 ('-android uiautomator', 'new UiSelector().resourceId("com.cashier.jiutongshanghu:id/tv_setting")') 成功
 Tue, 21 Jan 2020 15:33:05  INFO basepage.py click_element [ line:121 ] 点击  我的页_设置按钮 元素 ('-android uiautomator', 'new UiSelector().resourceId("com.cashier.jiutongshanghu:id/tv_setting")') 成功！
 Tue, 21 Jan 2020 15:33:05  INFO basepage.py wait_ele_visible [ line:42 ] 等待 设置页_等待 退出登录 元素可见  元素  ('id', 'com.cashier.jiutongshanghu:id/ll_loginout') 可见成功。耗时：0:00:00.079508
 Tue, 21 Jan 2020 15:33:05  INFO basepage.py wait_ele_visible [ line:42 ] 等待 设置页_退出登录按钮按钮  元素  ('id', 'com.cashier.jiutongshanghu:id/ll_loginout') 可见成功。耗时：0:00:00.064460
 Tue, 21 Jan 2020 15:33:05  INFO basepage.py get_element [ line:79 ] 查找  设置页_退出登录按钮按钮 元素 ('id', 'com.cashier.jiutongshanghu:id/ll_loginout') 成功
 Tue, 21 Jan 2020 15:33:05  INFO basepage.py click_element [ line:121 ] 点击  设置页_退出登录按钮按钮 元素 ('id', 'com.cashier.jiutongshanghu:id/ll_loginout') 成功！
 Tue, 21 Jan 2020 15:33:06  INFO basepage.py wait_ele_visible [ line:42 ] 等待 退出登录弹窗_等待 确定 元素可见  元素  ('id', 'com.cashier.jiutongshanghu:id/dialog_normal_rightbtn') 可见成功。耗时：0:00:01.205282
 Tue, 21 Jan 2020 15:33:06  INFO basepage.py wait_ele_visible [ line:42 ] 等待 退出登录弹窗_确定按钮  元素  ('id', 'com.cashier.jiutongshanghu:id/dialog_normal_rightbtn') 可见成功。耗时：0:00:00.043295
 Tue, 21 Jan 2020 15:33:06  INFO basepage.py get_element [ line:79 ] 查找  退出登录弹窗_确定按钮 元素 ('id', 'com.cashier.jiutongshanghu:id/dialog_normal_rightbtn') 成功
 Tue, 21 Jan 2020 15:33:07  INFO basepage.py click_element [ line:121 ] 点击  退出登录弹窗_确定按钮 元素 ('id', 'com.cashier.jiutongshanghu:id/dialog_normal_rightbtn') 成功！
 Tue, 21 Jan 2020 15:33:07  INFO http_request.py request [ line:64 ] 正在发送请求，请求地址：https://api.hczypay.com/api/merchant/login， 请求参数：{'phone': '18971335925', 'password': '335925', 'imei': '919dc52afd82279be4f9ff04288be30a9de665ff8fd68b437dbe93953b8e07c9', 'type': 'jg'}
 Tue, 21 Jan 2020 15:33:07  INFO tools.py get_token [ line:50 ] ===================================
 Tue, 21 Jan 2020 15:33:07  INFO tools.py get_token [ line:51 ] 登录请求地址--> https://api.hczypay.com/api/merchant/login
 Tue, 21 Jan 2020 15:33:07  INFO tools.py get_token [ line:52 ] 登录请求参数--> {'phone': '18971335925', 'password': '335925', 'imei': '919dc52afd82279be4f9ff04288be30a9de665ff8fd68b437dbe93953b8e07c9', 'type': 'jg'}
 Tue, 21 Jan 2020 15:33:07  INFO tools.py get_token [ line:53 ] 登录结果--> {'token': 'eyJ0eXAiOiJKV1QiLCJhbGciOiJIUzI1NiJ9.eyJpc3MiOiJodHRwczovL2FwaS5oY3p5cGF5LmNvbS9hcGkvbWVyY2hhbnQvbG9naW4iLCJpYXQiOjE1Nzk1OTE5ODcsImV4cCI6MTU4ODIzMTk4NywibmJmIjoxNTc5NTkxOTg3LCJqdGkiOiJmMWVlM2E0OWI1OTkzOWE4NjQ5MjlhZWQzOTg1YTIxZSIsInN1YiI6eyJpZCI6MTU0NDQsInVzZXJfaWQiOjE3MDMsIm1lcmNoYW50X2lkIjpudWxsLCJuYW1lIjoiMTg5NzEzMzU5MjUiLCJwaG9uZSI6IjE4OTcxMzM1OTI1IiwidHlwZSI6Im1lcmNoYW50IiwibWVyY2hhbnRfdHlwZSI6MiwicGlkIjowLCJpbWVpIjoiIiwibW9uZXkiOiIwLjAwIiwiY29uZmlnX2lkIjoiMTIzIiwic3RvcmVfaWQiOiIyMDE5MTIxNzE2MjYxNzgyMjIyIiwiTWVyY2hhbnRJZCI6IiIsImxvZ28iOm51bGx9fQ.Zu-SfXGYSmRLhhokOaAeYr-ku7EFJgjyJ8eIu4AkGYo', 'imei': '919dc52afd82279be4f9ff04288be30a9de665ff8fd68b437dbe93953b8e07c9', 'mtype': 'jg', 'type': '2'}
 Tue, 21 Jan 2020 15:33:07  INFO http_request.py request [ line:64 ] 正在发送请求，请求地址：https://api.hczypay.com/api/merchant/logout， 请求参数：{'phone': '18971335925', 'imei': '919dc52afd82279be4f9ff04288be30a9de665ff8fd68b437dbe93953b8e07c9', 'token': 'eyJ0eXAiOiJKV1QiLCJhbGciOiJIUzI1NiJ9.eyJpc3MiOiJodHRwczovL2FwaS5oY3p5cGF5LmNvbS9hcGkvbWVyY2hhbnQvbG9naW4iLCJpYXQiOjE1Nzk1OTE5ODcsImV4cCI6MTU4ODIzMTk4NywibmJmIjoxNTc5NTkxOTg3LCJqdGkiOiJmMWVlM2E0OWI1OTkzOWE4NjQ5MjlhZWQzOTg1YTIxZSIsInN1YiI6eyJpZCI6MTU0NDQsInVzZXJfaWQiOjE3MDMsIm1lcmNoYW50X2lkIjpudWxsLCJuYW1lIjoiMTg5NzEzMzU5MjUiLCJwaG9uZSI6IjE4OTcxMzM1OTI1IiwidHlwZSI6Im1lcmNoYW50IiwibWVyY2hhbnRfdHlwZSI6MiwicGlkIjowLCJpbWVpIjoiIiwibW9uZXkiOiIwLjAwIiwiY29uZmlnX2lkIjoiMTIzIiwic3RvcmVfaWQiOiIyMDE5MTIxNzE2MjYxNzgyMjIyIiwiTWVyY2hhbnRJZCI6IiIsImxvZ28iOm51bGx9fQ.Zu-SfXGYSmRLhhokOaAeYr-ku7EFJgjyJ8eIu4AkGYo'}
 Tue, 21 Jan 2020 15:33:07  INFO tools.py logout [ line:67 ] 退出登录结果--> {'status': 1, 'msg': '操作成功', 'data': []}
 Tue, 21 Jan 2020 15:33:08  INFO http_request.py request [ line:64 ] 正在发送请求，请求地址：https://api.hczypay.com/api/merchant/billList， 请求参数：{'page': '1', 'terminalName': '全部终端', 'terminal': '', 'time_start': '2020-01-01 00:00', 'time_end': '2020-01-21 15:32', 'type_source': '', 'token': 'eyJ0eXAiOiJKV1QiLCJhbGciOiJIUzI1NiJ9.eyJpc3MiOiJodHRwczovL2FwaS5oY3p5cGF5LmNvbS9hcGkvbWVyY2hhbnQvbG9naW4iLCJpYXQiOjE1Nzk1OTE5ODcsImV4cCI6MTU4ODIzMTk4NywibmJmIjoxNTc5NTkxOTg3LCJqdGkiOiJmMWVlM2E0OWI1OTkzOWE4NjQ5MjlhZWQzOTg1YTIxZSIsInN1YiI6eyJpZCI6MTU0NDQsInVzZXJfaWQiOjE3MDMsIm1lcmNoYW50X2lkIjpudWxsLCJuYW1lIjoiMTg5NzEzMzU5MjUiLCJwaG9uZSI6IjE4OTcxMzM1OTI1IiwidHlwZSI6Im1lcmNoYW50IiwibWVyY2hhbnRfdHlwZSI6MiwicGlkIjowLCJpbWVpIjoiIiwibW9uZXkiOiIwLjAwIiwiY29uZmlnX2lkIjoiMTIzIiwic3RvcmVfaWQiOiIyMDE5MTIxNzE2MjYxNzgyMjIyIiwiTWVyY2hhbnRJZCI6IiIsImxvZ28iOm51bGx9fQ.Zu-SfXGYSmRLhhokOaAeYr-ku7EFJgjyJ8eIu4AkGYo', 'storeName': '指定门店', 'store_id': None, 'status': ''}
 Tue, 21 Jan 2020 15:33:08  INFO api_screen_orderbook.py api_my_order_book [ line:62 ] ======================================
 Tue, 21 Jan 2020 15:33:08  INFO api_screen_orderbook.py api_my_order_book [ line:63 ] 账单筛选请求地址--> https://api.hczypay.com/api/merchant/billList
 Tue, 21 Jan 2020 15:33:08  INFO api_screen_orderbook.py api_my_order_book [ line:64 ] 账单筛选请求参数--> {'page': '1', 'terminalName': '全部终端', 'terminal': '', 'time_start': '2020-01-01 00:00', 'time_end': '2020-01-21 15:32', 'type_source': '', 'token': 'eyJ0eXAiOiJKV1QiLCJhbGciOiJIUzI1NiJ9.eyJpc3MiOiJodHRwczovL2FwaS5oY3p5cGF5LmNvbS9hcGkvbWVyY2hhbnQvbG9naW4iLCJpYXQiOjE1Nzk1OTE5ODcsImV4cCI6MTU4ODIzMTk4NywibmJmIjoxNTc5NTkxOTg3LCJqdGkiOiJmMWVlM2E0OWI1OTkzOWE4NjQ5MjlhZWQzOTg1YTIxZSIsInN1YiI6eyJpZCI6MTU0NDQsInVzZXJfaWQiOjE3MDMsIm1lcmNoYW50X2lkIjpudWxsLCJuYW1lIjoiMTg5NzEzMzU5MjUiLCJwaG9uZSI6IjE4OTcxMzM1OTI1IiwidHlwZSI6Im1lcmNoYW50IiwibWVyY2hhbnRfdHlwZSI6MiwicGlkIjowLCJpbWVpIjoiIiwibW9uZXkiOiIwLjAwIiwiY29uZmlnX2lkIjoiMTIzIiwic3RvcmVfaWQiOiIyMDE5MTIxNzE2MjYxNzgyMjIyIiwiTWVyY2hhbnRJZCI6IiIsImxvZ28iOm51bGx9fQ.Zu-SfXGYSmRLhhokOaAeYr-ku7EFJgjyJ8eIu4AkGYo', 'storeName': '指定门店', 'store_id': None, 'status': ''}
 Tue, 21 Jan 2020 15:33:08  INFO api_screen_orderbook.py api_my_order_book [ line:65 ] 账单筛选返回结果--> {'status': 1, 'msg': '操作成功', 'data': {'per_page': '10', 'current_page': '1', 'data': [{'id': '2153670', 'out_trade_no': '200119162036822227228894', 'trade_no': '200119114931822227223809', 'total_amount': '10.11', 'pay_status': '3', 'type_source': 'weixin', 'success_at': '2020-01-19 16:20:38', 'created_at': '2020-01-19 16:20:36', 'date': '2020-01-19', 'year': '2020', 'month': '1', 'day': '19', 'merchant_id': '15444', 'store_id': '2019121716261782222', 'type_desc': '微信支付', 'remark': '', 'device_id': '', 'device_type': '', 'type_id': '1', 'store': {'store_short_name': '吉野家日式料理店', 'store_id': '2019121716261782222'}, 'merchant': {'id': '15444', 'name': '18971335925'}, 'terminal': '其他', 'pay_status_desc': '退款成功', 'type_source_desc': '微信', 'device_name': '', 'success_amount': '10.12', 'success_count': '1', 'refund_sum_amount': '10.11', 'refund_sum_count': '1'}, {'id': '2117789', 'out_trade_no': '200119114931822227223809', 'trade_no': '20200119114931021616', 'total_amount': '10.12', 'pay_status': '1', 'type_source': 'weixin', 'success_at': '2020-01-19 11:49:31', 'created_at': '2020-01-19 11:49:31', 'date': '2020-01-19', 'year': '2020', 'month': '1', 'day': '19', 'merchant_id': '15444', 'store_id': '2019121716261782222', 'type_desc': '微信支付', 'remark': 'xcx_menu_pay', 'device_id': '', 'device_type': '', 'type_id': '0', 'store': {'store_short_name': '吉野家日式料理店', 'store_id': '2019121716261782222'}, 'merchant': {'id': '15444', 'name': '18971335925'}, 'terminal': '其他', 'pay_status_desc': '支付成功', 'type_source_desc': '微信', 'device_name': '', 'success_amount': '10.12', 'success_count': '1', 'refund_sum_amount': '10.11', 'refund_sum_count': '1'}, {'id': '1795322', 'out_trade_no': '200116131340822227228312', 'trade_no': '20200116131341098819', 'total_amount': '0.01', 'pay_status': '1', 'type_source': 'weixin', 'success_at': '2020-01-16 13:13:42', 'created_at': '2020-01-16 13:13:40', 'date': '2020-01-16', 'year': '2020', 'month': '1', 'day': '16', 'merchant_id': '15444', 'store_id': '2019121716261782222', 'type_desc': '微信支付', 'remark': '', 'device_id': '', 'device_type': 'ios', 'type_id': '1', 'store': {'store_short_name': '吉野家日式料理店', 'store_id': '2019121716261782222'}, 'merchant': {'id': '15444', 'name': '18971335925'}, 'terminal': '其他', 'pay_status_desc': '支付成功', 'type_source_desc': '微信', 'device_name': '', 'success_amount': '36.99', 'success_count': '9', 'refund_sum_amount': '22.05', 'refund_sum_count': '5'}, {'id': '1773277', 'out_trade_no': '200116095959822227222380', 'trade_no': '200116095311822227227536', 'total_amount': '2.55', 'pay_status': '3', 'type_source': 'weixin', 'success_at': '2020-01-16 10:00:01', 'created_at': '2020-01-16 09:59:59', 'date': '2020-01-16', 'year': '2020', 'month': '1', 'day': '16', 'merchant_id': '15444', 'store_id': '2019121716261782222', 'type_desc': '微信支付', 'remark': '', 'device_id': '', 'device_type': '', 'type_id': '1', 'store': {'store_short_name': '吉野家日式料理店', 'store_id': '2019121716261782222'}, 'merchant': {'id': '15444', 'name': '18971335925'}, 'terminal': '其他', 'pay_status_desc': '退款成功', 'type_source_desc': '微信', 'device_name': '', 'success_amount': '36.99', 'success_count': '9', 'refund_sum_amount': '22.05', 'refund_sum_count': '5'}, {'id': '1773253', 'out_trade_no': '200116095944822227221928', 'trade_no': '200116094913822227222469', 'total_amount': '8.06', 'pay_status': '3', 'type_source': 'weixin', 'success_at': '2020-01-16 09:59:46', 'created_at': '2020-01-16 09:59:44', 'date': '2020-01-16', 'year': '2020', 'month': '1', 'day': '16', 'merchant_id': '15444', 'store_id': '2019121716261782222', 'type_desc': '微信支付', 'remark': '', 'device_id': '', 'device_type': '', 'type_id': '1', 'store': {'store_short_name': '吉野家日式料理店', 'store_id': '2019121716261782222'}, 'merchant': {'id': '15444', 'name': '18971335925'}, 'terminal': '其他', 'pay_status_desc': '退款成功', 'type_source_desc': '微信', 'device_name': '', 'success_amount': '36.99', 'success_count': '9', 'refund_sum_amount': '22.05', 'refund_sum_count': '5'}, {'id': '1772874', 'out_trade_no': '200116095526822227229637', 'trade_no': '20200116095526020079', 'total_amount': '1.56', 'pay_status': '1', 'type_source': 'weixin', 'success_at': '2020-01-16 09:55:26', 'created_at': '2020-01-16 09:55:26', 'date': '2020-01-16', 'year': '2020', 'month': '1', 'day': '16', 'merchant_id': '15444', 'store_id': '2019121716261782222', 'type_desc': '微信支付', 'remark': 'xcx_menu_pay', 'device_id': '', 'device_type': '', 'type_id': '0', 'store': {'store_short_name': '吉野家日式料理店', 'store_id': '2019121716261782222'}, 'merchant': {'id': '15444', 'name': '18971335925'}, 'terminal': '其他', 'pay_status_desc': '支付成功', 'type_source_desc': '微信', 'device_name': '', 'success_amount': '36.99', 'success_count': '9', 'refund_sum_amount': '22.05', 'refund_sum_count': '5'}, {'id': '1772692', 'out_trade_no': '200116095311822227227536', 'trade_no': '20200116095311009818', 'total_amount': '2.56', 'pay_status': '1', 'type_source': 'weixin', 'success_at': '2020-01-16 09:53:11', 'created_at': '2020-01-16 09:53:11', 'date': '2020-01-16', 'year': '2020', 'month': '1', 'day': '16', 'merchant_id': '15444', 'store_id': '2019121716261782222', 'type_desc': '微信支付', 'remark': 'xcx_menu_pay', 'device_id': '', 'device_type': '', 'type_id': '0', 'store': {'store_short_name': '吉野家日式料理店', 'store_id': '2019121716261782222'}, 'merchant': {'id': '15444', 'name': '18971335925'}, 'terminal': '其他', 'pay_status_desc': '支付成功', 'type_source_desc': '微信', 'device_name': '', 'success_amount': '36.99', 'success_count': '9', 'refund_sum_amount': '22.05', 'refund_sum_count': '5'}, {'id': '1772601', 'out_trade_no': '200116095216822227229433', 'trade_no': '20200116095216006988', 'total_amount': '2.06', 'pay_status': '1', 'type_source': 'weixin', 'success_at': '2020-01-16 09:52:16', 'created_at': '2020-01-16 09:52:16', 'date': '2020-01-16', 'year': '2020', 'month': '1', 'day': '16', 'merchant_id': '15444', 'store_id': '2019121716261782222', 'type_desc': '微信支付', 'remark': 'xcx_menu_pay', 'device_id': '', 'device_type': '', 'type_id': '0', 'store': {'store_short_name': '吉野家日式料理店', 'store_id': '2019121716261782222'}, 'merchant': {'id': '15444', 'name': '18971335925'}, 'terminal': '其他', 'pay_status_desc': '支付成功', 'type_source_desc': '微信', 'device_name': '', 'success_amount': '36.99', 'success_count': '9', 'refund_sum_amount': '22.05', 'refund_sum_count': '5'}, {'id': '1772398', 'out_trade_no': '200116095009822227228442', 'trade_no': '20200116095009000325', 'total_amount': '1.56', 'pay_status': '1', 'type_source': 'weixin', 'success_at': '2020-01-16 09:50:09', 'created_at': '2020-01-16 09:50:09', 'date': '2020-01-16', 'year': '2020', 'month': '1', 'day': '16', 'merchant_id': '15444', 'store_id': '2019121716261782222', 'type_desc': '微信支付', 'remark': 'xcx_menu_pay', 'device_id': '', 'device_type': '', 'type_id': '0', 'store': {'store_short_name': '吉野家日式料理店', 'store_id': '2019121716261782222'}, 'merchant': {'id': '15444', 'name': '18971335925'}, 'terminal': '其他', 'pay_status_desc': '支付成功', 'type_source_desc': '微信', 'device_name': '', 'success_amount': '36.99', 'success_count': '9', 'refund_sum_amount': '22.05', 'refund_sum_count': '5'}, {'id': '1772323', 'out_trade_no': '200116094913822227222469', 'trade_no': '20200116094914094404', 'total_amount': '8.06', 'pay_status': '1', 'type_source': 'weixin', 'success_at': '2020-01-16 09:49:14', 'created_at': '2020-01-16 09:49:13', 'date': '2020-01-16', 'year': '2020', 'month': '1', 'day': '16', 'merchant_id': '15444', 'store_id': '2019121716261782222', 'type_desc': '微信支付', 'remark': 'xcx_menu_pay', 'device_id': '', 'device_type': '', 'type_id': '0', 'store': {'store_short_name': '吉野家日式料理店', 'store_id': '2019121716261782222'}, 'merchant': {'id': '15444', 'name': '18971335925'}, 'terminal': '其他', 'pay_status_desc': '支付成功', 'type_source_desc': '微信', 'device_name': '', 'success_amount': '36.99', 'success_count': '9', 'refund_sum_amount': '22.05', 'refund_sum_count': '5'}], 'inquire': {'storeName': '全部门店', 'terminalName': '全部终端', 'timeStart': '2020-01-01 00:00', 'timeEnd': '2020-01-21 15:32', 'typeSource': '全部', 'orderStatus': '全部', 'success_amount': '90.80', 'success_count': '41', 'refund_amount': '62.93', 'refund_count': '21'}, 'is_today': '0', 'today_order_count': {'success_num': '0', 'success_amount': '0.00', 'refund_num': '0', 'refund_amount': '0.00'}}}
 Tue, 21 Jan 2020 15:33:08  INFO api_screen_orderbook.py api_my_order_book [ line:66 ] ======================================
 Tue, 21 Jan 2020 15:33:34  INFO basepage.py wait_ele_visible [ line:42 ] 等待 登录页_等待用户名元素可见  元素  ('id', 'com.cashier.jiutongshanghu:id/ed_login_phone') 可见成功。耗时：0:00:03.784545
 Tue, 21 Jan 2020 15:33:34  INFO basepage.py wait_ele_visible [ line:42 ] 等待 登录页_输入用户名  元素  ('id', 'com.cashier.jiutongshanghu:id/ed_login_phone') 可见成功。耗时：0:00:00.146152
 Tue, 21 Jan 2020 15:33:35  INFO basepage.py get_element [ line:79 ] 查找  登录页_输入用户名 元素 ('id', 'com.cashier.jiutongshanghu:id/ed_login_phone') 成功
 Tue, 21 Jan 2020 15:33:35  INFO basepage.py input_text [ line:148 ] 在 登录页_输入用户名 元素 ('id', 'com.cashier.jiutongshanghu:id/ed_login_phone') 上输入文本值：18971335925 成功！
 Tue, 21 Jan 2020 15:33:35  INFO basepage.py wait_ele_visible [ line:42 ] 等待 登录页_输入密码  元素  ('id', 'com.cashier.jiutongshanghu:id/ed_login_password') 可见成功。耗时：0:00:00.586731
 Tue, 21 Jan 2020 15:33:35  INFO basepage.py get_element [ line:79 ] 查找  登录页_输入密码 元素 ('id', 'com.cashier.jiutongshanghu:id/ed_login_password') 成功
 Tue, 21 Jan 2020 15:33:36  INFO basepage.py input_text [ line:148 ] 在 登录页_输入密码 元素 ('id', 'com.cashier.jiutongshanghu:id/ed_login_password') 上输入文本值：335925 成功！
 Tue, 21 Jan 2020 15:33:37  INFO basepage.py wait_ele_visible [ line:42 ] 等待 登录页_点击登录按钮  元素  ('id', 'com.cashier.jiutongshanghu:id/but_login') 可见成功。耗时：0:00:00.838783
 Tue, 21 Jan 2020 15:33:37  INFO basepage.py get_element [ line:79 ] 查找  登录页_点击登录按钮 元素 ('id', 'com.cashier.jiutongshanghu:id/but_login') 成功
 Tue, 21 Jan 2020 15:33:37  INFO basepage.py click_element [ line:121 ] 点击  登录页_点击登录按钮 元素 ('id', 'com.cashier.jiutongshanghu:id/but_login') 成功！
 Tue, 21 Jan 2020 15:33:39  INFO basepage.py wait_ele_visible [ line:42 ] 等待 账单按钮  元素  ('-android uiautomator', 'new UiSelector().text("账单")') 可见成功。耗时：0:00:00.218756
 Tue, 21 Jan 2020 15:33:39  INFO basepage.py wait_ele_visible [ line:42 ] 等待 账单按钮  元素  ('-android uiautomator', 'new UiSelector().text("账单")') 可见成功。耗时：0:00:00.169043
 Tue, 21 Jan 2020 15:33:39  INFO basepage.py get_element [ line:79 ] 查找  账单按钮 元素 ('-android uiautomator', 'new UiSelector().text("账单")') 成功
 Tue, 21 Jan 2020 15:33:42  INFO basepage.py click_element [ line:121 ] 点击  账单按钮 元素 ('-android uiautomator', 'new UiSelector().text("账单")') 成功！
 Tue, 21 Jan 2020 15:33:43  INFO basepage.py wait_ele_visible [ line:42 ] 等待 筛选按钮  元素  ('id', 'com.cashier.jiutongshanghu:id/tv_title_zhangdan') 可见成功。耗时：0:00:00.114679
 Tue, 21 Jan 2020 15:33:44  INFO basepage.py wait_ele_visible [ line:42 ] 等待 筛选按钮  元素  ('id', 'com.cashier.jiutongshanghu:id/tv_title_zhangdan') 可见成功。耗时：0:00:00.100628
 Tue, 21 Jan 2020 15:33:44  INFO basepage.py get_element [ line:79 ] 查找  筛选按钮 元素 ('id', 'com.cashier.jiutongshanghu:id/tv_title_zhangdan') 成功
 Tue, 21 Jan 2020 15:33:44  INFO basepage.py click_element [ line:121 ] 点击  筛选按钮 元素 ('id', 'com.cashier.jiutongshanghu:id/tv_title_zhangdan') 成功！
 Tue, 21 Jan 2020 15:33:45  INFO basepage.py wait_ele_visible [ line:42 ] 等待 时间描述-->本月  元素  ('-android uiautomator', 'new UiSelector().text("本月")') 可见成功。耗时：0:00:01.068207
 Tue, 21 Jan 2020 15:33:45  INFO basepage.py wait_ele_visible [ line:42 ] 等待 时间描述-->本月  元素  ('-android uiautomator', 'new UiSelector().text("本月")') 可见成功。耗时：0:00:00.145132
 Tue, 21 Jan 2020 15:33:45  INFO basepage.py get_element [ line:79 ] 查找  时间描述-->本月 元素 ('-android uiautomator', 'new UiSelector().text("本月")') 成功
 Tue, 21 Jan 2020 15:33:46  INFO basepage.py click_element [ line:121 ] 点击  时间描述-->本月 元素 ('-android uiautomator', 'new UiSelector().text("本月")') 成功！
 Tue, 21 Jan 2020 15:33:46  INFO basepage.py wait_ele_visible [ line:42 ] 等待 开始时间  元素  ('id', 'com.cashier.jiutongshanghu:id/nct_start_time') 可见成功。耗时：0:00:00.104329
 Tue, 21 Jan 2020 15:33:46  INFO basepage.py wait_ele_exists [ line:57 ] 等待 开始时间  元素  ('id', 'com.cashier.jiutongshanghu:id/nct_start_time') 存在成功。耗时：0:00:00.053818
 Tue, 21 Jan 2020 15:33:46  INFO basepage.py get_element [ line:79 ] 查找  开始时间 元素 ('id', 'com.cashier.jiutongshanghu:id/nct_start_time') 成功
 Tue, 21 Jan 2020 15:33:46  INFO basepage.py get_text [ line:185 ] 获取 开始时间 元素 ('id', 'com.cashier.jiutongshanghu:id/nct_start_time') 的文本值为:2020-01-01 00:00
 Tue, 21 Jan 2020 15:33:46  INFO basepage.py wait_ele_visible [ line:42 ] 等待 结束时间  元素  ('id', 'com.cashier.jiutongshanghu:id/nct_end_time') 可见成功。耗时：0:00:00.092767
 Tue, 21 Jan 2020 15:33:46  INFO basepage.py wait_ele_exists [ line:57 ] 等待 结束时间  元素  ('id', 'com.cashier.jiutongshanghu:id/nct_end_time') 存在成功。耗时：0:00:00.064887
 Tue, 21 Jan 2020 15:33:46  INFO basepage.py get_element [ line:79 ] 查找  结束时间 元素 ('id', 'com.cashier.jiutongshanghu:id/nct_end_time') 成功
 Tue, 21 Jan 2020 15:33:47  INFO basepage.py get_text [ line:185 ] 获取 结束时间 元素 ('id', 'com.cashier.jiutongshanghu:id/nct_end_time') 的文本值为:2020-01-21 15:33
 Tue, 21 Jan 2020 15:33:47  INFO basepage.py wait_ele_visible [ line:42 ] 等待 支付方式 全部 按钮  元素  ('-android uiautomator', 'new UiSelector().resourceId("com.cashier.jiutongshanghu:id/tv_state").text("全部")') 可见成功。耗时：0:00:00.151023
 Tue, 21 Jan 2020 15:33:47  INFO basepage.py wait_ele_visible [ line:42 ] 等待 支付方式 全部 按钮  元素  ('-android uiautomator', 'new UiSelector().resourceId("com.cashier.jiutongshanghu:id/tv_state").text("全部")') 可见成功。耗时：0:00:00.120393
 Tue, 21 Jan 2020 15:33:47  INFO basepage.py get_element [ line:79 ] 查找  支付方式 全部 按钮 元素 ('-android uiautomator', 'new UiSelector().resourceId("com.cashier.jiutongshanghu:id/tv_state").text("全部")') 成功
 Tue, 21 Jan 2020 15:33:48  INFO basepage.py click_element [ line:121 ] 点击  支付方式 全部 按钮 元素 ('-android uiautomator', 'new UiSelector().resourceId("com.cashier.jiutongshanghu:id/tv_state").text("全部")') 成功！
 Tue, 21 Jan 2020 15:33:48  INFO basepage.py wait_ele_visible [ line:42 ] 等待 支付状态 收款成功 按钮  元素  ('-android uiautomator', 'new UiSelector().resourceId("com.cashier.jiutongshanghu:id/tv_state").text("收款成功")') 可见成功。耗时：0:00:00.205200
 Tue, 21 Jan 2020 15:33:48  INFO basepage.py wait_ele_visible [ line:42 ] 等待 支付状态 收款成功 按钮  元素  ('-android uiautomator', 'new UiSelector().resourceId("com.cashier.jiutongshanghu:id/tv_state").text("收款成功")') 可见成功。耗时：0:00:00.161127
 Tue, 21 Jan 2020 15:33:48  INFO basepage.py get_element [ line:79 ] 查找  支付状态 收款成功 按钮 元素 ('-android uiautomator', 'new UiSelector().resourceId("com.cashier.jiutongshanghu:id/tv_state").text("收款成功")') 成功
 Tue, 21 Jan 2020 15:33:49  INFO basepage.py click_element [ line:121 ] 点击  支付状态 收款成功 按钮 元素 ('-android uiautomator', 'new UiSelector().resourceId("com.cashier.jiutongshanghu:id/tv_state").text("收款成功")') 成功！
 Tue, 21 Jan 2020 15:33:49  INFO basepage.py wait_ele_visible [ line:42 ] 等待 筛选界面的确定按钮  元素  ('id', 'com.cashier.jiutongshanghu:id/nct_confirm') 可见成功。耗时：0:00:00.110749
 Tue, 21 Jan 2020 15:33:49  INFO basepage.py wait_ele_visible [ line:42 ] 等待 筛选界面的确定按钮  元素  ('id', 'com.cashier.jiutongshanghu:id/nct_confirm') 可见成功。耗时：0:00:00.140743
 Tue, 21 Jan 2020 15:33:49  INFO basepage.py get_element [ line:79 ] 查找  筛选界面的确定按钮 元素 ('id', 'com.cashier.jiutongshanghu:id/nct_confirm') 成功
 Tue, 21 Jan 2020 15:33:49  INFO basepage.py click_element [ line:121 ] 点击  筛选界面的确定按钮 元素 ('id', 'com.cashier.jiutongshanghu:id/nct_confirm') 成功！
 Tue, 21 Jan 2020 15:33:51  INFO basepage.py wait_ele_visible [ line:42 ] 等待 筛选结果中的起始时间  元素  ('id', 'com.cashier.jiutongshanghu:id/tv_filter_time') 可见成功。耗时：0:00:00.081136
 Tue, 21 Jan 2020 15:33:51  INFO basepage.py wait_ele_exists [ line:57 ] 等待 筛选结果中的起始时间  元素  ('id', 'com.cashier.jiutongshanghu:id/tv_filter_time') 存在成功。耗时：0:00:00.049563
 Tue, 21 Jan 2020 15:33:51  INFO basepage.py get_element [ line:79 ] 查找  筛选结果中的起始时间 元素 ('id', 'com.cashier.jiutongshanghu:id/tv_filter_time') 成功
 Tue, 21 Jan 2020 15:33:51  INFO basepage.py get_text [ line:185 ] 获取 筛选结果中的起始时间 元素 ('id', 'com.cashier.jiutongshanghu:id/tv_filter_time') 的文本值为:2020-01-01 00:00 - 2020-01-21 15:33
 Tue, 21 Jan 2020 15:33:51  INFO orderbook_page.py screen_order [ line:628 ] 筛选结果中的开始时间为-->2020-01-01 00:00
 Tue, 21 Jan 2020 15:33:51  INFO orderbook_page.py screen_order [ line:630 ] 筛选结果中的结束时间为-->2020-01-21 15:33
 Tue, 21 Jan 2020 15:33:52  INFO basepage.py wait_ele_visible [ line:42 ] 等待 筛选结果中的门店名称  元素  ('id', 'com.cashier.jiutongshanghu:id/tv_mendian_select') 可见成功。耗时：0:00:00.086436
 Tue, 21 Jan 2020 15:33:52  INFO basepage.py wait_ele_exists [ line:57 ] 等待 筛选结果中的门店名称  元素  ('id', 'com.cashier.jiutongshanghu:id/tv_mendian_select') 存在成功。耗时：0:00:00.056692
 Tue, 21 Jan 2020 15:33:52  INFO basepage.py get_element [ line:79 ] 查找  筛选结果中的门店名称 元素 ('id', 'com.cashier.jiutongshanghu:id/tv_mendian_select') 成功
 Tue, 21 Jan 2020 15:33:52  INFO basepage.py get_text [ line:185 ] 获取 筛选结果中的门店名称 元素 ('id', 'com.cashier.jiutongshanghu:id/tv_mendian_select') 的文本值为:全部门店
 Tue, 21 Jan 2020 15:33:52  INFO basepage.py wait_ele_visible [ line:42 ] 等待 筛选结果中的支付方式  元素  ('id', 'com.cashier.jiutongshanghu:id/tv_pay_way') 可见成功。耗时：0:00:00.092665
 Tue, 21 Jan 2020 15:33:52  INFO basepage.py wait_ele_exists [ line:57 ] 等待 筛选结果中的支付方式  元素  ('id', 'com.cashier.jiutongshanghu:id/tv_pay_way') 存在成功。耗时：0:00:00.059242
 Tue, 21 Jan 2020 15:33:52  INFO basepage.py get_element [ line:79 ] 查找  筛选结果中的支付方式 元素 ('id', 'com.cashier.jiutongshanghu:id/tv_pay_way') 成功
 Tue, 21 Jan 2020 15:33:52  INFO basepage.py get_text [ line:185 ] 获取 筛选结果中的支付方式 元素 ('id', 'com.cashier.jiutongshanghu:id/tv_pay_way') 的文本值为:全部
 Tue, 21 Jan 2020 15:33:52  INFO basepage.py wait_ele_visible [ line:42 ] 等待 筛选结果中的收款笔数  元素  ('id', 'com.cashier.jiutongshanghu:id/tv_success_count') 可见成功。耗时：0:00:00.120735
 Tue, 21 Jan 2020 15:33:52  INFO basepage.py wait_ele_exists [ line:57 ] 等待 筛选结果中的收款笔数  元素  ('id', 'com.cashier.jiutongshanghu:id/tv_success_count') 存在成功。耗时：0:00:00.070693
 Tue, 21 Jan 2020 15:33:53  INFO basepage.py get_element [ line:79 ] 查找  筛选结果中的收款笔数 元素 ('id', 'com.cashier.jiutongshanghu:id/tv_success_count') 成功
 Tue, 21 Jan 2020 15:33:53  INFO basepage.py get_text [ line:185 ] 获取 筛选结果中的收款笔数 元素 ('id', 'com.cashier.jiutongshanghu:id/tv_success_count') 的文本值为:41
 Tue, 21 Jan 2020 15:33:53  INFO basepage.py wait_ele_visible [ line:42 ] 等待 筛选结果中的退款笔数  元素  ('id', 'com.cashier.jiutongshanghu:id/tv_refund_count') 可见成功。耗时：0:00:00.091141
 Tue, 21 Jan 2020 15:33:53  INFO basepage.py wait_ele_exists [ line:57 ] 等待 筛选结果中的退款笔数  元素  ('id', 'com.cashier.jiutongshanghu:id/tv_refund_count') 存在成功。耗时：0:00:00.069005
 Tue, 21 Jan 2020 15:33:53  INFO basepage.py get_element [ line:79 ] 查找  筛选结果中的退款笔数 元素 ('id', 'com.cashier.jiutongshanghu:id/tv_refund_count') 成功
 Tue, 21 Jan 2020 15:33:53  INFO basepage.py get_text [ line:185 ] 获取 筛选结果中的退款笔数 元素 ('id', 'com.cashier.jiutongshanghu:id/tv_refund_count') 的文本值为:0
 Tue, 21 Jan 2020 15:33:53  INFO basepage.py wait_ele_visible [ line:42 ] 等待 筛选结果中的收银终端  元素  ('id', 'com.cashier.jiutongshanghu:id/tv_receive_people') 可见成功。耗时：0:00:00.088546
 Tue, 21 Jan 2020 15:33:53  INFO basepage.py wait_ele_exists [ line:57 ] 等待 筛选结果中的收银终端  元素  ('id', 'com.cashier.jiutongshanghu:id/tv_receive_people') 存在成功。耗时：0:00:00.059615
 Tue, 21 Jan 2020 15:33:54  INFO basepage.py get_element [ line:79 ] 查找  筛选结果中的收银终端 元素 ('id', 'com.cashier.jiutongshanghu:id/tv_receive_people') 成功
 Tue, 21 Jan 2020 15:33:54  INFO basepage.py get_text [ line:185 ] 获取 筛选结果中的收银终端 元素 ('id', 'com.cashier.jiutongshanghu:id/tv_receive_people') 的文本值为:全部终端
 Tue, 21 Jan 2020 15:33:55  INFO basepage.py wait_ele_visible [ line:42 ] 等待 筛选结果中的支付状态  元素  ('id', 'com.cashier.jiutongshanghu:id/tv_pay_status') 可见成功。耗时：0:00:00.567271
 Tue, 21 Jan 2020 15:33:55  INFO basepage.py wait_ele_exists [ line:57 ] 等待 筛选结果中的支付状态  元素  ('id', 'com.cashier.jiutongshanghu:id/tv_pay_status') 存在成功。耗时：0:00:00.052279
 Tue, 21 Jan 2020 15:33:55  INFO basepage.py get_element [ line:79 ] 查找  筛选结果中的支付状态 元素 ('id', 'com.cashier.jiutongshanghu:id/tv_pay_status') 成功
 Tue, 21 Jan 2020 15:33:55  INFO basepage.py get_text [ line:185 ] 获取 筛选结果中的支付状态 元素 ('id', 'com.cashier.jiutongshanghu:id/tv_pay_status') 的文本值为:收款成功
 Tue, 21 Jan 2020 15:33:55  INFO basepage.py wait_ele_visible [ line:42 ] 等待 筛选结果中的收款金额  元素  ('id', 'com.cashier.jiutongshanghu:id/tv_success_money') 可见成功。耗时：0:00:00.089934
 Tue, 21 Jan 2020 15:33:55  INFO basepage.py wait_ele_exists [ line:57 ] 等待 筛选结果中的收款金额  元素  ('id', 'com.cashier.jiutongshanghu:id/tv_success_money') 存在成功。耗时：0:00:00.056624
 Tue, 21 Jan 2020 15:33:55  INFO basepage.py get_element [ line:79 ] 查找  筛选结果中的收款金额 元素 ('id', 'com.cashier.jiutongshanghu:id/tv_success_money') 成功
 Tue, 21 Jan 2020 15:33:55  INFO basepage.py get_text [ line:185 ] 获取 筛选结果中的收款金额 元素 ('id', 'com.cashier.jiutongshanghu:id/tv_success_money') 的文本值为:90.80
 Tue, 21 Jan 2020 15:33:55  INFO basepage.py wait_ele_visible [ line:42 ] 等待 筛选结果中的退款金额  元素  ('id', 'com.cashier.jiutongshanghu:id/tv_refund_money') 可见成功。耗时：0:00:00.081367
 Tue, 21 Jan 2020 15:33:55  INFO basepage.py wait_ele_exists [ line:57 ] 等待 筛选结果中的退款金额  元素  ('id', 'com.cashier.jiutongshanghu:id/tv_refund_money') 存在成功。耗时：0:00:00.066767
 Tue, 21 Jan 2020 15:33:55  INFO basepage.py get_element [ line:79 ] 查找  筛选结果中的退款金额 元素 ('id', 'com.cashier.jiutongshanghu:id/tv_refund_money') 成功
 Tue, 21 Jan 2020 15:33:55  INFO basepage.py get_text [ line:185 ] 获取 筛选结果中的退款金额 元素 ('id', 'com.cashier.jiutongshanghu:id/tv_refund_money') 的文本值为:0.00
 Tue, 21 Jan 2020 15:33:55  INFO basepage.py wait_ele_visible [ line:42 ] 等待 筛选结果的返回按钮  元素  ('id', 'com.cashier.jiutongshanghu:id/back_iv') 可见成功。耗时：0:00:00.058579
 Tue, 21 Jan 2020 15:33:55  INFO basepage.py wait_ele_visible [ line:42 ] 等待 筛选结果的返回按钮  元素  ('id', 'com.cashier.jiutongshanghu:id/back_iv') 可见成功。耗时：0:00:00.064355
 Tue, 21 Jan 2020 15:33:55  INFO basepage.py get_element [ line:79 ] 查找  筛选结果的返回按钮 元素 ('id', 'com.cashier.jiutongshanghu:id/back_iv') 成功
 Tue, 21 Jan 2020 15:33:55  INFO basepage.py click_element [ line:121 ] 点击  筛选结果的返回按钮 元素 ('id', 'com.cashier.jiutongshanghu:id/back_iv') 成功！
 Tue, 21 Jan 2020 15:33:57  INFO basepage.py wait_ele_visible [ line:42 ] 等待 账单列表的返回按钮  元素  ('id', 'com.cashier.jiutongshanghu:id/back_iv') 可见成功。耗时：0:00:01.306279
 Tue, 21 Jan 2020 15:33:57  INFO basepage.py wait_ele_visible [ line:42 ] 等待 账单列表的返回按钮  元素  ('id', 'com.cashier.jiutongshanghu:id/back_iv') 可见成功。耗时：0:00:00.080725
 Tue, 21 Jan 2020 15:33:57  INFO basepage.py get_element [ line:79 ] 查找  账单列表的返回按钮 元素 ('id', 'com.cashier.jiutongshanghu:id/back_iv') 成功
 Tue, 21 Jan 2020 15:33:57  INFO basepage.py click_element [ line:121 ] 点击  账单列表的返回按钮 元素 ('id', 'com.cashier.jiutongshanghu:id/back_iv') 成功！
 Tue, 21 Jan 2020 15:33:59  INFO basepage.py wait_ele_visible [ line:42 ] 等待 首页_等待 我的 元素可见  元素  ('id', 'com.cashier.jiutongshanghu:id/iv_tab_icon') 可见成功。耗时：0:00:01.876246
 Tue, 21 Jan 2020 15:33:59  INFO basepage.py get_element [ line:79 ] 查找  首页_等待 我的 元素可见 元素 ('id', 'com.cashier.jiutongshanghu:id/iv_tab_icon') 成功
 Tue, 21 Jan 2020 15:34:00  INFO basepage.py wait_ele_visible [ line:42 ] 等待 我的页_等待 设置 元素可见  元素  ('-android uiautomator', 'new UiSelector().resourceId("com.cashier.jiutongshanghu:id/tv_setting")') 可见成功。耗时：0:00:00.820576
 Tue, 21 Jan 2020 15:34:00  INFO basepage.py wait_ele_visible [ line:42 ] 等待 我的页_设置按钮  元素  ('-android uiautomator', 'new UiSelector().resourceId("com.cashier.jiutongshanghu:id/tv_setting")') 可见成功。耗时：0:00:00.132117
 Tue, 21 Jan 2020 15:34:00  INFO basepage.py get_element [ line:79 ] 查找  我的页_设置按钮 元素 ('-android uiautomator', 'new UiSelector().resourceId("com.cashier.jiutongshanghu:id/tv_setting")') 成功
 Tue, 21 Jan 2020 15:34:01  INFO basepage.py click_element [ line:121 ] 点击  我的页_设置按钮 元素 ('-android uiautomator', 'new UiSelector().resourceId("com.cashier.jiutongshanghu:id/tv_setting")') 成功！
 Tue, 21 Jan 2020 15:34:01  INFO basepage.py wait_ele_visible [ line:42 ] 等待 设置页_等待 退出登录 元素可见  元素  ('id', 'com.cashier.jiutongshanghu:id/ll_loginout') 可见成功。耗时：0:00:00.060887
 Tue, 21 Jan 2020 15:34:01  INFO basepage.py wait_ele_visible [ line:42 ] 等待 设置页_退出登录按钮按钮  元素  ('id', 'com.cashier.jiutongshanghu:id/ll_loginout') 可见成功。耗时：0:00:00.055604
 Tue, 21 Jan 2020 15:34:01  INFO basepage.py get_element [ line:79 ] 查找  设置页_退出登录按钮按钮 元素 ('id', 'com.cashier.jiutongshanghu:id/ll_loginout') 成功
 Tue, 21 Jan 2020 15:34:01  INFO basepage.py click_element [ line:121 ] 点击  设置页_退出登录按钮按钮 元素 ('id', 'com.cashier.jiutongshanghu:id/ll_loginout') 成功！
 Tue, 21 Jan 2020 15:34:02  INFO basepage.py wait_ele_visible [ line:42 ] 等待 退出登录弹窗_等待 确定 元素可见  元素  ('id', 'com.cashier.jiutongshanghu:id/dialog_normal_rightbtn') 可见成功。耗时：0:00:01.019338
 Tue, 21 Jan 2020 15:34:02  INFO basepage.py wait_ele_visible [ line:42 ] 等待 退出登录弹窗_确定按钮  元素  ('id', 'com.cashier.jiutongshanghu:id/dialog_normal_rightbtn') 可见成功。耗时：0:00:00.059480
 Tue, 21 Jan 2020 15:34:02  INFO basepage.py get_element [ line:79 ] 查找  退出登录弹窗_确定按钮 元素 ('id', 'com.cashier.jiutongshanghu:id/dialog_normal_rightbtn') 成功
 Tue, 21 Jan 2020 15:34:03  INFO basepage.py click_element [ line:121 ] 点击  退出登录弹窗_确定按钮 元素 ('id', 'com.cashier.jiutongshanghu:id/dialog_normal_rightbtn') 成功！
 Tue, 21 Jan 2020 15:34:03  INFO http_request.py request [ line:64 ] 正在发送请求，请求地址：https://api.hczypay.com/api/merchant/login， 请求参数：{'phone': '18971335925', 'password': '335925', 'imei': '919dc52afd82279be4f9ff04288be30a9de665ff8fd68b437dbe93953b8e07c9', 'type': 'jg'}
 Tue, 21 Jan 2020 15:34:03  INFO tools.py get_token [ line:50 ] ===================================
 Tue, 21 Jan 2020 15:34:03  INFO tools.py get_token [ line:51 ] 登录请求地址--> https://api.hczypay.com/api/merchant/login
 Tue, 21 Jan 2020 15:34:03  INFO tools.py get_token [ line:52 ] 登录请求参数--> {'phone': '18971335925', 'password': '335925', 'imei': '919dc52afd82279be4f9ff04288be30a9de665ff8fd68b437dbe93953b8e07c9', 'type': 'jg'}
 Tue, 21 Jan 2020 15:34:03  INFO tools.py get_token [ line:53 ] 登录结果--> {'token': 'eyJ0eXAiOiJKV1QiLCJhbGciOiJIUzI1NiJ9.eyJpc3MiOiJodHRwczovL2FwaS5oY3p5cGF5LmNvbS9hcGkvbWVyY2hhbnQvbG9naW4iLCJpYXQiOjE1Nzk1OTIwNDMsImV4cCI6MTU4ODIzMjA0MywibmJmIjoxNTc5NTkyMDQzLCJqdGkiOiI3NmNjODU0YzY1NTViMDQ3MzZkYmFlYjZlYzI2Mzc4ZSIsInN1YiI6eyJpZCI6MTU0NDQsInVzZXJfaWQiOjE3MDMsIm1lcmNoYW50X2lkIjpudWxsLCJuYW1lIjoiMTg5NzEzMzU5MjUiLCJwaG9uZSI6IjE4OTcxMzM1OTI1IiwidHlwZSI6Im1lcmNoYW50IiwibWVyY2hhbnRfdHlwZSI6MiwicGlkIjowLCJpbWVpIjoiIiwibW9uZXkiOiIwLjAwIiwiY29uZmlnX2lkIjoiMTIzIiwic3RvcmVfaWQiOiIyMDE5MTIxNzE2MjYxNzgyMjIyIiwiTWVyY2hhbnRJZCI6IiIsImxvZ28iOm51bGx9fQ.V19XcvGImGdS7mZZ081BkwqK0MRYNraQbzO1BmbGUA4', 'imei': '919dc52afd82279be4f9ff04288be30a9de665ff8fd68b437dbe93953b8e07c9', 'mtype': 'jg', 'type': '2'}
 Tue, 21 Jan 2020 15:34:03  INFO http_request.py request [ line:64 ] 正在发送请求，请求地址：https://api.hczypay.com/api/merchant/logout， 请求参数：{'phone': '18971335925', 'imei': '919dc52afd82279be4f9ff04288be30a9de665ff8fd68b437dbe93953b8e07c9', 'token': 'eyJ0eXAiOiJKV1QiLCJhbGciOiJIUzI1NiJ9.eyJpc3MiOiJodHRwczovL2FwaS5oY3p5cGF5LmNvbS9hcGkvbWVyY2hhbnQvbG9naW4iLCJpYXQiOjE1Nzk1OTIwNDMsImV4cCI6MTU4ODIzMjA0MywibmJmIjoxNTc5NTkyMDQzLCJqdGkiOiI3NmNjODU0YzY1NTViMDQ3MzZkYmFlYjZlYzI2Mzc4ZSIsInN1YiI6eyJpZCI6MTU0NDQsInVzZXJfaWQiOjE3MDMsIm1lcmNoYW50X2lkIjpudWxsLCJuYW1lIjoiMTg5NzEzMzU5MjUiLCJwaG9uZSI6IjE4OTcxMzM1OTI1IiwidHlwZSI6Im1lcmNoYW50IiwibWVyY2hhbnRfdHlwZSI6MiwicGlkIjowLCJpbWVpIjoiIiwibW9uZXkiOiIwLjAwIiwiY29uZmlnX2lkIjoiMTIzIiwic3RvcmVfaWQiOiIyMDE5MTIxNzE2MjYxNzgyMjIyIiwiTWVyY2hhbnRJZCI6IiIsImxvZ28iOm51bGx9fQ.V19XcvGImGdS7mZZ081BkwqK0MRYNraQbzO1BmbGUA4'}
 Tue, 21 Jan 2020 15:34:03  INFO tools.py logout [ line:67 ] 退出登录结果--> {'status': 1, 'msg': '操作成功', 'data': []}
 Tue, 21 Jan 2020 15:34:04  INFO http_request.py request [ line:64 ] 正在发送请求，请求地址：https://api.hczypay.com/api/merchant/billList， 请求参数：{'page': '1', 'terminalName': '全部终端', 'terminal': '', 'time_start': '2020-01-01 00:00', 'time_end': '2020-01-21 15:33', 'type_source': '', 'token': 'eyJ0eXAiOiJKV1QiLCJhbGciOiJIUzI1NiJ9.eyJpc3MiOiJodHRwczovL2FwaS5oY3p5cGF5LmNvbS9hcGkvbWVyY2hhbnQvbG9naW4iLCJpYXQiOjE1Nzk1OTIwNDMsImV4cCI6MTU4ODIzMjA0MywibmJmIjoxNTc5NTkyMDQzLCJqdGkiOiI3NmNjODU0YzY1NTViMDQ3MzZkYmFlYjZlYzI2Mzc4ZSIsInN1YiI6eyJpZCI6MTU0NDQsInVzZXJfaWQiOjE3MDMsIm1lcmNoYW50X2lkIjpudWxsLCJuYW1lIjoiMTg5NzEzMzU5MjUiLCJwaG9uZSI6IjE4OTcxMzM1OTI1IiwidHlwZSI6Im1lcmNoYW50IiwibWVyY2hhbnRfdHlwZSI6MiwicGlkIjowLCJpbWVpIjoiIiwibW9uZXkiOiIwLjAwIiwiY29uZmlnX2lkIjoiMTIzIiwic3RvcmVfaWQiOiIyMDE5MTIxNzE2MjYxNzgyMjIyIiwiTWVyY2hhbnRJZCI6IiIsImxvZ28iOm51bGx9fQ.V19XcvGImGdS7mZZ081BkwqK0MRYNraQbzO1BmbGUA4', 'storeName': '指定门店', 'store_id': None, 'status': '1'}
 Tue, 21 Jan 2020 15:34:04  INFO api_screen_orderbook.py api_my_order_book [ line:62 ] ======================================
 Tue, 21 Jan 2020 15:34:04  INFO api_screen_orderbook.py api_my_order_book [ line:63 ] 账单筛选请求地址--> https://api.hczypay.com/api/merchant/billList
 Tue, 21 Jan 2020 15:34:04  INFO api_screen_orderbook.py api_my_order_book [ line:64 ] 账单筛选请求参数--> {'page': '1', 'terminalName': '全部终端', 'terminal': '', 'time_start': '2020-01-01 00:00', 'time_end': '2020-01-21 15:33', 'type_source': '', 'token': 'eyJ0eXAiOiJKV1QiLCJhbGciOiJIUzI1NiJ9.eyJpc3MiOiJodHRwczovL2FwaS5oY3p5cGF5LmNvbS9hcGkvbWVyY2hhbnQvbG9naW4iLCJpYXQiOjE1Nzk1OTIwNDMsImV4cCI6MTU4ODIzMjA0MywibmJmIjoxNTc5NTkyMDQzLCJqdGkiOiI3NmNjODU0YzY1NTViMDQ3MzZkYmFlYjZlYzI2Mzc4ZSIsInN1YiI6eyJpZCI6MTU0NDQsInVzZXJfaWQiOjE3MDMsIm1lcmNoYW50X2lkIjpudWxsLCJuYW1lIjoiMTg5NzEzMzU5MjUiLCJwaG9uZSI6IjE4OTcxMzM1OTI1IiwidHlwZSI6Im1lcmNoYW50IiwibWVyY2hhbnRfdHlwZSI6MiwicGlkIjowLCJpbWVpIjoiIiwibW9uZXkiOiIwLjAwIiwiY29uZmlnX2lkIjoiMTIzIiwic3RvcmVfaWQiOiIyMDE5MTIxNzE2MjYxNzgyMjIyIiwiTWVyY2hhbnRJZCI6IiIsImxvZ28iOm51bGx9fQ.V19XcvGImGdS7mZZ081BkwqK0MRYNraQbzO1BmbGUA4', 'storeName': '指定门店', 'store_id': None, 'status': '1'}
 Tue, 21 Jan 2020 15:34:04  INFO api_screen_orderbook.py api_my_order_book [ line:65 ] 账单筛选返回结果--> {'status': 1, 'msg': '操作成功', 'data': {'per_page': '10', 'current_page': '1', 'data': [{'id': '2117789', 'out_trade_no': '200119114931822227223809', 'trade_no': '20200119114931021616', 'total_amount': '10.12', 'pay_status': '1', 'type_source': 'weixin', 'success_at': '2020-01-19 11:49:31', 'created_at': '2020-01-19 11:49:31', 'date': '2020-01-19', 'year': '2020', 'month': '1', 'day': '19', 'merchant_id': '15444', 'store_id': '2019121716261782222', 'type_desc': '微信支付', 'remark': 'xcx_menu_pay', 'device_id': '', 'device_type': '', 'type_id': '0', 'store': {'store_short_name': '吉野家日式料理店', 'store_id': '2019121716261782222'}, 'merchant': {'id': '15444', 'name': '18971335925'}, 'terminal': '其他', 'pay_status_desc': '支付成功', 'type_source_desc': '微信', 'device_name': '', 'success_amount': '10.12', 'success_count': '1', 'refund_sum_amount': '0.00', 'refund_sum_count': '0'}, {'id': '1795322', 'out_trade_no': '200116131340822227228312', 'trade_no': '20200116131341098819', 'total_amount': '0.01', 'pay_status': '1', 'type_source': 'weixin', 'success_at': '2020-01-16 13:13:42', 'created_at': '2020-01-16 13:13:40', 'date': '2020-01-16', 'year': '2020', 'month': '1', 'day': '16', 'merchant_id': '15444', 'store_id': '2019121716261782222', 'type_desc': '微信支付', 'remark': '', 'device_id': '', 'device_type': 'ios', 'type_id': '1', 'store': {'store_short_name': '吉野家日式料理店', 'store_id': '2019121716261782222'}, 'merchant': {'id': '15444', 'name': '18971335925'}, 'terminal': '其他', 'pay_status_desc': '支付成功', 'type_source_desc': '微信', 'device_name': '', 'success_amount': '36.99', 'success_count': '9', 'refund_sum_amount': '0.00', 'refund_sum_count': '0'}, {'id': '1772874', 'out_trade_no': '200116095526822227229637', 'trade_no': '20200116095526020079', 'total_amount': '1.56', 'pay_status': '1', 'type_source': 'weixin', 'success_at': '2020-01-16 09:55:26', 'created_at': '2020-01-16 09:55:26', 'date': '2020-01-16', 'year': '2020', 'month': '1', 'day': '16', 'merchant_id': '15444', 'store_id': '2019121716261782222', 'type_desc': '微信支付', 'remark': 'xcx_menu_pay', 'device_id': '', 'device_type': '', 'type_id': '0', 'store': {'store_short_name': '吉野家日式料理店', 'store_id': '2019121716261782222'}, 'merchant': {'id': '15444', 'name': '18971335925'}, 'terminal': '其他', 'pay_status_desc': '支付成功', 'type_source_desc': '微信', 'device_name': '', 'success_amount': '36.99', 'success_count': '9', 'refund_sum_amount': '0.00', 'refund_sum_count': '0'}, {'id': '1772692', 'out_trade_no': '200116095311822227227536', 'trade_no': '20200116095311009818', 'total_amount': '2.56', 'pay_status': '1', 'type_source': 'weixin', 'success_at': '2020-01-16 09:53:11', 'created_at': '2020-01-16 09:53:11', 'date': '2020-01-16', 'year': '2020', 'month': '1', 'day': '16', 'merchant_id': '15444', 'store_id': '2019121716261782222', 'type_desc': '微信支付', 'remark': 'xcx_menu_pay', 'device_id': '', 'device_type': '', 'type_id': '0', 'store': {'store_short_name': '吉野家日式料理店', 'store_id': '2019121716261782222'}, 'merchant': {'id': '15444', 'name': '18971335925'}, 'terminal': '其他', 'pay_status_desc': '支付成功', 'type_source_desc': '微信', 'device_name': '', 'success_amount': '36.99', 'success_count': '9', 'refund_sum_amount': '0.00', 'refund_sum_count': '0'}, {'id': '1772601', 'out_trade_no': '200116095216822227229433', 'trade_no': '20200116095216006988', 'total_amount': '2.06', 'pay_status': '1', 'type_source': 'weixin', 'success_at': '2020-01-16 09:52:16', 'created_at': '2020-01-16 09:52:16', 'date': '2020-01-16', 'year': '2020', 'month': '1', 'day': '16', 'merchant_id': '15444', 'store_id': '2019121716261782222', 'type_desc': '微信支付', 'remark': 'xcx_menu_pay', 'device_id': '', 'device_type': '', 'type_id': '0', 'store': {'store_short_name': '吉野家日式料理店', 'store_id': '2019121716261782222'}, 'merchant': {'id': '15444', 'name': '18971335925'}, 'terminal': '其他', 'pay_status_desc': '支付成功', 'type_source_desc': '微信', 'device_name': '', 'success_amount': '36.99', 'success_count': '9', 'refund_sum_amount': '0.00', 'refund_sum_count': '0'}, {'id': '1772398', 'out_trade_no': '200116095009822227228442', 'trade_no': '20200116095009000325', 'total_amount': '1.56', 'pay_status': '1', 'type_source': 'weixin', 'success_at': '2020-01-16 09:50:09', 'created_at': '2020-01-16 09:50:09', 'date': '2020-01-16', 'year': '2020', 'month': '1', 'day': '16', 'merchant_id': '15444', 'store_id': '2019121716261782222', 'type_desc': '微信支付', 'remark': 'xcx_menu_pay', 'device_id': '', 'device_type': '', 'type_id': '0', 'store': {'store_short_name': '吉野家日式料理店', 'store_id': '2019121716261782222'}, 'merchant': {'id': '15444', 'name': '18971335925'}, 'terminal': '其他', 'pay_status_desc': '支付成功', 'type_source_desc': '微信', 'device_name': '', 'success_amount': '36.99', 'success_count': '9', 'refund_sum_amount': '0.00', 'refund_sum_count': '0'}, {'id': '1772323', 'out_trade_no': '200116094913822227222469', 'trade_no': '20200116094914094404', 'total_amount': '8.06', 'pay_status': '1', 'type_source': 'weixin', 'success_at': '2020-01-16 09:49:14', 'created_at': '2020-01-16 09:49:13', 'date': '2020-01-16', 'year': '2020', 'month': '1', 'day': '16', 'merchant_id': '15444', 'store_id': '2019121716261782222', 'type_desc': '微信支付', 'remark': 'xcx_menu_pay', 'device_id': '', 'device_type': '', 'type_id': '0', 'store': {'store_short_name': '吉野家日式料理店', 'store_id': '2019121716261782222'}, 'merchant': {'id': '15444', 'name': '18971335925'}, 'terminal': '其他', 'pay_status_desc': '支付成功', 'type_source_desc': '微信', 'device_name': '', 'success_amount': '36.99', 'success_count': '9', 'refund_sum_amount': '0.00', 'refund_sum_count': '0'}, {'id': '1771770', 'out_trade_no': '200116094309822227229299', 'trade_no': '20200116094309072358', 'total_amount': '10.12', 'pay_status': '1', 'type_source': 'weixin', 'success_at': '2020-01-16 09:43:09', 'created_at': '2020-01-16 09:43:09', 'date': '2020-01-16', 'year': '2020', 'month': '1', 'day': '16', 'merchant_id': '15444', 'store_id': '2019121716261782222', 'type_desc': '微信支付', 'remark': 'xcx_menu_pay', 'device_id': '', 'device_type': '', 'type_id': '0', 'store': {'store_short_name': '吉野家日式料理店', 'store_id': '2019121716261782222'}, 'merchant': {'id': '15444', 'name': '18971335925'}, 'terminal': '其他', 'pay_status_desc': '支付成功', 'type_source_desc': '微信', 'device_name': '', 'success_amount': '36.99', 'success_count': '9', 'refund_sum_amount': '0.00', 'refund_sum_count': '0'}, {'id': '1770247', 'out_trade_no': '200116092626822227223191', 'trade_no': '20200116094213069520', 'total_amount': '9.06', 'pay_status': '1', 'type_source': 'weixin', 'success_at': '2020-01-16 09:42:13', 'created_at': '2020-01-16 09:26:26', 'date': '2020-01-16', 'year': '2020', 'month': '1', 'day': '16', 'merchant_id': '15444', 'store_id': '2019121716261782222', 'type_desc': '微信支付', 'remark': 'xcx_menu_pay', 'device_id': '', 'device_type': '', 'type_id': '0', 'store': {'store_short_name': '吉野家日式料理店', 'store_id': '2019121716261782222'}, 'merchant': {'id': '15444', 'name': '18971335925'}, 'terminal': '其他', 'pay_status_desc': '支付成功', 'type_source_desc': '微信', 'device_name': '', 'success_amount': '36.99', 'success_count': '9', 'refund_sum_amount': '0.00', 'refund_sum_count': '0'}, {'id': '1769852', 'out_trade_no': '200116092220822227229429', 'trade_no': '20200116092221092733', 'total_amount': '2.00', 'pay_status': '1', 'type_source': 'weixin', 'success_at': '2020-01-16 09:22:21', 'created_at': '2020-01-16 09:22:20', 'date': '2020-01-16', 'year': '2020', 'month': '1', 'day': '16', 'merchant_id': '15444', 'store_id': '2019121716261782222', 'type_desc': '微信支付', 'remark': '', 'device_id': '', 'device_type': '', 'type_id': '3', 'store': {'store_short_name': '吉野家日式料理店', 'store_id': '2019121716261782222'}, 'merchant': {'id': '15444', 'name': '18971335925'}, 'terminal': '其他', 'pay_status_desc': '支付成功', 'type_source_desc': '微信', 'device_name': '', 'success_amount': '36.99', 'success_count': '9', 'refund_sum_amount': '0.00', 'refund_sum_count': '0'}], 'inquire': {'storeName': '全部门店', 'terminalName': '全部终端', 'timeStart': '2020-01-01 00:00', 'timeEnd': '2020-01-21 15:33', 'typeSource': '全部', 'orderStatus': '收款成功', 'success_amount': '90.80', 'success_count': '41', 'refund_amount': '0.00', 'refund_count': '0'}, 'is_today': '0', 'today_order_count': {'success_num': '0', 'success_amount': '0.00', 'refund_num': '0', 'refund_amount': '0.00'}}}
 Tue, 21 Jan 2020 15:34:04  INFO api_screen_orderbook.py api_my_order_book [ line:66 ] ======================================
 Tue, 21 Jan 2020 15:34:24  INFO basepage.py wait_ele_visible [ line:42 ] 等待 登录页_等待用户名元素可见  元素  ('id', 'com.cashier.jiutongshanghu:id/ed_login_phone') 可见成功。耗时：0:00:03.823610
 Tue, 21 Jan 2020 15:34:24  INFO basepage.py wait_ele_visible [ line:42 ] 等待 登录页_输入用户名  元素  ('id', 'com.cashier.jiutongshanghu:id/ed_login_phone') 可见成功。耗时：0:00:00.079123
 Tue, 21 Jan 2020 15:34:24  INFO basepage.py get_element [ line:79 ] 查找  登录页_输入用户名 元素 ('id', 'com.cashier.jiutongshanghu:id/ed_login_phone') 成功
 Tue, 21 Jan 2020 15:34:24  INFO basepage.py input_text [ line:148 ] 在 登录页_输入用户名 元素 ('id', 'com.cashier.jiutongshanghu:id/ed_login_phone') 上输入文本值：18971335925 成功！
 Tue, 21 Jan 2020 15:34:25  INFO basepage.py wait_ele_visible [ line:42 ] 等待 登录页_输入密码  元素  ('id', 'com.cashier.jiutongshanghu:id/ed_login_password') 可见成功。耗时：0:00:00.556902
 Tue, 21 Jan 2020 15:34:25  INFO basepage.py get_element [ line:79 ] 查找  登录页_输入密码 元素 ('id', 'com.cashier.jiutongshanghu:id/ed_login_password') 成功
 Tue, 21 Jan 2020 15:34:26  INFO basepage.py input_text [ line:148 ] 在 登录页_输入密码 元素 ('id', 'com.cashier.jiutongshanghu:id/ed_login_password') 上输入文本值：335925 成功！
 Tue, 21 Jan 2020 15:34:27  INFO basepage.py wait_ele_visible [ line:42 ] 等待 登录页_点击登录按钮  元素  ('id', 'com.cashier.jiutongshanghu:id/but_login') 可见成功。耗时：0:00:00.580361
 Tue, 21 Jan 2020 15:34:27  INFO basepage.py get_element [ line:79 ] 查找  登录页_点击登录按钮 元素 ('id', 'com.cashier.jiutongshanghu:id/but_login') 成功
 Tue, 21 Jan 2020 15:34:27  INFO basepage.py click_element [ line:121 ] 点击  登录页_点击登录按钮 元素 ('id', 'com.cashier.jiutongshanghu:id/but_login') 成功！
 Tue, 21 Jan 2020 15:34:29  INFO basepage.py wait_ele_visible [ line:42 ] 等待 账单按钮  元素  ('-android uiautomator', 'new UiSelector().text("账单")') 可见成功。耗时：0:00:00.199787
 Tue, 21 Jan 2020 15:34:29  INFO basepage.py wait_ele_visible [ line:42 ] 等待 账单按钮  元素  ('-android uiautomator', 'new UiSelector().text("账单")') 可见成功。耗时：0:00:00.177034
 Tue, 21 Jan 2020 15:34:29  INFO basepage.py get_element [ line:79 ] 查找  账单按钮 元素 ('-android uiautomator', 'new UiSelector().text("账单")') 成功
 Tue, 21 Jan 2020 15:34:33  INFO basepage.py click_element [ line:121 ] 点击  账单按钮 元素 ('-android uiautomator', 'new UiSelector().text("账单")') 成功！
 Tue, 21 Jan 2020 15:34:34  INFO basepage.py wait_ele_visible [ line:42 ] 等待 筛选按钮  元素  ('id', 'com.cashier.jiutongshanghu:id/tv_title_zhangdan') 可见成功。耗时：0:00:00.477106
 Tue, 21 Jan 2020 15:34:34  INFO basepage.py wait_ele_visible [ line:42 ] 等待 筛选按钮  元素  ('id', 'com.cashier.jiutongshanghu:id/tv_title_zhangdan') 可见成功。耗时：0:00:00.196229
 Tue, 21 Jan 2020 15:34:34  INFO basepage.py get_element [ line:79 ] 查找  筛选按钮 元素 ('id', 'com.cashier.jiutongshanghu:id/tv_title_zhangdan') 成功
 Tue, 21 Jan 2020 15:34:35  INFO basepage.py click_element [ line:121 ] 点击  筛选按钮 元素 ('id', 'com.cashier.jiutongshanghu:id/tv_title_zhangdan') 成功！
 Tue, 21 Jan 2020 15:34:35  INFO basepage.py wait_ele_visible [ line:42 ] 等待 时间描述-->本月  元素  ('-android uiautomator', 'new UiSelector().text("本月")') 可见成功。耗时：0:00:00.930015
 Tue, 21 Jan 2020 15:34:36  INFO basepage.py wait_ele_visible [ line:42 ] 等待 时间描述-->本月  元素  ('-android uiautomator', 'new UiSelector().text("本月")') 可见成功。耗时：0:00:00.128358
 Tue, 21 Jan 2020 15:34:36  INFO basepage.py get_element [ line:79 ] 查找  时间描述-->本月 元素 ('-android uiautomator', 'new UiSelector().text("本月")') 成功
 Tue, 21 Jan 2020 15:34:36  INFO basepage.py click_element [ line:121 ] 点击  时间描述-->本月 元素 ('-android uiautomator', 'new UiSelector().text("本月")') 成功！
 Tue, 21 Jan 2020 15:34:37  INFO basepage.py wait_ele_visible [ line:42 ] 等待 开始时间  元素  ('id', 'com.cashier.jiutongshanghu:id/nct_start_time') 可见成功。耗时：0:00:00.097217
 Tue, 21 Jan 2020 15:34:37  INFO basepage.py wait_ele_exists [ line:57 ] 等待 开始时间  元素  ('id', 'com.cashier.jiutongshanghu:id/nct_start_time') 存在成功。耗时：0:00:00.046613
 Tue, 21 Jan 2020 15:34:37  INFO basepage.py get_element [ line:79 ] 查找  开始时间 元素 ('id', 'com.cashier.jiutongshanghu:id/nct_start_time') 成功
 Tue, 21 Jan 2020 15:34:37  INFO basepage.py get_text [ line:185 ] 获取 开始时间 元素 ('id', 'com.cashier.jiutongshanghu:id/nct_start_time') 的文本值为:2020-01-01 00:00
 Tue, 21 Jan 2020 15:34:37  INFO basepage.py wait_ele_visible [ line:42 ] 等待 结束时间  元素  ('id', 'com.cashier.jiutongshanghu:id/nct_end_time') 可见成功。耗时：0:00:00.088466
 Tue, 21 Jan 2020 15:34:37  INFO basepage.py wait_ele_exists [ line:57 ] 等待 结束时间  元素  ('id', 'com.cashier.jiutongshanghu:id/nct_end_time') 存在成功。耗时：0:00:00.061543
 Tue, 21 Jan 2020 15:34:37  INFO basepage.py get_element [ line:79 ] 查找  结束时间 元素 ('id', 'com.cashier.jiutongshanghu:id/nct_end_time') 成功
 Tue, 21 Jan 2020 15:34:37  INFO basepage.py get_text [ line:185 ] 获取 结束时间 元素 ('id', 'com.cashier.jiutongshanghu:id/nct_end_time') 的文本值为:2020-01-21 15:34
 Tue, 21 Jan 2020 15:34:37  INFO basepage.py wait_ele_visible [ line:42 ] 等待 支付方式 全部 按钮  元素  ('-android uiautomator', 'new UiSelector().resourceId("com.cashier.jiutongshanghu:id/tv_state").text("全部")') 可见成功。耗时：0:00:00.137926
 Tue, 21 Jan 2020 15:34:37  INFO basepage.py wait_ele_visible [ line:42 ] 等待 支付方式 全部 按钮  元素  ('-android uiautomator', 'new UiSelector().resourceId("com.cashier.jiutongshanghu:id/tv_state").text("全部")') 可见成功。耗时：0:00:00.131359
 Tue, 21 Jan 2020 15:34:37  INFO basepage.py get_element [ line:79 ] 查找  支付方式 全部 按钮 元素 ('-android uiautomator', 'new UiSelector().resourceId("com.cashier.jiutongshanghu:id/tv_state").text("全部")') 成功
 Tue, 21 Jan 2020 15:34:38  INFO basepage.py click_element [ line:121 ] 点击  支付方式 全部 按钮 元素 ('-android uiautomator', 'new UiSelector().resourceId("com.cashier.jiutongshanghu:id/tv_state").text("全部")') 成功！
 Tue, 21 Jan 2020 15:34:38  INFO basepage.py wait_ele_visible [ line:42 ] 等待 支付状态 退款成功 按钮  元素  ('-android uiautomator', 'new UiSelector().resourceId("com.cashier.jiutongshanghu:id/tv_state").text("退款成功")') 可见成功。耗时：0:00:00.154848
 Tue, 21 Jan 2020 15:34:38  INFO basepage.py wait_ele_visible [ line:42 ] 等待 支付状态 退款成功 按钮  元素  ('-android uiautomator', 'new UiSelector().resourceId("com.cashier.jiutongshanghu:id/tv_state").text("退款成功")') 可见成功。耗时：0:00:00.151235
 Tue, 21 Jan 2020 15:34:39  INFO basepage.py get_element [ line:79 ] 查找  支付状态 退款成功 按钮 元素 ('-android uiautomator', 'new UiSelector().resourceId("com.cashier.jiutongshanghu:id/tv_state").text("退款成功")') 成功
 Tue, 21 Jan 2020 15:34:40  INFO basepage.py click_element [ line:121 ] 点击  支付状态 退款成功 按钮 元素 ('-android uiautomator', 'new UiSelector().resourceId("com.cashier.jiutongshanghu:id/tv_state").text("退款成功")') 成功！
 Tue, 21 Jan 2020 15:34:40  INFO basepage.py wait_ele_visible [ line:42 ] 等待 筛选界面的确定按钮  元素  ('id', 'com.cashier.jiutongshanghu:id/nct_confirm') 可见成功。耗时：0:00:00.092471
 Tue, 21 Jan 2020 15:34:40  INFO basepage.py wait_ele_visible [ line:42 ] 等待 筛选界面的确定按钮  元素  ('id', 'com.cashier.jiutongshanghu:id/nct_confirm') 可见成功。耗时：0:00:00.067602
 Tue, 21 Jan 2020 15:34:40  INFO basepage.py get_element [ line:79 ] 查找  筛选界面的确定按钮 元素 ('id', 'com.cashier.jiutongshanghu:id/nct_confirm') 成功
 Tue, 21 Jan 2020 15:34:40  INFO basepage.py click_element [ line:121 ] 点击  筛选界面的确定按钮 元素 ('id', 'com.cashier.jiutongshanghu:id/nct_confirm') 成功！
 Tue, 21 Jan 2020 15:34:42  INFO basepage.py wait_ele_visible [ line:42 ] 等待 筛选结果中的起始时间  元素  ('id', 'com.cashier.jiutongshanghu:id/tv_filter_time') 可见成功。耗时：0:00:00.156786
 Tue, 21 Jan 2020 15:34:42  INFO basepage.py wait_ele_exists [ line:57 ] 等待 筛选结果中的起始时间  元素  ('id', 'com.cashier.jiutongshanghu:id/tv_filter_time') 存在成功。耗时：0:00:00.041968
 Tue, 21 Jan 2020 15:34:42  INFO basepage.py get_element [ line:79 ] 查找  筛选结果中的起始时间 元素 ('id', 'com.cashier.jiutongshanghu:id/tv_filter_time') 成功
 Tue, 21 Jan 2020 15:34:43  INFO basepage.py get_text [ line:185 ] 获取 筛选结果中的起始时间 元素 ('id', 'com.cashier.jiutongshanghu:id/tv_filter_time') 的文本值为:2020-01-01 00:00 - 2020-01-21 15:34
 Tue, 21 Jan 2020 15:34:43  INFO orderbook_page.py screen_order [ line:628 ] 筛选结果中的开始时间为-->2020-01-01 00:00
 Tue, 21 Jan 2020 15:34:43  INFO orderbook_page.py screen_order [ line:630 ] 筛选结果中的结束时间为-->2020-01-21 15:34
 Tue, 21 Jan 2020 15:34:43  INFO basepage.py wait_ele_visible [ line:42 ] 等待 筛选结果中的门店名称  元素  ('id', 'com.cashier.jiutongshanghu:id/tv_mendian_select') 可见成功。耗时：0:00:00.090074
 Tue, 21 Jan 2020 15:34:43  INFO basepage.py wait_ele_exists [ line:57 ] 等待 筛选结果中的门店名称  元素  ('id', 'com.cashier.jiutongshanghu:id/tv_mendian_select') 存在成功。耗时：0:00:00.054033
 Tue, 21 Jan 2020 15:34:43  INFO basepage.py get_element [ line:79 ] 查找  筛选结果中的门店名称 元素 ('id', 'com.cashier.jiutongshanghu:id/tv_mendian_select') 成功
 Tue, 21 Jan 2020 15:34:43  INFO basepage.py get_text [ line:185 ] 获取 筛选结果中的门店名称 元素 ('id', 'com.cashier.jiutongshanghu:id/tv_mendian_select') 的文本值为:全部门店
 Tue, 21 Jan 2020 15:34:43  INFO basepage.py wait_ele_visible [ line:42 ] 等待 筛选结果中的支付方式  元素  ('id', 'com.cashier.jiutongshanghu:id/tv_pay_way') 可见成功。耗时：0:00:00.083369
 Tue, 21 Jan 2020 15:34:43  INFO basepage.py wait_ele_exists [ line:57 ] 等待 筛选结果中的支付方式  元素  ('id', 'com.cashier.jiutongshanghu:id/tv_pay_way') 存在成功。耗时：0:00:00.066341
 Tue, 21 Jan 2020 15:34:43  INFO basepage.py get_element [ line:79 ] 查找  筛选结果中的支付方式 元素 ('id', 'com.cashier.jiutongshanghu:id/tv_pay_way') 成功
 Tue, 21 Jan 2020 15:34:43  INFO basepage.py get_text [ line:185 ] 获取 筛选结果中的支付方式 元素 ('id', 'com.cashier.jiutongshanghu:id/tv_pay_way') 的文本值为:全部
 Tue, 21 Jan 2020 15:34:43  INFO basepage.py wait_ele_visible [ line:42 ] 等待 筛选结果中的收款笔数  元素  ('id', 'com.cashier.jiutongshanghu:id/tv_success_count') 可见成功。耗时：0:00:00.098527
 Tue, 21 Jan 2020 15:34:43  INFO basepage.py wait_ele_exists [ line:57 ] 等待 筛选结果中的收款笔数  元素  ('id', 'com.cashier.jiutongshanghu:id/tv_success_count') 存在成功。耗时：0:00:00.062935
 Tue, 21 Jan 2020 15:34:44  INFO basepage.py get_element [ line:79 ] 查找  筛选结果中的收款笔数 元素 ('id', 'com.cashier.jiutongshanghu:id/tv_success_count') 成功
 Tue, 21 Jan 2020 15:34:44  INFO basepage.py get_text [ line:185 ] 获取 筛选结果中的收款笔数 元素 ('id', 'com.cashier.jiutongshanghu:id/tv_success_count') 的文本值为:0
 Tue, 21 Jan 2020 15:34:44  INFO basepage.py wait_ele_visible [ line:42 ] 等待 筛选结果中的退款笔数  元素  ('id', 'com.cashier.jiutongshanghu:id/tv_refund_count') 可见成功。耗时：0:00:00.086224
 Tue, 21 Jan 2020 15:34:44  INFO basepage.py wait_ele_exists [ line:57 ] 等待 筛选结果中的退款笔数  元素  ('id', 'com.cashier.jiutongshanghu:id/tv_refund_count') 存在成功。耗时：0:00:00.064917
 Tue, 21 Jan 2020 15:34:44  INFO basepage.py get_element [ line:79 ] 查找  筛选结果中的退款笔数 元素 ('id', 'com.cashier.jiutongshanghu:id/tv_refund_count') 成功
 Tue, 21 Jan 2020 15:34:44  INFO basepage.py get_text [ line:185 ] 获取 筛选结果中的退款笔数 元素 ('id', 'com.cashier.jiutongshanghu:id/tv_refund_count') 的文本值为:21
 Tue, 21 Jan 2020 15:34:44  INFO basepage.py wait_ele_visible [ line:42 ] 等待 筛选结果中的收银终端  元素  ('id', 'com.cashier.jiutongshanghu:id/tv_receive_people') 可见成功。耗时：0:00:00.066152
 Tue, 21 Jan 2020 15:34:44  INFO basepage.py wait_ele_exists [ line:57 ] 等待 筛选结果中的收银终端  元素  ('id', 'com.cashier.jiutongshanghu:id/tv_receive_people') 存在成功。耗时：0:00:00.059866
 Tue, 21 Jan 2020 15:34:44  INFO basepage.py get_element [ line:79 ] 查找  筛选结果中的收银终端 元素 ('id', 'com.cashier.jiutongshanghu:id/tv_receive_people') 成功
 Tue, 21 Jan 2020 15:34:44  INFO basepage.py get_text [ line:185 ] 获取 筛选结果中的收银终端 元素 ('id', 'com.cashier.jiutongshanghu:id/tv_receive_people') 的文本值为:全部终端
 Tue, 21 Jan 2020 15:34:44  INFO basepage.py wait_ele_visible [ line:42 ] 等待 筛选结果中的支付状态  元素  ('id', 'com.cashier.jiutongshanghu:id/tv_pay_status') 可见成功。耗时：0:00:00.087876
 Tue, 21 Jan 2020 15:34:44  INFO basepage.py wait_ele_exists [ line:57 ] 等待 筛选结果中的支付状态  元素  ('id', 'com.cashier.jiutongshanghu:id/tv_pay_status') 存在成功。耗时：0:00:00.075428
 Tue, 21 Jan 2020 15:34:44  INFO basepage.py get_element [ line:79 ] 查找  筛选结果中的支付状态 元素 ('id', 'com.cashier.jiutongshanghu:id/tv_pay_status') 成功
 Tue, 21 Jan 2020 15:34:44  INFO basepage.py get_text [ line:185 ] 获取 筛选结果中的支付状态 元素 ('id', 'com.cashier.jiutongshanghu:id/tv_pay_status') 的文本值为:退款成功
 Tue, 21 Jan 2020 15:34:45  INFO basepage.py wait_ele_visible [ line:42 ] 等待 筛选结果中的收款金额  元素  ('id', 'com.cashier.jiutongshanghu:id/tv_success_money') 可见成功。耗时：0:00:00.533957
 Tue, 21 Jan 2020 15:34:45  INFO basepage.py wait_ele_exists [ line:57 ] 等待 筛选结果中的收款金额  元素  ('id', 'com.cashier.jiutongshanghu:id/tv_success_money') 存在成功。耗时：0:00:00.069613
 Tue, 21 Jan 2020 15:34:45  INFO basepage.py get_element [ line:79 ] 查找  筛选结果中的收款金额 元素 ('id', 'com.cashier.jiutongshanghu:id/tv_success_money') 成功
 Tue, 21 Jan 2020 15:34:45  INFO basepage.py get_text [ line:185 ] 获取 筛选结果中的收款金额 元素 ('id', 'com.cashier.jiutongshanghu:id/tv_success_money') 的文本值为:0.00
 Tue, 21 Jan 2020 15:34:45  INFO basepage.py wait_ele_visible [ line:42 ] 等待 筛选结果中的退款金额  元素  ('id', 'com.cashier.jiutongshanghu:id/tv_refund_money') 可见成功。耗时：0:00:00.089707
 Tue, 21 Jan 2020 15:34:45  INFO basepage.py wait_ele_exists [ line:57 ] 等待 筛选结果中的退款金额  元素  ('id', 'com.cashier.jiutongshanghu:id/tv_refund_money') 存在成功。耗时：0:00:00.048660
 Tue, 21 Jan 2020 15:34:45  INFO basepage.py get_element [ line:79 ] 查找  筛选结果中的退款金额 元素 ('id', 'com.cashier.jiutongshanghu:id/tv_refund_money') 成功
 Tue, 21 Jan 2020 15:34:45  INFO basepage.py get_text [ line:185 ] 获取 筛选结果中的退款金额 元素 ('id', 'com.cashier.jiutongshanghu:id/tv_refund_money') 的文本值为:62.93
 Tue, 21 Jan 2020 15:34:45  INFO basepage.py wait_ele_visible [ line:42 ] 等待 筛选结果的返回按钮  元素  ('id', 'com.cashier.jiutongshanghu:id/back_iv') 可见成功。耗时：0:00:00.052103
 Tue, 21 Jan 2020 15:34:45  INFO basepage.py wait_ele_visible [ line:42 ] 等待 筛选结果的返回按钮  元素  ('id', 'com.cashier.jiutongshanghu:id/back_iv') 可见成功。耗时：0:00:00.056170
 Tue, 21 Jan 2020 15:34:45  INFO basepage.py get_element [ line:79 ] 查找  筛选结果的返回按钮 元素 ('id', 'com.cashier.jiutongshanghu:id/back_iv') 成功
 Tue, 21 Jan 2020 15:34:45  INFO basepage.py click_element [ line:121 ] 点击  筛选结果的返回按钮 元素 ('id', 'com.cashier.jiutongshanghu:id/back_iv') 成功！
 Tue, 21 Jan 2020 15:34:47  INFO basepage.py wait_ele_visible [ line:42 ] 等待 账单列表的返回按钮  元素  ('id', 'com.cashier.jiutongshanghu:id/back_iv') 可见成功。耗时：0:00:01.512260
 Tue, 21 Jan 2020 15:34:47  INFO basepage.py wait_ele_visible [ line:42 ] 等待 账单列表的返回按钮  元素  ('id', 'com.cashier.jiutongshanghu:id/back_iv') 可见成功。耗时：0:00:00.063367
 Tue, 21 Jan 2020 15:34:47  INFO basepage.py get_element [ line:79 ] 查找  账单列表的返回按钮 元素 ('id', 'com.cashier.jiutongshanghu:id/back_iv') 成功
 Tue, 21 Jan 2020 15:34:47  INFO basepage.py click_element [ line:121 ] 点击  账单列表的返回按钮 元素 ('id', 'com.cashier.jiutongshanghu:id/back_iv') 成功！
 Tue, 21 Jan 2020 15:34:49  INFO basepage.py wait_ele_visible [ line:42 ] 等待 首页_等待 我的 元素可见  元素  ('id', 'com.cashier.jiutongshanghu:id/iv_tab_icon') 可见成功。耗时：0:00:01.891072
 Tue, 21 Jan 2020 15:34:49  INFO basepage.py get_element [ line:79 ] 查找  首页_等待 我的 元素可见 元素 ('id', 'com.cashier.jiutongshanghu:id/iv_tab_icon') 成功
 Tue, 21 Jan 2020 15:34:50  INFO basepage.py wait_ele_visible [ line:42 ] 等待 我的页_等待 设置 元素可见  元素  ('-android uiautomator', 'new UiSelector().resourceId("com.cashier.jiutongshanghu:id/tv_setting")') 可见成功。耗时：0:00:01.250763
 Tue, 21 Jan 2020 15:34:51  INFO basepage.py wait_ele_visible [ line:42 ] 等待 我的页_设置按钮  元素  ('-android uiautomator', 'new UiSelector().resourceId("com.cashier.jiutongshanghu:id/tv_setting")') 可见成功。耗时：0:00:00.614565
 Tue, 21 Jan 2020 15:34:51  INFO basepage.py get_element [ line:79 ] 查找  我的页_设置按钮 元素 ('-android uiautomator', 'new UiSelector().resourceId("com.cashier.jiutongshanghu:id/tv_setting")') 成功
 Tue, 21 Jan 2020 15:34:52  INFO basepage.py click_element [ line:121 ] 点击  我的页_设置按钮 元素 ('-android uiautomator', 'new UiSelector().resourceId("com.cashier.jiutongshanghu:id/tv_setting")') 成功！
 Tue, 21 Jan 2020 15:34:52  INFO basepage.py wait_ele_visible [ line:42 ] 等待 设置页_等待 退出登录 元素可见  元素  ('id', 'com.cashier.jiutongshanghu:id/ll_loginout') 可见成功。耗时：0:00:00.060194
 Tue, 21 Jan 2020 15:34:52  INFO basepage.py wait_ele_visible [ line:42 ] 等待 设置页_退出登录按钮按钮  元素  ('id', 'com.cashier.jiutongshanghu:id/ll_loginout') 可见成功。耗时：0:00:00.057000
 Tue, 21 Jan 2020 15:34:52  INFO basepage.py get_element [ line:79 ] 查找  设置页_退出登录按钮按钮 元素 ('id', 'com.cashier.jiutongshanghu:id/ll_loginout') 成功
 Tue, 21 Jan 2020 15:34:52  INFO basepage.py click_element [ line:121 ] 点击  设置页_退出登录按钮按钮 元素 ('id', 'com.cashier.jiutongshanghu:id/ll_loginout') 成功！
 Tue, 21 Jan 2020 15:34:53  INFO basepage.py wait_ele_visible [ line:42 ] 等待 退出登录弹窗_等待 确定 元素可见  元素  ('id', 'com.cashier.jiutongshanghu:id/dialog_normal_rightbtn') 可见成功。耗时：0:00:00.907744
 Tue, 21 Jan 2020 15:34:53  INFO basepage.py wait_ele_visible [ line:42 ] 等待 退出登录弹窗_确定按钮  元素  ('id', 'com.cashier.jiutongshanghu:id/dialog_normal_rightbtn') 可见成功。耗时：0:00:00.047051
 Tue, 21 Jan 2020 15:34:53  INFO basepage.py get_element [ line:79 ] 查找  退出登录弹窗_确定按钮 元素 ('id', 'com.cashier.jiutongshanghu:id/dialog_normal_rightbtn') 成功
 Tue, 21 Jan 2020 15:34:53  INFO basepage.py click_element [ line:121 ] 点击  退出登录弹窗_确定按钮 元素 ('id', 'com.cashier.jiutongshanghu:id/dialog_normal_rightbtn') 成功！
 Tue, 21 Jan 2020 15:34:53  INFO http_request.py request [ line:64 ] 正在发送请求，请求地址：https://api.hczypay.com/api/merchant/login， 请求参数：{'phone': '18971335925', 'password': '335925', 'imei': '919dc52afd82279be4f9ff04288be30a9de665ff8fd68b437dbe93953b8e07c9', 'type': 'jg'}
 Tue, 21 Jan 2020 15:34:53  INFO tools.py get_token [ line:50 ] ===================================
 Tue, 21 Jan 2020 15:34:53  INFO tools.py get_token [ line:51 ] 登录请求地址--> https://api.hczypay.com/api/merchant/login
 Tue, 21 Jan 2020 15:34:53  INFO tools.py get_token [ line:52 ] 登录请求参数--> {'phone': '18971335925', 'password': '335925', 'imei': '919dc52afd82279be4f9ff04288be30a9de665ff8fd68b437dbe93953b8e07c9', 'type': 'jg'}
 Tue, 21 Jan 2020 15:34:53  INFO tools.py get_token [ line:53 ] 登录结果--> {'token': 'eyJ0eXAiOiJKV1QiLCJhbGciOiJIUzI1NiJ9.eyJpc3MiOiJodHRwczovL2FwaS5oY3p5cGF5LmNvbS9hcGkvbWVyY2hhbnQvbG9naW4iLCJpYXQiOjE1Nzk1OTIwOTMsImV4cCI6MTU4ODIzMjA5MywibmJmIjoxNTc5NTkyMDkzLCJqdGkiOiI4M2NkZGQ0NWEzNTVhNDA2YjgzYmZiMTc0NWEwMDI3ZSIsInN1YiI6eyJpZCI6MTU0NDQsInVzZXJfaWQiOjE3MDMsIm1lcmNoYW50X2lkIjpudWxsLCJuYW1lIjoiMTg5NzEzMzU5MjUiLCJwaG9uZSI6IjE4OTcxMzM1OTI1IiwidHlwZSI6Im1lcmNoYW50IiwibWVyY2hhbnRfdHlwZSI6MiwicGlkIjowLCJpbWVpIjoiIiwibW9uZXkiOiIwLjAwIiwiY29uZmlnX2lkIjoiMTIzIiwic3RvcmVfaWQiOiIyMDE5MTIxNzE2MjYxNzgyMjIyIiwiTWVyY2hhbnRJZCI6IiIsImxvZ28iOm51bGx9fQ.IevyF2EWruOYiyby92_n_ZUza3zcezrBRXmVE1-KCUY', 'imei': '919dc52afd82279be4f9ff04288be30a9de665ff8fd68b437dbe93953b8e07c9', 'mtype': 'jg', 'type': '2'}
 Tue, 21 Jan 2020 15:34:53  INFO http_request.py request [ line:64 ] 正在发送请求，请求地址：https://api.hczypay.com/api/merchant/logout， 请求参数：{'phone': '18971335925', 'imei': '919dc52afd82279be4f9ff04288be30a9de665ff8fd68b437dbe93953b8e07c9', 'token': 'eyJ0eXAiOiJKV1QiLCJhbGciOiJIUzI1NiJ9.eyJpc3MiOiJodHRwczovL2FwaS5oY3p5cGF5LmNvbS9hcGkvbWVyY2hhbnQvbG9naW4iLCJpYXQiOjE1Nzk1OTIwOTMsImV4cCI6MTU4ODIzMjA5MywibmJmIjoxNTc5NTkyMDkzLCJqdGkiOiI4M2NkZGQ0NWEzNTVhNDA2YjgzYmZiMTc0NWEwMDI3ZSIsInN1YiI6eyJpZCI6MTU0NDQsInVzZXJfaWQiOjE3MDMsIm1lcmNoYW50X2lkIjpudWxsLCJuYW1lIjoiMTg5NzEzMzU5MjUiLCJwaG9uZSI6IjE4OTcxMzM1OTI1IiwidHlwZSI6Im1lcmNoYW50IiwibWVyY2hhbnRfdHlwZSI6MiwicGlkIjowLCJpbWVpIjoiIiwibW9uZXkiOiIwLjAwIiwiY29uZmlnX2lkIjoiMTIzIiwic3RvcmVfaWQiOiIyMDE5MTIxNzE2MjYxNzgyMjIyIiwiTWVyY2hhbnRJZCI6IiIsImxvZ28iOm51bGx9fQ.IevyF2EWruOYiyby92_n_ZUza3zcezrBRXmVE1-KCUY'}
 Tue, 21 Jan 2020 15:34:53  INFO tools.py logout [ line:67 ] 退出登录结果--> {'status': 1, 'msg': '操作成功', 'data': []}
 Tue, 21 Jan 2020 15:34:55  INFO http_request.py request [ line:64 ] 正在发送请求，请求地址：https://api.hczypay.com/api/merchant/billList， 请求参数：{'page': '1', 'terminalName': '全部终端', 'terminal': '', 'time_start': '2020-01-01 00:00', 'time_end': '2020-01-21 15:34', 'type_source': '', 'token': 'eyJ0eXAiOiJKV1QiLCJhbGciOiJIUzI1NiJ9.eyJpc3MiOiJodHRwczovL2FwaS5oY3p5cGF5LmNvbS9hcGkvbWVyY2hhbnQvbG9naW4iLCJpYXQiOjE1Nzk1OTIwOTMsImV4cCI6MTU4ODIzMjA5MywibmJmIjoxNTc5NTkyMDkzLCJqdGkiOiI4M2NkZGQ0NWEzNTVhNDA2YjgzYmZiMTc0NWEwMDI3ZSIsInN1YiI6eyJpZCI6MTU0NDQsInVzZXJfaWQiOjE3MDMsIm1lcmNoYW50X2lkIjpudWxsLCJuYW1lIjoiMTg5NzEzMzU5MjUiLCJwaG9uZSI6IjE4OTcxMzM1OTI1IiwidHlwZSI6Im1lcmNoYW50IiwibWVyY2hhbnRfdHlwZSI6MiwicGlkIjowLCJpbWVpIjoiIiwibW9uZXkiOiIwLjAwIiwiY29uZmlnX2lkIjoiMTIzIiwic3RvcmVfaWQiOiIyMDE5MTIxNzE2MjYxNzgyMjIyIiwiTWVyY2hhbnRJZCI6IiIsImxvZ28iOm51bGx9fQ.IevyF2EWruOYiyby92_n_ZUza3zcezrBRXmVE1-KCUY', 'storeName': '指定门店', 'store_id': None, 'status': '3'}
 Tue, 21 Jan 2020 15:34:55  INFO api_screen_orderbook.py api_my_order_book [ line:62 ] ======================================
 Tue, 21 Jan 2020 15:34:55  INFO api_screen_orderbook.py api_my_order_book [ line:63 ] 账单筛选请求地址--> https://api.hczypay.com/api/merchant/billList
 Tue, 21 Jan 2020 15:34:55  INFO api_screen_orderbook.py api_my_order_book [ line:64 ] 账单筛选请求参数--> {'page': '1', 'terminalName': '全部终端', 'terminal': '', 'time_start': '2020-01-01 00:00', 'time_end': '2020-01-21 15:34', 'type_source': '', 'token': 'eyJ0eXAiOiJKV1QiLCJhbGciOiJIUzI1NiJ9.eyJpc3MiOiJodHRwczovL2FwaS5oY3p5cGF5LmNvbS9hcGkvbWVyY2hhbnQvbG9naW4iLCJpYXQiOjE1Nzk1OTIwOTMsImV4cCI6MTU4ODIzMjA5MywibmJmIjoxNTc5NTkyMDkzLCJqdGkiOiI4M2NkZGQ0NWEzNTVhNDA2YjgzYmZiMTc0NWEwMDI3ZSIsInN1YiI6eyJpZCI6MTU0NDQsInVzZXJfaWQiOjE3MDMsIm1lcmNoYW50X2lkIjpudWxsLCJuYW1lIjoiMTg5NzEzMzU5MjUiLCJwaG9uZSI6IjE4OTcxMzM1OTI1IiwidHlwZSI6Im1lcmNoYW50IiwibWVyY2hhbnRfdHlwZSI6MiwicGlkIjowLCJpbWVpIjoiIiwibW9uZXkiOiIwLjAwIiwiY29uZmlnX2lkIjoiMTIzIiwic3RvcmVfaWQiOiIyMDE5MTIxNzE2MjYxNzgyMjIyIiwiTWVyY2hhbnRJZCI6IiIsImxvZ28iOm51bGx9fQ.IevyF2EWruOYiyby92_n_ZUza3zcezrBRXmVE1-KCUY', 'storeName': '指定门店', 'store_id': None, 'status': '3'}
 Tue, 21 Jan 2020 15:34:55  INFO api_screen_orderbook.py api_my_order_book [ line:65 ] 账单筛选返回结果--> {'status': 1, 'msg': '操作成功', 'data': {'per_page': '10', 'current_page': '1', 'data': [{'id': '2153670', 'out_trade_no': '200119162036822227228894', 'trade_no': '200119114931822227223809', 'total_amount': '10.11', 'pay_status': '3', 'type_source': 'weixin', 'success_at': '2020-01-19 16:20:38', 'created_at': '2020-01-19 16:20:36', 'date': '2020-01-19', 'year': '2020', 'month': '1', 'day': '19', 'merchant_id': '15444', 'store_id': '2019121716261782222', 'type_desc': '微信支付', 'remark': '', 'device_id': '', 'device_type': '', 'type_id': '1', 'store': {'store_short_name': '吉野家日式料理店', 'store_id': '2019121716261782222'}, 'merchant': {'id': '15444', 'name': '18971335925'}, 'terminal': '其他', 'pay_status_desc': '退款成功', 'type_source_desc': '微信', 'device_name': '', 'success_amount': '0.00', 'success_count': '0.00', 'refund_sum_amount': '10.11', 'refund_sum_count': '1'}, {'id': '1773277', 'out_trade_no': '200116095959822227222380', 'trade_no': '200116095311822227227536', 'total_amount': '2.55', 'pay_status': '3', 'type_source': 'weixin', 'success_at': '2020-01-16 10:00:01', 'created_at': '2020-01-16 09:59:59', 'date': '2020-01-16', 'year': '2020', 'month': '1', 'day': '16', 'merchant_id': '15444', 'store_id': '2019121716261782222', 'type_desc': '微信支付', 'remark': '', 'device_id': '', 'device_type': '', 'type_id': '1', 'store': {'store_short_name': '吉野家日式料理店', 'store_id': '2019121716261782222'}, 'merchant': {'id': '15444', 'name': '18971335925'}, 'terminal': '其他', 'pay_status_desc': '退款成功', 'type_source_desc': '微信', 'device_name': '', 'success_amount': '0.00', 'success_count': '0.00', 'refund_sum_amount': '22.05', 'refund_sum_count': '5'}, {'id': '1773253', 'out_trade_no': '200116095944822227221928', 'trade_no': '200116094913822227222469', 'total_amount': '8.06', 'pay_status': '3', 'type_source': 'weixin', 'success_at': '2020-01-16 09:59:46', 'created_at': '2020-01-16 09:59:44', 'date': '2020-01-16', 'year': '2020', 'month': '1', 'day': '16', 'merchant_id': '15444', 'store_id': '2019121716261782222', 'type_desc': '微信支付', 'remark': '', 'device_id': '', 'device_type': '', 'type_id': '1', 'store': {'store_short_name': '吉野家日式料理店', 'store_id': '2019121716261782222'}, 'merchant': {'id': '15444', 'name': '18971335925'}, 'terminal': '其他', 'pay_status_desc': '退款成功', 'type_source_desc': '微信', 'device_name': '', 'success_amount': '0.00', 'success_count': '0.00', 'refund_sum_amount': '22.05', 'refund_sum_count': '5'}, {'id': '1771833', 'out_trade_no': '200116094346822227227581', 'trade_no': '200116094309822227229299', 'total_amount': '10.12', 'pay_status': '3', 'type_source': 'weixin', 'success_at': '2020-01-16 09:43:48', 'created_at': '2020-01-16 09:43:46', 'date': '2020-01-16', 'year': '2020', 'month': '1', 'day': '16', 'merchant_id': '15444', 'store_id': '2019121716261782222', 'type_desc': '微信支付', 'remark': '', 'device_id': '', 'device_type': '', 'type_id': '1', 'store': {'store_short_name': '吉野家日式料理店', 'store_id': '2019121716261782222'}, 'merchant': {'id': '15444', 'name': '18971335925'}, 'terminal': '其他', 'pay_status_desc': '退款成功', 'type_source_desc': '微信', 'device_name': '', 'success_amount': '0.00', 'success_count': '0.00', 'refund_sum_amount': '22.05', 'refund_sum_count': '5'}, {'id': '1769962', 'out_trade_no': '200116092322822227228842', 'trade_no': '200115094251822227222761', 'total_amount': '0.66', 'pay_status': '3', 'type_source': 'weixin', 'success_at': '2020-01-16 09:23:24', 'created_at': '2020-01-16 09:23:22', 'date': '2020-01-16', 'year': '2020', 'month': '1', 'day': '16', 'merchant_id': '15444', 'store_id': '2019121716261782222', 'type_desc': '微信支付', 'remark': '', 'device_id': '', 'device_type': '', 'type_id': '3', 'store': {'store_short_name': '吉野家日式料理店', 'store_id': '2019121716261782222'}, 'merchant': {'id': '15444', 'name': '18971335925'}, 'terminal': '其他', 'pay_status_desc': '退款成功', 'type_source_desc': '微信', 'device_name': '', 'success_amount': '0.00', 'success_count': '0.00', 'refund_sum_amount': '22.05', 'refund_sum_count': '5'}, {'id': '1769903', 'out_trade_no': '200116092244822227229525', 'trade_no': '200115095028822227226306', 'total_amount': '0.66', 'pay_status': '3', 'type_source': 'weixin', 'success_at': '2020-01-16 09:22:46', 'created_at': '2020-01-16 09:22:44', 'date': '2020-01-16', 'year': '2020', 'month': '1', 'day': '16', 'merchant_id': '15444', 'store_id': '2019121716261782222', 'type_desc': '微信支付', 'remark': '', 'device_id': '', 'device_type': '', 'type_id': '3', 'store': {'store_short_name': '吉野家日式料理店', 'store_id': '2019121716261782222'}, 'merchant': {'id': '15444', 'name': '18971335925'}, 'terminal': '其他', 'pay_status_desc': '退款成功', 'type_source_desc': '微信', 'device_name': '', 'success_amount': '0.00', 'success_count': '0.00', 'refund_sum_amount': '22.05', 'refund_sum_count': '5'}, {'id': '1710722', 'out_trade_no': '200115163249822227224385', 'trade_no': '200115095140822227227903', 'total_amount': '0.66', 'pay_status': '3', 'type_source': 'weixin', 'success_at': '2020-01-15 16:32:51', 'created_at': '2020-01-15 16:32:49', 'date': '2020-01-15', 'year': '2020', 'month': '1', 'day': '15', 'merchant_id': '15444', 'store_id': '2019121716261782222', 'type_desc': '微信支付', 'remark': '', 'device_id': '', 'device_type': '', 'type_id': '3', 'store': {'store_short_name': '吉野家日式料理店', 'store_id': '2019121716261782222'}, 'merchant': {'id': '15444', 'name': '18971335925'}, 'terminal': '其他', 'pay_status_desc': '退款成功', 'type_source_desc': '微信', 'device_name': '', 'success_amount': '0.00', 'success_count': '0.00', 'refund_sum_amount': '3.30', 'refund_sum_count': '5'}, {'id': '1710692', 'out_trade_no': '200115163233822227226512', 'trade_no': '200115095724822227225722', 'total_amount': '0.66', 'pay_status': '3', 'type_source': 'weixin', 'success_at': '2020-01-15 16:32:35', 'created_at': '2020-01-15 16:32:33', 'date': '2020-01-15', 'year': '2020', 'month': '1', 'day': '15', 'merchant_id': '15444', 'store_id': '2019121716261782222', 'type_desc': '微信支付', 'remark': '', 'device_id': '', 'device_type': '', 'type_id': '3', 'store': {'store_short_name': '吉野家日式料理店', 'store_id': '2019121716261782222'}, 'merchant': {'id': '15444', 'name': '18971335925'}, 'terminal': '其他', 'pay_status_desc': '退款成功', 'type_source_desc': '微信', 'device_name': '', 'success_amount': '0.00', 'success_count': '0.00', 'refund_sum_amount': '3.30', 'refund_sum_count': '5'}, {'id': '1710670', 'out_trade_no': '200115163222822227224908', 'trade_no': '200115095732822227224233', 'total_amount': '0.66', 'pay_status': '3', 'type_source': 'weixin', 'success_at': '2020-01-15 16:32:23', 'created_at': '2020-01-15 16:32:22', 'date': '2020-01-15', 'year': '2020', 'month': '1', 'day': '15', 'merchant_id': '15444', 'store_id': '2019121716261782222', 'type_desc': '微信支付', 'remark': '', 'device_id': '', 'device_type': '', 'type_id': '3', 'store': {'store_short_name': '吉野家日式料理店', 'store_id': '2019121716261782222'}, 'merchant': {'id': '15444', 'name': '18971335925'}, 'terminal': '其他', 'pay_status_desc': '退款成功', 'type_source_desc': '微信', 'device_name': '', 'success_amount': '0.00', 'success_count': '0.00', 'refund_sum_amount': '3.30', 'refund_sum_count': '5'}, {'id': '1710645', 'out_trade_no': '200115163211822227229878', 'trade_no': '200115100442822227222421', 'total_amount': '0.66', 'pay_status': '3', 'type_source': 'weixin', 'success_at': '2020-01-15 16:32:12', 'created_at': '2020-01-15 16:32:11', 'date': '2020-01-15', 'year': '2020', 'month': '1', 'day': '15', 'merchant_id': '15444', 'store_id': '2019121716261782222', 'type_desc': '微信支付', 'remark': '', 'device_id': '', 'device_type': '', 'type_id': '3', 'store': {'store_short_name': '吉野家日式料理店', 'store_id': '2019121716261782222'}, 'merchant': {'id': '15444', 'name': '18971335925'}, 'terminal': '其他', 'pay_status_desc': '退款成功', 'type_source_desc': '微信', 'device_name': '', 'success_amount': '0.00', 'success_count': '0.00', 'refund_sum_amount': '3.30', 'refund_sum_count': '5'}], 'inquire': {'storeName': '全部门店', 'terminalName': '全部终端', 'timeStart': '2020-01-01 00:00', 'timeEnd': '2020-01-21 15:34', 'typeSource': '全部', 'orderStatus': '退款成功', 'success_amount': '0.00', 'success_count': '0', 'refund_amount': '62.93', 'refund_count': '21'}, 'is_today': '0', 'today_order_count': {'success_num': '0', 'success_amount': '0.00', 'refund_num': '0', 'refund_amount': '0.00'}}}
 Tue, 21 Jan 2020 15:34:55  INFO api_screen_orderbook.py api_my_order_book [ line:66 ] ======================================
