 Wed, 08 Jan 2020 16:33:36  INFO orderbook_data.py order_screen_data [ line:80 ] 测试数据: [{'login_phone': '18971335925', 'login_pwd': '335925', 'main_store_name': '吉野家日式料理店', 'store_name': '吉野家日式料理店', 'store_id': '2019121716261782222', 'time_desc': None, 'time_start': '2019-12-15 11:30', 'time_end': '2020-01-07 13:11', 'terminal_type': '全部终端', 'terminal_name': None, 'terminal_id': None, 'type_source': '全部', 'status': '全部订单'}, {'login_phone': '18971335925', 'login_pwd': '335925', 'main_store_name': '吉野家日式料理店', 'store_name': '吉野家日式料理店', 'store_id': '2019121716261782222', 'time_desc': None, 'time_start': '2019-12-15 11:30', 'time_end': '2020-01-07 13:11', 'terminal_type': '全部终端', 'terminal_name': None, 'terminal_id': None, 'type_source': '全部', 'status': '支付成功'}, {'login_phone': '18971335925', 'login_pwd': '335925', 'main_store_name': '吉野家日式料理店', 'store_name': '吉野家日式料理店', 'store_id': '2019121716261782222', 'time_desc': None, 'time_start': '2019-12-15 11:30', 'time_end': '2020-01-07 13:11', 'terminal_type': '全部终端', 'terminal_name': None, 'terminal_id': None, 'type_source': '全部', 'status': '退款成功'}, {'login_phone': '18971335925', 'login_pwd': '335925', 'main_store_name': '吉野家日式料理店', 'store_name': '吉野家日式料理店', 'store_id': '2019121716261782222', 'time_desc': None, 'time_start': '2019-12-15 11:30', 'time_end': '2020-01-07 13:11', 'terminal_type': '全部终端', 'terminal_name': None, 'terminal_id': None, 'type_source': '微信', 'status': '全部订单'}, {'login_phone': '18971335925', 'login_pwd': '335925', 'main_store_name': '吉野家日式料理店', 'store_name': '吉野家日式料理店', 'store_id': '2019121716261782222', 'time_desc': None, 'time_start': '2019-12-15 11:30', 'time_end': '2020-01-07 13:11', 'terminal_type': '全部终端', 'terminal_name': None, 'terminal_id': None, 'type_source': '微信', 'status': '支付成功'}, {'login_phone': '18971335925', 'login_pwd': '335925', 'main_store_name': '吉野家日式料理店', 'store_name': '吉野家日式料理店', 'store_id': '2019121716261782222', 'time_desc': None, 'time_start': '2019-12-15 11:30', 'time_end': '2020-01-07 13:11', 'terminal_type': '全部终端', 'terminal_name': None, 'terminal_id': None, 'type_source': '微信', 'status': '退款成功'}, {'login_phone': '18971335925', 'login_pwd': '335925', 'main_store_name': '吉野家日式料理店', 'store_name': '吉野家日式料理店', 'store_id': '2019121716261782222', 'time_desc': None, 'time_start': '2019-12-15 11:30', 'time_end': '2020-01-07 13:11', 'terminal_type': '全部终端', 'terminal_name': None, 'terminal_id': None, 'type_source': '支付宝', 'status': '全部订单'}, {'login_phone': '18971335925', 'login_pwd': '335925', 'main_store_name': '吉野家日式料理店', 'store_name': '吉野家日式料理店', 'store_id': '2019121716261782222', 'time_desc': None, 'time_start': '2019-12-15 11:30', 'time_end': '2020-01-07 13:11', 'terminal_type': '全部终端', 'terminal_name': None, 'terminal_id': None, 'type_source': '支付宝', 'status': '支付成功'}, {'login_phone': '18971335925', 'login_pwd': '335925', 'main_store_name': '吉野家日式料理店', 'store_name': '吉野家日式料理店', 'store_id': '2019121716261782222', 'time_desc': None, 'time_start': '2019-12-15 11:30', 'time_end': '2020-01-07 13:11', 'terminal_type': '全部终端', 'terminal_name': None, 'terminal_id': None, 'type_source': '支付宝', 'status': '退款成功'}, {'login_phone': '18971335925', 'login_pwd': '335925', 'main_store_name': '吉野家日式料理店', 'store_name': '吉野家日式料理店', 'store_id': '2019121716261782222', 'time_desc': None, 'time_start': '2019-12-15 11:30', 'time_end': '2020-01-07 13:11', 'terminal_type': '全部终端', 'terminal_name': None, 'terminal_id': None, 'type_source': '刷卡', 'status': '全部订单'}, {'login_phone': '18971335925', 'login_pwd': '335925', 'main_store_name': '吉野家日式料理店', 'store_name': '吉野家日式料理店', 'store_id': '2019121716261782222', 'time_desc': None, 'time_start': '2019-12-15 11:30', 'time_end': '2020-01-07 13:11', 'terminal_type': '全部终端', 'terminal_name': None, 'terminal_id': None, 'type_source': '刷卡', 'status': '支付成功'}, {'login_phone': '18971335925', 'login_pwd': '335925', 'main_store_name': '吉野家日式料理店', 'store_name': '吉野家日式料理店', 'store_id': '2019121716261782222', 'time_desc': None, 'time_start': '2019-12-15 11:30', 'time_end': '2020-01-07 13:11', 'terminal_type': '全部终端', 'terminal_name': None, 'terminal_id': None, 'type_source': '刷卡', 'status': '退款成功'}, {'login_phone': '18971335925', 'login_pwd': '335925', 'main_store_name': '吉野家日式料理店', 'store_name': '吉野家日式料理店', 'store_id': '2019121716261782222', 'time_desc': None, 'time_start': '2019-12-15 11:30', 'time_end': '2020-01-07 13:11', 'terminal_type': '全部终端', 'terminal_name': None, 'terminal_id': None, 'type_source': '预授权', 'status': '全部订单'}, {'login_phone': '18971335925', 'login_pwd': '335925', 'main_store_name': '吉野家日式料理店', 'store_name': '吉野家日式料理店', 'store_id': '2019121716261782222', 'time_desc': None, 'time_start': '2019-12-15 11:30', 'time_end': '2020-01-07 13:11', 'terminal_type': '全部终端', 'terminal_name': None, 'terminal_id': None, 'type_source': '预授权', 'status': '支付成功'}, {'login_phone': '18971335925', 'login_pwd': '335925', 'main_store_name': '吉野家日式料理店', 'store_name': '吉野家日式料理店', 'store_id': '2019121716261782222', 'time_desc': None, 'time_start': '2019-12-15 11:30', 'time_end': '2020-01-07 13:11', 'terminal_type': '全部终端', 'terminal_name': None, 'terminal_id': None, 'type_source': '预授权', 'status': '退款成功'}, {'login_phone': '18971335925', 'login_pwd': '335925', 'main_store_name': '吉野家日式料理店', 'store_name': '吉野家日式料理店', 'store_id': '2019121716261782222', 'time_desc': None, 'time_start': '2019-12-15 11:30', 'time_end': '2020-01-07 13:11', 'terminal_type': '全部终端', 'terminal_name': None, 'terminal_id': None, 'type_source': '其他', 'status': '全部订单'}, {'login_phone': '18971335925', 'login_pwd': '335925', 'main_store_name': '吉野家日式料理店', 'store_name': '吉野家日式料理店', 'store_id': '2019121716261782222', 'time_desc': None, 'time_start': '2019-12-15 11:30', 'time_end': '2020-01-07 13:11', 'terminal_type': '全部终端', 'terminal_name': None, 'terminal_id': None, 'type_source': '其他', 'status': '支付成功'}, {'login_phone': '18971335925', 'login_pwd': '335925', 'main_store_name': '吉野家日式料理店', 'store_name': '吉野家日式料理店', 'store_id': '2019121716261782222', 'time_desc': None, 'time_start': '2019-12-15 11:30', 'time_end': '2020-01-07 13:11', 'terminal_type': '全部终端', 'terminal_name': None, 'terminal_id': None, 'type_source': '其他', 'status': '退款成功'}]
 Wed, 08 Jan 2020 16:33:36  INFO orderbook_data.py order_screen_data [ line:81 ] 账单筛选测试数据量: 18
 Wed, 08 Jan 2020 16:33:50  INFO basepage.py wait_ele_visible [ line:42 ] 等待 账单按钮  元素  ('-android uiautomator', 'new UiSelector().text("账单")') 可见成功。耗时：0:00:02.551000
 Wed, 08 Jan 2020 16:33:51  INFO basepage.py wait_ele_visible [ line:42 ] 等待 账单按钮  元素  ('-android uiautomator', 'new UiSelector().text("账单")') 可见成功。耗时：0:00:00.262000
 Wed, 08 Jan 2020 16:33:51  INFO basepage.py get_element [ line:79 ] 查找  账单按钮 元素 ('-android uiautomator', 'new UiSelector().text("账单")') 成功
 Wed, 08 Jan 2020 16:33:54  INFO basepage.py click_element [ line:121 ] 点击  账单按钮 元素 ('-android uiautomator', 'new UiSelector().text("账单")') 成功！
 Wed, 08 Jan 2020 16:33:55  INFO basepage.py wait_ele_visible [ line:42 ] 等待 筛选按钮  元素  ('id', 'com.cashier.jiutongshanghu:id/tv_title_zhangdan') 可见成功。耗时：0:00:00.137000
 Wed, 08 Jan 2020 16:33:55  INFO basepage.py wait_ele_visible [ line:42 ] 等待 筛选按钮  元素  ('id', 'com.cashier.jiutongshanghu:id/tv_title_zhangdan') 可见成功。耗时：0:00:00.094000
 Wed, 08 Jan 2020 16:33:55  INFO basepage.py get_element [ line:79 ] 查找  筛选按钮 元素 ('id', 'com.cashier.jiutongshanghu:id/tv_title_zhangdan') 成功
 Wed, 08 Jan 2020 16:33:55  INFO basepage.py click_element [ line:121 ] 点击  筛选按钮 元素 ('id', 'com.cashier.jiutongshanghu:id/tv_title_zhangdan') 成功！
 Wed, 08 Jan 2020 16:33:56  INFO basepage.py wait_ele_visible [ line:42 ] 等待 开始时间  元素  ('id', 'com.cashier.jiutongshanghu:id/nct_start_time') 可见成功。耗时：0:00:00.866000
 Wed, 08 Jan 2020 16:33:56  INFO basepage.py wait_ele_visible [ line:42 ] 等待 开始时间  元素  ('id', 'com.cashier.jiutongshanghu:id/nct_start_time') 可见成功。耗时：0:00:00.113000
 Wed, 08 Jan 2020 16:33:56  INFO basepage.py get_element [ line:79 ] 查找  开始时间 元素 ('id', 'com.cashier.jiutongshanghu:id/nct_start_time') 成功
 Wed, 08 Jan 2020 16:33:56  INFO basepage.py click_element [ line:121 ] 点击  开始时间 元素 ('id', 'com.cashier.jiutongshanghu:id/nct_start_time') 成功！
 Wed, 08 Jan 2020 16:33:57  INFO orderbook_page.py select_datetime [ line:797 ] 滑动输入的时间为-->201912151130
 Wed, 08 Jan 2020 16:33:57  INFO basepage.py get_device_size [ line:247 ] 当前设备的大小为：{'width': 1080, 'height': 2068}
 Wed, 08 Jan 2020 16:33:58  INFO basepage.py save_img_by_custom_size [ line:230 ] 截图成功，截图保存在：C:\Users\Administrator\PycharmProjects\app_automation_sh\output/custom_size_img\时间的年份.png
 Wed, 08 Jan 2020 16:34:00  INFO image_to_text.py picture_text [ line:49 ] 文字识别成功,返回值-->2020
 Wed, 08 Jan 2020 16:34:01  INFO orderbook_page.py select_datetime [ line:811 ] 当前年份是-->2020, 继续滑动...
 Wed, 08 Jan 2020 16:34:01  INFO basepage.py get_device_size [ line:247 ] 当前设备的大小为：{'width': 1080, 'height': 2068}
 Wed, 08 Jan 2020 16:34:03  INFO basepage.py swipe_diy [ line:287 ] 页面滑动，从坐标：108.0,1799.16 滑动到坐标：108.0,1861.2
 Wed, 08 Jan 2020 16:34:04  INFO basepage.py get_device_size [ line:247 ] 当前设备的大小为：{'width': 1080, 'height': 2068}
 Wed, 08 Jan 2020 16:34:04  INFO basepage.py save_img_by_custom_size [ line:230 ] 截图成功，截图保存在：C:\Users\Administrator\PycharmProjects\app_automation_sh\output/custom_size_img\时间的年份.png
 Wed, 08 Jan 2020 16:34:07  INFO image_to_text.py picture_text [ line:49 ] 文字识别成功,返回值-->2019
 Wed, 08 Jan 2020 16:34:08  INFO orderbook_page.py select_datetime [ line:811 ] 年份-->2019 滑动选中OK
 Wed, 08 Jan 2020 16:34:08  INFO basepage.py get_device_size [ line:247 ] 当前设备的大小为：{'width': 1080, 'height': 2068}
 Wed, 08 Jan 2020 16:34:09  INFO basepage.py save_img_by_custom_size [ line:230 ] 截图成功，截图保存在：C:\Users\Administrator\PycharmProjects\app_automation_sh\output/custom_size_img\时间的月份.png
 Wed, 08 Jan 2020 16:34:11  INFO image_to_text.py picture_text [ line:49 ] 文字识别成功,返回值-->01
 Wed, 08 Jan 2020 16:34:12  INFO orderbook_page.py select_datetime [ line:831 ] 当前的月份是-->1, 继续滑动...
 Wed, 08 Jan 2020 16:34:12  INFO basepage.py get_device_size [ line:247 ] 当前设备的大小为：{'width': 1080, 'height': 2068}
 Wed, 08 Jan 2020 16:34:14  INFO basepage.py swipe_diy [ line:287 ] 页面滑动，从坐标：324.0,1861.2 滑动到坐标：324.0,1799.16
 Wed, 08 Jan 2020 16:34:15  INFO basepage.py get_device_size [ line:247 ] 当前设备的大小为：{'width': 1080, 'height': 2068}
 Wed, 08 Jan 2020 16:34:16  INFO basepage.py swipe_diy [ line:287 ] 页面滑动，从坐标：324.0,1861.2 滑动到坐标：324.0,1799.16
 Wed, 08 Jan 2020 16:34:17  INFO basepage.py get_device_size [ line:247 ] 当前设备的大小为：{'width': 1080, 'height': 2068}
 Wed, 08 Jan 2020 16:34:18  INFO basepage.py swipe_diy [ line:287 ] 页面滑动，从坐标：324.0,1861.2 滑动到坐标：324.0,1799.16
 Wed, 08 Jan 2020 16:34:19  INFO basepage.py get_device_size [ line:247 ] 当前设备的大小为：{'width': 1080, 'height': 2068}
 Wed, 08 Jan 2020 16:34:21  INFO basepage.py swipe_diy [ line:287 ] 页面滑动，从坐标：324.0,1861.2 滑动到坐标：324.0,1799.16
 Wed, 08 Jan 2020 16:34:22  INFO basepage.py get_device_size [ line:247 ] 当前设备的大小为：{'width': 1080, 'height': 2068}
 Wed, 08 Jan 2020 16:34:23  INFO basepage.py swipe_diy [ line:287 ] 页面滑动，从坐标：324.0,1861.2 滑动到坐标：324.0,1799.16
 Wed, 08 Jan 2020 16:34:24  INFO basepage.py get_device_size [ line:247 ] 当前设备的大小为：{'width': 1080, 'height': 2068}
 Wed, 08 Jan 2020 16:34:25  INFO basepage.py swipe_diy [ line:287 ] 页面滑动，从坐标：324.0,1861.2 滑动到坐标：324.0,1799.16
 Wed, 08 Jan 2020 16:34:26  INFO basepage.py get_device_size [ line:247 ] 当前设备的大小为：{'width': 1080, 'height': 2068}
 Wed, 08 Jan 2020 16:34:28  INFO basepage.py swipe_diy [ line:287 ] 页面滑动，从坐标：324.0,1861.2 滑动到坐标：324.0,1799.16
 Wed, 08 Jan 2020 16:34:29  INFO basepage.py get_device_size [ line:247 ] 当前设备的大小为：{'width': 1080, 'height': 2068}
 Wed, 08 Jan 2020 16:34:30  INFO basepage.py swipe_diy [ line:287 ] 页面滑动，从坐标：324.0,1861.2 滑动到坐标：324.0,1799.16
 Wed, 08 Jan 2020 16:34:31  INFO basepage.py get_device_size [ line:247 ] 当前设备的大小为：{'width': 1080, 'height': 2068}
 Wed, 08 Jan 2020 16:34:32  INFO basepage.py swipe_diy [ line:287 ] 页面滑动，从坐标：324.0,1861.2 滑动到坐标：324.0,1799.16
 Wed, 08 Jan 2020 16:34:34  INFO basepage.py get_device_size [ line:247 ] 当前设备的大小为：{'width': 1080, 'height': 2068}
 Wed, 08 Jan 2020 16:34:35  INFO basepage.py swipe_diy [ line:287 ] 页面滑动，从坐标：324.0,1861.2 滑动到坐标：324.0,1799.16
 Wed, 08 Jan 2020 16:34:36  INFO basepage.py get_device_size [ line:247 ] 当前设备的大小为：{'width': 1080, 'height': 2068}
 Wed, 08 Jan 2020 16:34:37  INFO basepage.py swipe_diy [ line:287 ] 页面滑动，从坐标：324.0,1861.2 滑动到坐标：324.0,1799.16
 Wed, 08 Jan 2020 16:34:38  INFO basepage.py get_device_size [ line:247 ] 当前设备的大小为：{'width': 1080, 'height': 2068}
 Wed, 08 Jan 2020 16:34:39  INFO basepage.py save_img_by_custom_size [ line:230 ] 截图成功，截图保存在：C:\Users\Administrator\PycharmProjects\app_automation_sh\output/custom_size_img\时间的月份.png
 Wed, 08 Jan 2020 16:34:41  INFO image_to_text.py picture_text [ line:49 ] 文字识别成功,返回值-->12
 Wed, 08 Jan 2020 16:34:42  INFO orderbook_page.py select_datetime [ line:831 ] 月份-->12 滑动选中OK
 Wed, 08 Jan 2020 16:34:42  INFO basepage.py get_device_size [ line:247 ] 当前设备的大小为：{'width': 1080, 'height': 2068}
 Wed, 08 Jan 2020 16:34:43  INFO basepage.py save_img_by_custom_size [ line:230 ] 截图成功，截图保存在：C:\Users\Administrator\PycharmProjects\app_automation_sh\output/custom_size_img\时间的日期.png
 Wed, 08 Jan 2020 16:34:46  INFO image_to_text.py picture_text [ line:49 ] 文字识别成功,返回值-->01
 Wed, 08 Jan 2020 16:34:47  INFO orderbook_page.py select_datetime [ line:859 ] 当前的日期是-->1, 继续滑动...
 Wed, 08 Jan 2020 16:34:47  INFO basepage.py get_device_size [ line:247 ] 当前设备的大小为：{'width': 1080, 'height': 2068}
 Wed, 08 Jan 2020 16:34:48  INFO basepage.py swipe_diy [ line:287 ] 页面滑动，从坐标：529.2,1861.2 滑动到坐标：529.2,1799.16
 Wed, 08 Jan 2020 16:34:49  INFO basepage.py get_device_size [ line:247 ] 当前设备的大小为：{'width': 1080, 'height': 2068}
 Wed, 08 Jan 2020 16:34:50  INFO basepage.py swipe_diy [ line:287 ] 页面滑动，从坐标：529.2,1861.2 滑动到坐标：529.2,1799.16
 Wed, 08 Jan 2020 16:34:52  INFO basepage.py get_device_size [ line:247 ] 当前设备的大小为：{'width': 1080, 'height': 2068}
 Wed, 08 Jan 2020 16:34:53  INFO basepage.py swipe_diy [ line:287 ] 页面滑动，从坐标：529.2,1861.2 滑动到坐标：529.2,1799.16
 Wed, 08 Jan 2020 16:34:54  INFO basepage.py get_device_size [ line:247 ] 当前设备的大小为：{'width': 1080, 'height': 2068}
 Wed, 08 Jan 2020 16:34:55  INFO basepage.py swipe_diy [ line:287 ] 页面滑动，从坐标：529.2,1861.2 滑动到坐标：529.2,1799.16
 Wed, 08 Jan 2020 16:34:56  INFO basepage.py get_device_size [ line:247 ] 当前设备的大小为：{'width': 1080, 'height': 2068}
 Wed, 08 Jan 2020 16:34:58  INFO basepage.py swipe_diy [ line:287 ] 页面滑动，从坐标：529.2,1861.2 滑动到坐标：529.2,1799.16
 Wed, 08 Jan 2020 16:34:59  INFO basepage.py get_device_size [ line:247 ] 当前设备的大小为：{'width': 1080, 'height': 2068}
 Wed, 08 Jan 2020 16:35:00  INFO basepage.py swipe_diy [ line:287 ] 页面滑动，从坐标：529.2,1861.2 滑动到坐标：529.2,1799.16
 Wed, 08 Jan 2020 16:35:01  INFO basepage.py get_device_size [ line:247 ] 当前设备的大小为：{'width': 1080, 'height': 2068}
 Wed, 08 Jan 2020 16:35:02  INFO basepage.py swipe_diy [ line:287 ] 页面滑动，从坐标：529.2,1861.2 滑动到坐标：529.2,1799.16
 Wed, 08 Jan 2020 16:35:03  INFO basepage.py get_device_size [ line:247 ] 当前设备的大小为：{'width': 1080, 'height': 2068}
 Wed, 08 Jan 2020 16:35:05  INFO basepage.py swipe_diy [ line:287 ] 页面滑动，从坐标：529.2,1861.2 滑动到坐标：529.2,1799.16
 Wed, 08 Jan 2020 16:35:06  INFO basepage.py get_device_size [ line:247 ] 当前设备的大小为：{'width': 1080, 'height': 2068}
 Wed, 08 Jan 2020 16:35:07  INFO basepage.py swipe_diy [ line:287 ] 页面滑动，从坐标：529.2,1861.2 滑动到坐标：529.2,1799.16
 Wed, 08 Jan 2020 16:35:08  INFO basepage.py get_device_size [ line:247 ] 当前设备的大小为：{'width': 1080, 'height': 2068}
 Wed, 08 Jan 2020 16:35:09  INFO basepage.py swipe_diy [ line:287 ] 页面滑动，从坐标：529.2,1861.2 滑动到坐标：529.2,1799.16
 Wed, 08 Jan 2020 16:35:10  INFO basepage.py get_device_size [ line:247 ] 当前设备的大小为：{'width': 1080, 'height': 2068}
 Wed, 08 Jan 2020 16:35:12  INFO basepage.py swipe_diy [ line:287 ] 页面滑动，从坐标：529.2,1861.2 滑动到坐标：529.2,1799.16
 Wed, 08 Jan 2020 16:35:13  INFO basepage.py get_device_size [ line:247 ] 当前设备的大小为：{'width': 1080, 'height': 2068}
 Wed, 08 Jan 2020 16:35:14  INFO basepage.py swipe_diy [ line:287 ] 页面滑动，从坐标：529.2,1861.2 滑动到坐标：529.2,1799.16
 Wed, 08 Jan 2020 16:35:15  INFO basepage.py get_device_size [ line:247 ] 当前设备的大小为：{'width': 1080, 'height': 2068}
 Wed, 08 Jan 2020 16:35:17  INFO basepage.py swipe_diy [ line:287 ] 页面滑动，从坐标：529.2,1861.2 滑动到坐标：529.2,1799.16
 Wed, 08 Jan 2020 16:35:18  INFO basepage.py get_device_size [ line:247 ] 当前设备的大小为：{'width': 1080, 'height': 2068}
 Wed, 08 Jan 2020 16:35:19  INFO basepage.py swipe_diy [ line:287 ] 页面滑动，从坐标：529.2,1861.2 滑动到坐标：529.2,1799.16
 Wed, 08 Jan 2020 16:35:20  INFO basepage.py get_device_size [ line:247 ] 当前设备的大小为：{'width': 1080, 'height': 2068}
 Wed, 08 Jan 2020 16:35:21  INFO basepage.py save_img_by_custom_size [ line:230 ] 截图成功，截图保存在：C:\Users\Administrator\PycharmProjects\app_automation_sh\output/custom_size_img\时间的日期.png
 Wed, 08 Jan 2020 16:35:23  INFO image_to_text.py picture_text [ line:49 ] 文字识别成功,返回值-->15
 Wed, 08 Jan 2020 16:35:24  INFO orderbook_page.py select_datetime [ line:859 ] 日期-->15 滑动选中OK
 Wed, 08 Jan 2020 16:35:24  INFO basepage.py get_device_size [ line:247 ] 当前设备的大小为：{'width': 1080, 'height': 2068}
 Wed, 08 Jan 2020 16:35:25  INFO basepage.py save_img_by_custom_size [ line:230 ] 截图成功，截图保存在：C:\Users\Administrator\PycharmProjects\app_automation_sh\output/custom_size_img\时间的小时.png
 Wed, 08 Jan 2020 16:35:28  INFO image_to_text.py picture_text [ line:49 ] 文字识别成功,返回值-->00
 Wed, 08 Jan 2020 16:35:29  INFO orderbook_page.py select_datetime [ line:888 ] 当前的小时是-->0, 继续滑动...
 Wed, 08 Jan 2020 16:35:29  INFO basepage.py get_device_size [ line:247 ] 当前设备的大小为：{'width': 1080, 'height': 2068}
 Wed, 08 Jan 2020 16:35:30  INFO basepage.py swipe_diy [ line:287 ] 页面滑动，从坐标：734.4000000000001,1861.2 滑动到坐标：734.4000000000001,1799.16
 Wed, 08 Jan 2020 16:35:31  INFO basepage.py get_device_size [ line:247 ] 当前设备的大小为：{'width': 1080, 'height': 2068}
 Wed, 08 Jan 2020 16:35:32  INFO basepage.py swipe_diy [ line:287 ] 页面滑动，从坐标：734.4000000000001,1861.2 滑动到坐标：734.4000000000001,1799.16
 Wed, 08 Jan 2020 16:35:33  INFO basepage.py get_device_size [ line:247 ] 当前设备的大小为：{'width': 1080, 'height': 2068}
 Wed, 08 Jan 2020 16:35:35  INFO basepage.py swipe_diy [ line:287 ] 页面滑动，从坐标：734.4000000000001,1861.2 滑动到坐标：734.4000000000001,1799.16
 Wed, 08 Jan 2020 16:35:36  INFO basepage.py get_device_size [ line:247 ] 当前设备的大小为：{'width': 1080, 'height': 2068}
 Wed, 08 Jan 2020 16:35:37  INFO basepage.py swipe_diy [ line:287 ] 页面滑动，从坐标：734.4000000000001,1861.2 滑动到坐标：734.4000000000001,1799.16
 Wed, 08 Jan 2020 16:35:38  INFO basepage.py get_device_size [ line:247 ] 当前设备的大小为：{'width': 1080, 'height': 2068}
 Wed, 08 Jan 2020 16:35:39  INFO basepage.py swipe_diy [ line:287 ] 页面滑动，从坐标：734.4000000000001,1861.2 滑动到坐标：734.4000000000001,1799.16
 Wed, 08 Jan 2020 16:35:41  INFO basepage.py get_device_size [ line:247 ] 当前设备的大小为：{'width': 1080, 'height': 2068}
 Wed, 08 Jan 2020 16:35:42  INFO basepage.py swipe_diy [ line:287 ] 页面滑动，从坐标：734.4000000000001,1861.2 滑动到坐标：734.4000000000001,1799.16
 Wed, 08 Jan 2020 16:35:43  INFO basepage.py get_device_size [ line:247 ] 当前设备的大小为：{'width': 1080, 'height': 2068}
 Wed, 08 Jan 2020 16:35:44  INFO basepage.py swipe_diy [ line:287 ] 页面滑动，从坐标：734.4000000000001,1861.2 滑动到坐标：734.4000000000001,1799.16
 Wed, 08 Jan 2020 16:35:45  INFO basepage.py get_device_size [ line:247 ] 当前设备的大小为：{'width': 1080, 'height': 2068}
 Wed, 08 Jan 2020 16:35:47  INFO basepage.py swipe_diy [ line:287 ] 页面滑动，从坐标：734.4000000000001,1861.2 滑动到坐标：734.4000000000001,1799.16
 Wed, 08 Jan 2020 16:35:48  INFO basepage.py get_device_size [ line:247 ] 当前设备的大小为：{'width': 1080, 'height': 2068}
 Wed, 08 Jan 2020 16:35:49  INFO basepage.py swipe_diy [ line:287 ] 页面滑动，从坐标：734.4000000000001,1861.2 滑动到坐标：734.4000000000001,1799.16
 Wed, 08 Jan 2020 16:35:50  INFO basepage.py get_device_size [ line:247 ] 当前设备的大小为：{'width': 1080, 'height': 2068}
 Wed, 08 Jan 2020 16:35:51  INFO basepage.py swipe_diy [ line:287 ] 页面滑动，从坐标：734.4000000000001,1861.2 滑动到坐标：734.4000000000001,1799.16
 Wed, 08 Jan 2020 16:35:53  INFO basepage.py get_device_size [ line:247 ] 当前设备的大小为：{'width': 1080, 'height': 2068}
 Wed, 08 Jan 2020 16:35:54  INFO basepage.py swipe_diy [ line:287 ] 页面滑动，从坐标：734.4000000000001,1861.2 滑动到坐标：734.4000000000001,1799.16
 Wed, 08 Jan 2020 16:35:55  INFO basepage.py get_device_size [ line:247 ] 当前设备的大小为：{'width': 1080, 'height': 2068}
 Wed, 08 Jan 2020 16:35:56  INFO basepage.py save_img_by_custom_size [ line:230 ] 截图成功，截图保存在：C:\Users\Administrator\PycharmProjects\app_automation_sh\output/custom_size_img\时间的小时.png
 Wed, 08 Jan 2020 16:35:58  INFO image_to_text.py picture_text [ line:49 ] 文字识别成功,返回值-->11
 Wed, 08 Jan 2020 16:35:59  INFO orderbook_page.py select_datetime [ line:888 ] 小时-->11 滑动选中OK
 Wed, 08 Jan 2020 16:35:59  INFO basepage.py get_device_size [ line:247 ] 当前设备的大小为：{'width': 1080, 'height': 2068}
 Wed, 08 Jan 2020 16:36:00  INFO basepage.py save_img_by_custom_size [ line:230 ] 截图成功，截图保存在：C:\Users\Administrator\PycharmProjects\app_automation_sh\output/custom_size_img\时间的分钟.png
 Wed, 08 Jan 2020 16:36:02  INFO image_to_text.py picture_text [ line:49 ] 文字识别成功,返回值-->00
 Wed, 08 Jan 2020 16:36:03  INFO orderbook_page.py select_datetime [ line:916 ] 当前的分钟是-->0, 继续滑动...
 Wed, 08 Jan 2020 16:36:03  INFO basepage.py get_device_size [ line:247 ] 当前设备的大小为：{'width': 1080, 'height': 2068}
 Wed, 08 Jan 2020 16:36:05  INFO basepage.py swipe_diy [ line:287 ] 页面滑动，从坐标：950.4,1861.2 滑动到坐标：950.4,1799.16
 Wed, 08 Jan 2020 16:36:06  INFO basepage.py get_device_size [ line:247 ] 当前设备的大小为：{'width': 1080, 'height': 2068}
 Wed, 08 Jan 2020 16:36:07  INFO basepage.py swipe_diy [ line:287 ] 页面滑动，从坐标：950.4,1861.2 滑动到坐标：950.4,1799.16
 Wed, 08 Jan 2020 16:36:08  INFO basepage.py get_device_size [ line:247 ] 当前设备的大小为：{'width': 1080, 'height': 2068}
 Wed, 08 Jan 2020 16:36:09  INFO basepage.py swipe_diy [ line:287 ] 页面滑动，从坐标：950.4,1861.2 滑动到坐标：950.4,1799.16
 Wed, 08 Jan 2020 16:36:10  INFO basepage.py get_device_size [ line:247 ] 当前设备的大小为：{'width': 1080, 'height': 2068}
 Wed, 08 Jan 2020 16:36:12  INFO basepage.py swipe_diy [ line:287 ] 页面滑动，从坐标：950.4,1861.2 滑动到坐标：950.4,1799.16
 Wed, 08 Jan 2020 16:36:13  INFO basepage.py get_device_size [ line:247 ] 当前设备的大小为：{'width': 1080, 'height': 2068}
 Wed, 08 Jan 2020 16:36:14  INFO basepage.py swipe_diy [ line:287 ] 页面滑动，从坐标：950.4,1861.2 滑动到坐标：950.4,1799.16
 Wed, 08 Jan 2020 16:36:15  INFO basepage.py get_device_size [ line:247 ] 当前设备的大小为：{'width': 1080, 'height': 2068}
 Wed, 08 Jan 2020 16:36:17  INFO basepage.py swipe_diy [ line:287 ] 页面滑动，从坐标：950.4,1861.2 滑动到坐标：950.4,1799.16
 Wed, 08 Jan 2020 16:36:18  INFO basepage.py get_device_size [ line:247 ] 当前设备的大小为：{'width': 1080, 'height': 2068}
 Wed, 08 Jan 2020 16:36:19  INFO basepage.py swipe_diy [ line:287 ] 页面滑动，从坐标：950.4,1861.2 滑动到坐标：950.4,1799.16
 Wed, 08 Jan 2020 16:36:20  INFO basepage.py get_device_size [ line:247 ] 当前设备的大小为：{'width': 1080, 'height': 2068}
 Wed, 08 Jan 2020 16:36:21  INFO basepage.py swipe_diy [ line:287 ] 页面滑动，从坐标：950.4,1861.2 滑动到坐标：950.4,1799.16
 Wed, 08 Jan 2020 16:36:22  INFO basepage.py get_device_size [ line:247 ] 当前设备的大小为：{'width': 1080, 'height': 2068}
 Wed, 08 Jan 2020 16:36:24  INFO basepage.py swipe_diy [ line:287 ] 页面滑动，从坐标：950.4,1861.2 滑动到坐标：950.4,1799.16
 Wed, 08 Jan 2020 16:36:25  INFO basepage.py get_device_size [ line:247 ] 当前设备的大小为：{'width': 1080, 'height': 2068}
 Wed, 08 Jan 2020 16:36:26  INFO basepage.py swipe_diy [ line:287 ] 页面滑动，从坐标：950.4,1861.2 滑动到坐标：950.4,1799.16
 Wed, 08 Jan 2020 16:36:27  INFO basepage.py get_device_size [ line:247 ] 当前设备的大小为：{'width': 1080, 'height': 2068}
 Wed, 08 Jan 2020 16:36:28  INFO basepage.py swipe_diy [ line:287 ] 页面滑动，从坐标：950.4,1861.2 滑动到坐标：950.4,1799.16
 Wed, 08 Jan 2020 16:36:30  INFO basepage.py get_device_size [ line:247 ] 当前设备的大小为：{'width': 1080, 'height': 2068}
 Wed, 08 Jan 2020 16:36:31  INFO basepage.py swipe_diy [ line:287 ] 页面滑动，从坐标：950.4,1861.2 滑动到坐标：950.4,1799.16
 Wed, 08 Jan 2020 16:36:32  INFO basepage.py get_device_size [ line:247 ] 当前设备的大小为：{'width': 1080, 'height': 2068}
 Wed, 08 Jan 2020 16:36:33  INFO basepage.py swipe_diy [ line:287 ] 页面滑动，从坐标：950.4,1861.2 滑动到坐标：950.4,1799.16
 Wed, 08 Jan 2020 16:36:34  INFO basepage.py get_device_size [ line:247 ] 当前设备的大小为：{'width': 1080, 'height': 2068}
 Wed, 08 Jan 2020 16:36:36  INFO basepage.py swipe_diy [ line:287 ] 页面滑动，从坐标：950.4,1861.2 滑动到坐标：950.4,1799.16
 Wed, 08 Jan 2020 16:36:37  INFO basepage.py get_device_size [ line:247 ] 当前设备的大小为：{'width': 1080, 'height': 2068}
 Wed, 08 Jan 2020 16:36:38  INFO basepage.py swipe_diy [ line:287 ] 页面滑动，从坐标：950.4,1861.2 滑动到坐标：950.4,1799.16
 Wed, 08 Jan 2020 16:36:39  INFO basepage.py get_device_size [ line:247 ] 当前设备的大小为：{'width': 1080, 'height': 2068}
 Wed, 08 Jan 2020 16:36:40  INFO basepage.py swipe_diy [ line:287 ] 页面滑动，从坐标：950.4,1861.2 滑动到坐标：950.4,1799.16
 Wed, 08 Jan 2020 16:36:41  INFO basepage.py get_device_size [ line:247 ] 当前设备的大小为：{'width': 1080, 'height': 2068}
 Wed, 08 Jan 2020 16:36:43  INFO basepage.py swipe_diy [ line:287 ] 页面滑动，从坐标：950.4,1861.2 滑动到坐标：950.4,1799.16
 Wed, 08 Jan 2020 16:36:44  INFO basepage.py get_device_size [ line:247 ] 当前设备的大小为：{'width': 1080, 'height': 2068}
 Wed, 08 Jan 2020 16:36:45  INFO basepage.py swipe_diy [ line:287 ] 页面滑动，从坐标：950.4,1861.2 滑动到坐标：950.4,1799.16
 Wed, 08 Jan 2020 16:36:46  INFO basepage.py get_device_size [ line:247 ] 当前设备的大小为：{'width': 1080, 'height': 2068}
 Wed, 08 Jan 2020 16:36:47  INFO basepage.py swipe_diy [ line:287 ] 页面滑动，从坐标：950.4,1861.2 滑动到坐标：950.4,1799.16
 Wed, 08 Jan 2020 16:36:49  INFO basepage.py get_device_size [ line:247 ] 当前设备的大小为：{'width': 1080, 'height': 2068}
 Wed, 08 Jan 2020 16:36:50  INFO basepage.py swipe_diy [ line:287 ] 页面滑动，从坐标：950.4,1861.2 滑动到坐标：950.4,1799.16
 Wed, 08 Jan 2020 16:36:51  INFO basepage.py get_device_size [ line:247 ] 当前设备的大小为：{'width': 1080, 'height': 2068}
 Wed, 08 Jan 2020 16:36:52  INFO basepage.py swipe_diy [ line:287 ] 页面滑动，从坐标：950.4,1861.2 滑动到坐标：950.4,1799.16
 Wed, 08 Jan 2020 16:36:53  INFO basepage.py get_device_size [ line:247 ] 当前设备的大小为：{'width': 1080, 'height': 2068}
 Wed, 08 Jan 2020 16:36:55  INFO basepage.py swipe_diy [ line:287 ] 页面滑动，从坐标：950.4,1861.2 滑动到坐标：950.4,1799.16
 Wed, 08 Jan 2020 16:36:56  INFO basepage.py get_device_size [ line:247 ] 当前设备的大小为：{'width': 1080, 'height': 2068}
 Wed, 08 Jan 2020 16:36:57  INFO basepage.py swipe_diy [ line:287 ] 页面滑动，从坐标：950.4,1861.2 滑动到坐标：950.4,1799.16
 Wed, 08 Jan 2020 16:36:58  INFO basepage.py get_device_size [ line:247 ] 当前设备的大小为：{'width': 1080, 'height': 2068}
 Wed, 08 Jan 2020 16:36:59  INFO basepage.py swipe_diy [ line:287 ] 页面滑动，从坐标：950.4,1861.2 滑动到坐标：950.4,1799.16
 Wed, 08 Jan 2020 16:37:00  INFO basepage.py get_device_size [ line:247 ] 当前设备的大小为：{'width': 1080, 'height': 2068}
 Wed, 08 Jan 2020 16:37:02  INFO basepage.py swipe_diy [ line:287 ] 页面滑动，从坐标：950.4,1861.2 滑动到坐标：950.4,1799.16
 Wed, 08 Jan 2020 16:37:03  INFO basepage.py get_device_size [ line:247 ] 当前设备的大小为：{'width': 1080, 'height': 2068}
 Wed, 08 Jan 2020 16:37:04  INFO basepage.py swipe_diy [ line:287 ] 页面滑动，从坐标：950.4,1861.2 滑动到坐标：950.4,1799.16
 Wed, 08 Jan 2020 16:37:05  INFO basepage.py get_device_size [ line:247 ] 当前设备的大小为：{'width': 1080, 'height': 2068}
 Wed, 08 Jan 2020 16:37:07  INFO basepage.py swipe_diy [ line:287 ] 页面滑动，从坐标：950.4,1861.2 滑动到坐标：950.4,1799.16
 Wed, 08 Jan 2020 16:37:08  INFO basepage.py get_device_size [ line:247 ] 当前设备的大小为：{'width': 1080, 'height': 2068}
 Wed, 08 Jan 2020 16:37:09  INFO basepage.py swipe_diy [ line:287 ] 页面滑动，从坐标：950.4,1861.2 滑动到坐标：950.4,1799.16
 Wed, 08 Jan 2020 16:37:10  INFO basepage.py get_device_size [ line:247 ] 当前设备的大小为：{'width': 1080, 'height': 2068}
 Wed, 08 Jan 2020 16:37:11  INFO basepage.py swipe_diy [ line:287 ] 页面滑动，从坐标：950.4,1861.2 滑动到坐标：950.4,1799.16
 Wed, 08 Jan 2020 16:37:12  INFO basepage.py get_device_size [ line:247 ] 当前设备的大小为：{'width': 1080, 'height': 2068}
 Wed, 08 Jan 2020 16:37:14  INFO basepage.py swipe_diy [ line:287 ] 页面滑动，从坐标：950.4,1861.2 滑动到坐标：950.4,1799.16
 Wed, 08 Jan 2020 16:37:15  INFO basepage.py get_device_size [ line:247 ] 当前设备的大小为：{'width': 1080, 'height': 2068}
 Wed, 08 Jan 2020 16:37:16  INFO basepage.py save_img_by_custom_size [ line:230 ] 截图成功，截图保存在：C:\Users\Administrator\PycharmProjects\app_automation_sh\output/custom_size_img\时间的分钟.png
 Wed, 08 Jan 2020 16:37:18  INFO image_to_text.py picture_text [ line:49 ] 文字识别成功,返回值-->30
 Wed, 08 Jan 2020 16:37:19  INFO orderbook_page.py select_datetime [ line:916 ] 分钟-->30 滑动选中OK
 Wed, 08 Jan 2020 16:37:19  INFO basepage.py wait_ele_visible [ line:42 ] 等待 选择时间确定按钮  元素  ('id', 'com.cashier.jiutongshanghu:id/btnSubmit') 可见成功。耗时：0:00:00.123000
 Wed, 08 Jan 2020 16:37:19  INFO basepage.py wait_ele_visible [ line:42 ] 等待 选择时间确定按钮  元素  ('id', 'com.cashier.jiutongshanghu:id/btnSubmit') 可见成功。耗时：0:00:00.095000
 Wed, 08 Jan 2020 16:37:19  INFO basepage.py get_element [ line:79 ] 查找  选择时间确定按钮 元素 ('id', 'com.cashier.jiutongshanghu:id/btnSubmit') 成功
 Wed, 08 Jan 2020 16:37:19  INFO basepage.py click_element [ line:121 ] 点击  选择时间确定按钮 元素 ('id', 'com.cashier.jiutongshanghu:id/btnSubmit') 成功！
 Wed, 08 Jan 2020 16:37:20  INFO basepage.py wait_ele_visible [ line:42 ] 等待 结束时间  元素  ('id', 'com.cashier.jiutongshanghu:id/nct_end_time') 可见成功。耗时：0:00:00.786000
 Wed, 08 Jan 2020 16:37:20  INFO basepage.py wait_ele_visible [ line:42 ] 等待 结束时间  元素  ('id', 'com.cashier.jiutongshanghu:id/nct_end_time') 可见成功。耗时：0:00:00.108000
 Wed, 08 Jan 2020 16:37:20  INFO basepage.py get_element [ line:79 ] 查找  结束时间 元素 ('id', 'com.cashier.jiutongshanghu:id/nct_end_time') 成功
 Wed, 08 Jan 2020 16:37:20  INFO basepage.py click_element [ line:121 ] 点击  结束时间 元素 ('id', 'com.cashier.jiutongshanghu:id/nct_end_time') 成功！
 Wed, 08 Jan 2020 16:37:21  INFO orderbook_page.py select_datetime [ line:797 ] 滑动输入的时间为-->2020171311
 Wed, 08 Jan 2020 16:37:21  INFO basepage.py get_device_size [ line:247 ] 当前设备的大小为：{'width': 1080, 'height': 2068}
 Wed, 08 Jan 2020 16:37:22  INFO basepage.py save_img_by_custom_size [ line:230 ] 截图成功，截图保存在：C:\Users\Administrator\PycharmProjects\app_automation_sh\output/custom_size_img\时间的年份.png
 Wed, 08 Jan 2020 16:37:25  INFO image_to_text.py picture_text [ line:49 ] 文字识别成功,返回值-->2020
 Wed, 08 Jan 2020 16:37:26  INFO orderbook_page.py select_datetime [ line:811 ] 年份-->2020 滑动选中OK
 Wed, 08 Jan 2020 16:37:26  INFO basepage.py get_device_size [ line:247 ] 当前设备的大小为：{'width': 1080, 'height': 2068}
 Wed, 08 Jan 2020 16:37:27  INFO basepage.py save_img_by_custom_size [ line:230 ] 截图成功，截图保存在：C:\Users\Administrator\PycharmProjects\app_automation_sh\output/custom_size_img\时间的月份.png
 Wed, 08 Jan 2020 16:37:29  INFO image_to_text.py picture_text [ line:49 ] 文字识别成功,返回值-->01
 Wed, 08 Jan 2020 16:37:30  INFO orderbook_page.py select_datetime [ line:831 ] 月份-->1 滑动选中OK
 Wed, 08 Jan 2020 16:37:30  INFO basepage.py get_device_size [ line:247 ] 当前设备的大小为：{'width': 1080, 'height': 2068}
 Wed, 08 Jan 2020 16:37:31  INFO basepage.py save_img_by_custom_size [ line:230 ] 截图成功，截图保存在：C:\Users\Administrator\PycharmProjects\app_automation_sh\output/custom_size_img\时间的日期.png
 Wed, 08 Jan 2020 16:37:33  INFO image_to_text.py picture_text [ line:49 ] 文字识别成功,返回值-->08
 Wed, 08 Jan 2020 16:37:34  INFO orderbook_page.py select_datetime [ line:859 ] 当前的日期是-->8, 继续滑动...
 Wed, 08 Jan 2020 16:37:34  INFO basepage.py get_device_size [ line:247 ] 当前设备的大小为：{'width': 1080, 'height': 2068}
 Wed, 08 Jan 2020 16:37:36  INFO basepage.py swipe_diy [ line:287 ] 页面滑动，从坐标：529.2,1799.16 滑动到坐标：529.2,1861.2
 Wed, 08 Jan 2020 16:37:37  INFO basepage.py get_device_size [ line:247 ] 当前设备的大小为：{'width': 1080, 'height': 2068}
 Wed, 08 Jan 2020 16:37:37  INFO basepage.py save_img_by_custom_size [ line:230 ] 截图成功，截图保存在：C:\Users\Administrator\PycharmProjects\app_automation_sh\output/custom_size_img\时间的日期.png
 Wed, 08 Jan 2020 16:37:40  INFO image_to_text.py picture_text [ line:49 ] 文字识别成功,返回值-->07
 Wed, 08 Jan 2020 16:37:41  INFO orderbook_page.py select_datetime [ line:859 ] 日期-->7 滑动选中OK
 Wed, 08 Jan 2020 16:37:41  INFO basepage.py get_device_size [ line:247 ] 当前设备的大小为：{'width': 1080, 'height': 2068}
 Wed, 08 Jan 2020 16:37:42  INFO basepage.py save_img_by_custom_size [ line:230 ] 截图成功，截图保存在：C:\Users\Administrator\PycharmProjects\app_automation_sh\output/custom_size_img\时间的小时.png
 Wed, 08 Jan 2020 16:37:44  INFO image_to_text.py picture_text [ line:49 ] 文字识别成功,返回值-->16
 Wed, 08 Jan 2020 16:37:45  INFO orderbook_page.py select_datetime [ line:888 ] 当前的小时是-->16, 继续滑动...
 Wed, 08 Jan 2020 16:37:45  INFO basepage.py get_device_size [ line:247 ] 当前设备的大小为：{'width': 1080, 'height': 2068}
 Wed, 08 Jan 2020 16:37:46  INFO basepage.py swipe_diy [ line:287 ] 页面滑动，从坐标：734.4000000000001,1799.16 滑动到坐标：734.4000000000001,1861.2
 Wed, 08 Jan 2020 16:37:47  INFO basepage.py get_device_size [ line:247 ] 当前设备的大小为：{'width': 1080, 'height': 2068}
 Wed, 08 Jan 2020 16:37:49  INFO basepage.py swipe_diy [ line:287 ] 页面滑动，从坐标：734.4000000000001,1799.16 滑动到坐标：734.4000000000001,1861.2
 Wed, 08 Jan 2020 16:37:50  INFO basepage.py get_device_size [ line:247 ] 当前设备的大小为：{'width': 1080, 'height': 2068}
 Wed, 08 Jan 2020 16:37:51  INFO basepage.py swipe_diy [ line:287 ] 页面滑动，从坐标：734.4000000000001,1799.16 滑动到坐标：734.4000000000001,1861.2
 Wed, 08 Jan 2020 16:37:52  INFO basepage.py get_device_size [ line:247 ] 当前设备的大小为：{'width': 1080, 'height': 2068}
 Wed, 08 Jan 2020 16:37:53  INFO basepage.py save_img_by_custom_size [ line:230 ] 截图成功，截图保存在：C:\Users\Administrator\PycharmProjects\app_automation_sh\output/custom_size_img\时间的小时.png
 Wed, 08 Jan 2020 16:37:55  INFO image_to_text.py picture_text [ line:49 ] 文字识别成功,返回值-->13
 Wed, 08 Jan 2020 16:37:56  INFO orderbook_page.py select_datetime [ line:888 ] 小时-->13 滑动选中OK
 Wed, 08 Jan 2020 16:37:56  INFO basepage.py get_device_size [ line:247 ] 当前设备的大小为：{'width': 1080, 'height': 2068}
 Wed, 08 Jan 2020 16:37:57  INFO basepage.py save_img_by_custom_size [ line:230 ] 截图成功，截图保存在：C:\Users\Administrator\PycharmProjects\app_automation_sh\output/custom_size_img\时间的分钟.png
 Wed, 08 Jan 2020 16:38:00  INFO image_to_text.py picture_text [ line:49 ] 文字识别成功,返回值-->33
 Wed, 08 Jan 2020 16:38:01  INFO orderbook_page.py select_datetime [ line:916 ] 当前的分钟是-->33, 继续滑动...
 Wed, 08 Jan 2020 16:38:01  INFO basepage.py get_device_size [ line:247 ] 当前设备的大小为：{'width': 1080, 'height': 2068}
 Wed, 08 Jan 2020 16:38:02  INFO basepage.py swipe_diy [ line:287 ] 页面滑动，从坐标：950.4,1799.16 滑动到坐标：950.4,1861.2
 Wed, 08 Jan 2020 16:38:03  INFO basepage.py get_device_size [ line:247 ] 当前设备的大小为：{'width': 1080, 'height': 2068}
 Wed, 08 Jan 2020 16:38:04  INFO basepage.py swipe_diy [ line:287 ] 页面滑动，从坐标：950.4,1799.16 滑动到坐标：950.4,1861.2
 Wed, 08 Jan 2020 16:38:05  INFO basepage.py get_device_size [ line:247 ] 当前设备的大小为：{'width': 1080, 'height': 2068}
 Wed, 08 Jan 2020 16:38:07  INFO basepage.py swipe_diy [ line:287 ] 页面滑动，从坐标：950.4,1799.16 滑动到坐标：950.4,1861.2
 Wed, 08 Jan 2020 16:38:08  INFO basepage.py get_device_size [ line:247 ] 当前设备的大小为：{'width': 1080, 'height': 2068}
 Wed, 08 Jan 2020 16:38:09  INFO basepage.py swipe_diy [ line:287 ] 页面滑动，从坐标：950.4,1799.16 滑动到坐标：950.4,1861.2
 Wed, 08 Jan 2020 16:38:10  INFO basepage.py get_device_size [ line:247 ] 当前设备的大小为：{'width': 1080, 'height': 2068}
 Wed, 08 Jan 2020 16:38:11  INFO basepage.py swipe_diy [ line:287 ] 页面滑动，从坐标：950.4,1799.16 滑动到坐标：950.4,1861.2
 Wed, 08 Jan 2020 16:38:13  INFO basepage.py get_device_size [ line:247 ] 当前设备的大小为：{'width': 1080, 'height': 2068}
 Wed, 08 Jan 2020 16:38:14  INFO basepage.py swipe_diy [ line:287 ] 页面滑动，从坐标：950.4,1799.16 滑动到坐标：950.4,1861.2
 Wed, 08 Jan 2020 16:38:15  INFO basepage.py get_device_size [ line:247 ] 当前设备的大小为：{'width': 1080, 'height': 2068}
 Wed, 08 Jan 2020 16:38:16  INFO basepage.py swipe_diy [ line:287 ] 页面滑动，从坐标：950.4,1799.16 滑动到坐标：950.4,1861.2
 Wed, 08 Jan 2020 16:38:17  INFO basepage.py get_device_size [ line:247 ] 当前设备的大小为：{'width': 1080, 'height': 2068}
 Wed, 08 Jan 2020 16:38:19  INFO basepage.py swipe_diy [ line:287 ] 页面滑动，从坐标：950.4,1799.16 滑动到坐标：950.4,1861.2
 Wed, 08 Jan 2020 16:38:20  INFO basepage.py get_device_size [ line:247 ] 当前设备的大小为：{'width': 1080, 'height': 2068}
 Wed, 08 Jan 2020 16:38:21  INFO basepage.py swipe_diy [ line:287 ] 页面滑动，从坐标：950.4,1799.16 滑动到坐标：950.4,1861.2
 Wed, 08 Jan 2020 16:38:22  INFO basepage.py get_device_size [ line:247 ] 当前设备的大小为：{'width': 1080, 'height': 2068}
 Wed, 08 Jan 2020 16:38:23  INFO basepage.py swipe_diy [ line:287 ] 页面滑动，从坐标：950.4,1799.16 滑动到坐标：950.4,1861.2
 Wed, 08 Jan 2020 16:38:24  INFO basepage.py get_device_size [ line:247 ] 当前设备的大小为：{'width': 1080, 'height': 2068}
 Wed, 08 Jan 2020 16:38:26  INFO basepage.py swipe_diy [ line:287 ] 页面滑动，从坐标：950.4,1799.16 滑动到坐标：950.4,1861.2
 Wed, 08 Jan 2020 16:38:27  INFO basepage.py get_device_size [ line:247 ] 当前设备的大小为：{'width': 1080, 'height': 2068}
 Wed, 08 Jan 2020 16:38:28  INFO basepage.py swipe_diy [ line:287 ] 页面滑动，从坐标：950.4,1799.16 滑动到坐标：950.4,1861.2
 Wed, 08 Jan 2020 16:38:29  INFO basepage.py get_device_size [ line:247 ] 当前设备的大小为：{'width': 1080, 'height': 2068}
 Wed, 08 Jan 2020 16:38:30  INFO basepage.py swipe_diy [ line:287 ] 页面滑动，从坐标：950.4,1799.16 滑动到坐标：950.4,1861.2
 Wed, 08 Jan 2020 16:38:31  INFO basepage.py get_device_size [ line:247 ] 当前设备的大小为：{'width': 1080, 'height': 2068}
 Wed, 08 Jan 2020 16:38:33  INFO basepage.py swipe_diy [ line:287 ] 页面滑动，从坐标：950.4,1799.16 滑动到坐标：950.4,1861.2
 Wed, 08 Jan 2020 16:38:34  INFO basepage.py get_device_size [ line:247 ] 当前设备的大小为：{'width': 1080, 'height': 2068}
 Wed, 08 Jan 2020 16:38:35  INFO basepage.py swipe_diy [ line:287 ] 页面滑动，从坐标：950.4,1799.16 滑动到坐标：950.4,1861.2
 Wed, 08 Jan 2020 16:38:36  INFO basepage.py get_device_size [ line:247 ] 当前设备的大小为：{'width': 1080, 'height': 2068}
 Wed, 08 Jan 2020 16:38:38  INFO basepage.py swipe_diy [ line:287 ] 页面滑动，从坐标：950.4,1799.16 滑动到坐标：950.4,1861.2
 Wed, 08 Jan 2020 16:38:39  INFO basepage.py get_device_size [ line:247 ] 当前设备的大小为：{'width': 1080, 'height': 2068}
 Wed, 08 Jan 2020 16:38:40  INFO basepage.py swipe_diy [ line:287 ] 页面滑动，从坐标：950.4,1799.16 滑动到坐标：950.4,1861.2
 Wed, 08 Jan 2020 16:38:41  INFO basepage.py get_device_size [ line:247 ] 当前设备的大小为：{'width': 1080, 'height': 2068}
 Wed, 08 Jan 2020 16:38:42  INFO basepage.py swipe_diy [ line:287 ] 页面滑动，从坐标：950.4,1799.16 滑动到坐标：950.4,1861.2
 Wed, 08 Jan 2020 16:38:43  INFO basepage.py get_device_size [ line:247 ] 当前设备的大小为：{'width': 1080, 'height': 2068}
 Wed, 08 Jan 2020 16:38:45  INFO basepage.py swipe_diy [ line:287 ] 页面滑动，从坐标：950.4,1799.16 滑动到坐标：950.4,1861.2
 Wed, 08 Jan 2020 16:38:46  INFO basepage.py get_device_size [ line:247 ] 当前设备的大小为：{'width': 1080, 'height': 2068}
 Wed, 08 Jan 2020 16:38:47  INFO basepage.py swipe_diy [ line:287 ] 页面滑动，从坐标：950.4,1799.16 滑动到坐标：950.4,1861.2
 Wed, 08 Jan 2020 16:38:48  INFO basepage.py get_device_size [ line:247 ] 当前设备的大小为：{'width': 1080, 'height': 2068}
 Wed, 08 Jan 2020 16:38:50  INFO basepage.py swipe_diy [ line:287 ] 页面滑动，从坐标：950.4,1799.16 滑动到坐标：950.4,1861.2
 Wed, 08 Jan 2020 16:38:51  INFO basepage.py get_device_size [ line:247 ] 当前设备的大小为：{'width': 1080, 'height': 2068}
 Wed, 08 Jan 2020 16:38:52  INFO basepage.py swipe_diy [ line:287 ] 页面滑动，从坐标：950.4,1799.16 滑动到坐标：950.4,1861.2
 Wed, 08 Jan 2020 16:38:53  INFO basepage.py get_device_size [ line:247 ] 当前设备的大小为：{'width': 1080, 'height': 2068}
 Wed, 08 Jan 2020 16:38:54  INFO basepage.py save_img_by_custom_size [ line:230 ] 截图成功，截图保存在：C:\Users\Administrator\PycharmProjects\app_automation_sh\output/custom_size_img\时间的分钟.png
 Wed, 08 Jan 2020 16:38:56  INFO image_to_text.py picture_text [ line:49 ] 文字识别成功,返回值-->11
 Wed, 08 Jan 2020 16:38:57  INFO orderbook_page.py select_datetime [ line:916 ] 分钟-->11 滑动选中OK
 Wed, 08 Jan 2020 16:38:57  INFO basepage.py wait_ele_visible [ line:42 ] 等待 选择时间确定按钮  元素  ('id', 'com.cashier.jiutongshanghu:id/btnSubmit') 可见成功。耗时：0:00:00.117000
 Wed, 08 Jan 2020 16:38:57  INFO basepage.py wait_ele_visible [ line:42 ] 等待 选择时间确定按钮  元素  ('id', 'com.cashier.jiutongshanghu:id/btnSubmit') 可见成功。耗时：0:00:00.075000
 Wed, 08 Jan 2020 16:38:57  INFO basepage.py get_element [ line:79 ] 查找  选择时间确定按钮 元素 ('id', 'com.cashier.jiutongshanghu:id/btnSubmit') 成功
 Wed, 08 Jan 2020 16:38:57  INFO basepage.py click_element [ line:121 ] 点击  选择时间确定按钮 元素 ('id', 'com.cashier.jiutongshanghu:id/btnSubmit') 成功！
 Wed, 08 Jan 2020 16:38:58  INFO basepage.py wait_ele_visible [ line:42 ] 等待 开始时间  元素  ('id', 'com.cashier.jiutongshanghu:id/nct_start_time') 可见成功。耗时：0:00:00.777000
 Wed, 08 Jan 2020 16:38:58  INFO basepage.py wait_ele_exists [ line:57 ] 等待 开始时间  元素  ('id', 'com.cashier.jiutongshanghu:id/nct_start_time') 存在成功。耗时：0:00:00.068000
 Wed, 08 Jan 2020 16:38:58  INFO basepage.py get_element [ line:79 ] 查找  开始时间 元素 ('id', 'com.cashier.jiutongshanghu:id/nct_start_time') 成功
 Wed, 08 Jan 2020 16:38:58  INFO basepage.py get_text [ line:185 ] 获取 开始时间 元素 ('id', 'com.cashier.jiutongshanghu:id/nct_start_time') 的文本值为:2019-12-15 11:30
 Wed, 08 Jan 2020 16:38:58  INFO basepage.py wait_ele_visible [ line:42 ] 等待 结束时间  元素  ('id', 'com.cashier.jiutongshanghu:id/nct_end_time') 可见成功。耗时：0:00:00.095000
 Wed, 08 Jan 2020 16:38:58  INFO basepage.py wait_ele_exists [ line:57 ] 等待 结束时间  元素  ('id', 'com.cashier.jiutongshanghu:id/nct_end_time') 存在成功。耗时：0:00:00.064000
 Wed, 08 Jan 2020 16:38:59  INFO basepage.py get_element [ line:79 ] 查找  结束时间 元素 ('id', 'com.cashier.jiutongshanghu:id/nct_end_time') 成功
 Wed, 08 Jan 2020 16:38:59  INFO basepage.py get_text [ line:185 ] 获取 结束时间 元素 ('id', 'com.cashier.jiutongshanghu:id/nct_end_time') 的文本值为:2020-01-07 13:11
 Wed, 08 Jan 2020 16:38:59  INFO basepage.py wait_ele_visible [ line:42 ] 等待 选择门店按钮  元素  ('id', 'com.cashier.jiutongshanghu:id/tv_store') 可见成功。耗时：0:00:00.106000
 Wed, 08 Jan 2020 16:38:59  INFO basepage.py wait_ele_visible [ line:42 ] 等待 选择门店按钮  元素  ('id', 'com.cashier.jiutongshanghu:id/tv_store') 可见成功。耗时：0:00:00.548000
 Wed, 08 Jan 2020 16:38:59  INFO basepage.py get_element [ line:79 ] 查找  选择门店按钮 元素 ('id', 'com.cashier.jiutongshanghu:id/tv_store') 成功
 Wed, 08 Jan 2020 16:38:59  INFO basepage.py click_element [ line:121 ] 点击  选择门店按钮 元素 ('id', 'com.cashier.jiutongshanghu:id/tv_store') 成功！
 Wed, 08 Jan 2020 16:39:01  INFO basepage.py wait_ele_visible [ line:42 ] 等待 所有门店按钮  元素  ('id', 'com.cashier.jiutongshanghu:id/cb_all_store') 可见成功。耗时：0:00:01.199000
 Wed, 08 Jan 2020 16:39:01  INFO basepage.py wait_ele_visible [ line:42 ] 等待 所有门店按钮  元素  ('id', 'com.cashier.jiutongshanghu:id/cb_all_store') 可见成功。耗时：0:00:00.073000
 Wed, 08 Jan 2020 16:39:01  INFO basepage.py get_element [ line:79 ] 查找  所有门店按钮 元素 ('id', 'com.cashier.jiutongshanghu:id/cb_all_store') 成功
 Wed, 08 Jan 2020 16:39:01  INFO basepage.py click_element [ line:121 ] 点击  所有门店按钮 元素 ('id', 'com.cashier.jiutongshanghu:id/cb_all_store') 成功！
 Wed, 08 Jan 2020 16:39:01  INFO basepage.py wait_ele_visible [ line:42 ] 等待 门店->吉野家日式料理店  元素  ('-android uiautomator', 'new UiSelector().text("吉野家日式料理店")') 可见成功。耗时：0:00:00.748000
 Wed, 08 Jan 2020 16:39:02  INFO basepage.py wait_ele_visible [ line:42 ] 等待 门店->吉野家日式料理店  元素  ('-android uiautomator', 'new UiSelector().text("吉野家日式料理店")') 可见成功。耗时：0:00:00.102000
 Wed, 08 Jan 2020 16:39:02  INFO basepage.py get_element [ line:79 ] 查找  门店->吉野家日式料理店 元素 ('-android uiautomator', 'new UiSelector().text("吉野家日式料理店")') 成功
 Wed, 08 Jan 2020 16:39:02  INFO basepage.py click_element [ line:121 ] 点击  门店->吉野家日式料理店 元素 ('-android uiautomator', 'new UiSelector().text("吉野家日式料理店")') 成功！
 Wed, 08 Jan 2020 16:39:02  INFO basepage.py wait_ele_visible [ line:42 ] 等待 选择门店后的确定按钮  元素  ('id', 'com.cashier.jiutongshanghu:id/tv_sure') 可见成功。耗时：0:00:00.106000
 Wed, 08 Jan 2020 16:39:03  INFO basepage.py wait_ele_visible [ line:42 ] 等待 选择门店后的确定按钮  元素  ('id', 'com.cashier.jiutongshanghu:id/tv_sure') 可见成功。耗时：0:00:00.086000
 Wed, 08 Jan 2020 16:39:03  INFO basepage.py get_element [ line:79 ] 查找  选择门店后的确定按钮 元素 ('id', 'com.cashier.jiutongshanghu:id/tv_sure') 成功
 Wed, 08 Jan 2020 16:39:03  INFO basepage.py click_element [ line:121 ] 点击  选择门店后的确定按钮 元素 ('id', 'com.cashier.jiutongshanghu:id/tv_sure') 成功！
 Wed, 08 Jan 2020 16:39:03  INFO basepage.py wait_ele_visible [ line:42 ] 等待 支付方式 全部 按钮  元素  ('-android uiautomator', 'new UiSelector().resourceId("com.cashier.jiutongshanghu:id/tv_state").text("全部")') 可见成功。耗时：0:00:00.810000
 Wed, 08 Jan 2020 16:39:04  INFO basepage.py wait_ele_visible [ line:42 ] 等待 支付方式 全部 按钮  元素  ('-android uiautomator', 'new UiSelector().resourceId("com.cashier.jiutongshanghu:id/tv_state").text("全部")') 可见成功。耗时：0:00:00.194000
 Wed, 08 Jan 2020 16:39:04  INFO basepage.py get_element [ line:79 ] 查找  支付方式 全部 按钮 元素 ('-android uiautomator', 'new UiSelector().resourceId("com.cashier.jiutongshanghu:id/tv_state").text("全部")') 成功
 Wed, 08 Jan 2020 16:39:05  INFO basepage.py click_element [ line:121 ] 点击  支付方式 全部 按钮 元素 ('-android uiautomator', 'new UiSelector().resourceId("com.cashier.jiutongshanghu:id/tv_state").text("全部")') 成功！
 Wed, 08 Jan 2020 16:39:05  INFO basepage.py wait_ele_visible [ line:42 ] 等待 支付状态 全部订单 按钮  元素  ('-android uiautomator', 'new UiSelector().resourceId("com.cashier.jiutongshanghu:id/tv_state").text("全部订单")') 可见成功。耗时：0:00:00.184000
 Wed, 08 Jan 2020 16:39:05  INFO basepage.py wait_ele_visible [ line:42 ] 等待 支付状态 全部订单 按钮  元素  ('-android uiautomator', 'new UiSelector().resourceId("com.cashier.jiutongshanghu:id/tv_state").text("全部订单")') 可见成功。耗时：0:00:00.169000
 Wed, 08 Jan 2020 16:39:05  INFO basepage.py get_element [ line:79 ] 查找  支付状态 全部订单 按钮 元素 ('-android uiautomator', 'new UiSelector().resourceId("com.cashier.jiutongshanghu:id/tv_state").text("全部订单")') 成功
 Wed, 08 Jan 2020 16:39:06  INFO basepage.py click_element [ line:121 ] 点击  支付状态 全部订单 按钮 元素 ('-android uiautomator', 'new UiSelector().resourceId("com.cashier.jiutongshanghu:id/tv_state").text("全部订单")') 成功！
 Wed, 08 Jan 2020 16:39:06  INFO basepage.py wait_ele_visible [ line:42 ] 等待 筛选界面的确定按钮  元素  ('id', 'com.cashier.jiutongshanghu:id/nct_confirm') 可见成功。耗时：0:00:00.127000
 Wed, 08 Jan 2020 16:39:06  INFO basepage.py wait_ele_visible [ line:42 ] 等待 筛选界面的确定按钮  元素  ('id', 'com.cashier.jiutongshanghu:id/nct_confirm') 可见成功。耗时：0:00:00.109000
 Wed, 08 Jan 2020 16:39:07  INFO basepage.py get_element [ line:79 ] 查找  筛选界面的确定按钮 元素 ('id', 'com.cashier.jiutongshanghu:id/nct_confirm') 成功
 Wed, 08 Jan 2020 16:39:07  INFO basepage.py click_element [ line:121 ] 点击  筛选界面的确定按钮 元素 ('id', 'com.cashier.jiutongshanghu:id/nct_confirm') 成功！
 Wed, 08 Jan 2020 16:39:09  INFO basepage.py wait_ele_visible [ line:42 ] 等待 筛选结果中的起始时间  元素  ('id', 'com.cashier.jiutongshanghu:id/tv_filter_time') 可见成功。耗时：0:00:00.148000
 Wed, 08 Jan 2020 16:39:09  INFO basepage.py wait_ele_exists [ line:57 ] 等待 筛选结果中的起始时间  元素  ('id', 'com.cashier.jiutongshanghu:id/tv_filter_time') 存在成功。耗时：0:00:00.069000
 Wed, 08 Jan 2020 16:39:09  INFO basepage.py get_element [ line:79 ] 查找  筛选结果中的起始时间 元素 ('id', 'com.cashier.jiutongshanghu:id/tv_filter_time') 成功
 Wed, 08 Jan 2020 16:39:09  INFO basepage.py get_text [ line:185 ] 获取 筛选结果中的起始时间 元素 ('id', 'com.cashier.jiutongshanghu:id/tv_filter_time') 的文本值为:2019-12-15 11:30 - 2020-01-07 13:11
 Wed, 08 Jan 2020 16:39:09  INFO orderbook_page.py screen_order [ line:623 ] 筛选结果中的开始时间为-->2019-12-15 11:30
 Wed, 08 Jan 2020 16:39:09  INFO orderbook_page.py screen_order [ line:625 ] 筛选结果中的结束时间为-->2020-01-07 13:11
 Wed, 08 Jan 2020 16:39:09  INFO basepage.py wait_ele_visible [ line:42 ] 等待 筛选结果中的门店名称  元素  ('id', 'com.cashier.jiutongshanghu:id/tv_mendian_select') 可见成功。耗时：0:00:00.077000
 Wed, 08 Jan 2020 16:39:09  INFO basepage.py wait_ele_exists [ line:57 ] 等待 筛选结果中的门店名称  元素  ('id', 'com.cashier.jiutongshanghu:id/tv_mendian_select') 存在成功。耗时：0:00:00.050000
 Wed, 08 Jan 2020 16:39:09  INFO basepage.py get_element [ line:79 ] 查找  筛选结果中的门店名称 元素 ('id', 'com.cashier.jiutongshanghu:id/tv_mendian_select') 成功
 Wed, 08 Jan 2020 16:39:09  INFO basepage.py get_text [ line:185 ] 获取 筛选结果中的门店名称 元素 ('id', 'com.cashier.jiutongshanghu:id/tv_mendian_select') 的文本值为:指定门店
 Wed, 08 Jan 2020 16:39:09  INFO basepage.py wait_ele_visible [ line:42 ] 等待 筛选结果中的支付方式  元素  ('id', 'com.cashier.jiutongshanghu:id/tv_pay_way') 可见成功。耗时：0:00:00.084000
 Wed, 08 Jan 2020 16:39:09  INFO basepage.py wait_ele_exists [ line:57 ] 等待 筛选结果中的支付方式  元素  ('id', 'com.cashier.jiutongshanghu:id/tv_pay_way') 存在成功。耗时：0:00:00.052000
 Wed, 08 Jan 2020 16:39:09  INFO basepage.py get_element [ line:79 ] 查找  筛选结果中的支付方式 元素 ('id', 'com.cashier.jiutongshanghu:id/tv_pay_way') 成功
 Wed, 08 Jan 2020 16:39:09  INFO basepage.py get_text [ line:185 ] 获取 筛选结果中的支付方式 元素 ('id', 'com.cashier.jiutongshanghu:id/tv_pay_way') 的文本值为:全部
 Wed, 08 Jan 2020 16:39:09  INFO basepage.py wait_ele_visible [ line:42 ] 等待 筛选结果中的收款笔数  元素  ('id', 'com.cashier.jiutongshanghu:id/tv_success_count') 可见成功。耗时：0:00:00.087000
 Wed, 08 Jan 2020 16:39:09  INFO basepage.py wait_ele_exists [ line:57 ] 等待 筛选结果中的收款笔数  元素  ('id', 'com.cashier.jiutongshanghu:id/tv_success_count') 存在成功。耗时：0:00:00.053000
 Wed, 08 Jan 2020 16:39:10  INFO basepage.py get_element [ line:79 ] 查找  筛选结果中的收款笔数 元素 ('id', 'com.cashier.jiutongshanghu:id/tv_success_count') 成功
 Wed, 08 Jan 2020 16:39:10  INFO basepage.py get_text [ line:185 ] 获取 筛选结果中的收款笔数 元素 ('id', 'com.cashier.jiutongshanghu:id/tv_success_count') 的文本值为:49
 Wed, 08 Jan 2020 16:39:10  INFO basepage.py wait_ele_visible [ line:42 ] 等待 筛选结果中的退款笔数  元素  ('id', 'com.cashier.jiutongshanghu:id/tv_refund_count') 可见成功。耗时：0:00:00.077000
 Wed, 08 Jan 2020 16:39:10  INFO basepage.py wait_ele_exists [ line:57 ] 等待 筛选结果中的退款笔数  元素  ('id', 'com.cashier.jiutongshanghu:id/tv_refund_count') 存在成功。耗时：0:00:00.054000
 Wed, 08 Jan 2020 16:39:10  INFO basepage.py get_element [ line:79 ] 查找  筛选结果中的退款笔数 元素 ('id', 'com.cashier.jiutongshanghu:id/tv_refund_count') 成功
 Wed, 08 Jan 2020 16:39:10  INFO basepage.py get_text [ line:185 ] 获取 筛选结果中的退款笔数 元素 ('id', 'com.cashier.jiutongshanghu:id/tv_refund_count') 的文本值为:34
 Wed, 08 Jan 2020 16:39:10  INFO basepage.py wait_ele_visible [ line:42 ] 等待 筛选结果中的收银终端  元素  ('id', 'com.cashier.jiutongshanghu:id/tv_receive_people') 可见成功。耗时：0:00:00.090000
 Wed, 08 Jan 2020 16:39:10  INFO basepage.py wait_ele_exists [ line:57 ] 等待 筛选结果中的收银终端  元素  ('id', 'com.cashier.jiutongshanghu:id/tv_receive_people') 存在成功。耗时：0:00:00.523000
 Wed, 08 Jan 2020 16:39:10  INFO basepage.py get_element [ line:79 ] 查找  筛选结果中的收银终端 元素 ('id', 'com.cashier.jiutongshanghu:id/tv_receive_people') 成功
 Wed, 08 Jan 2020 16:39:10  INFO basepage.py get_text [ line:185 ] 获取 筛选结果中的收银终端 元素 ('id', 'com.cashier.jiutongshanghu:id/tv_receive_people') 的文本值为:全部终端
 Wed, 08 Jan 2020 16:39:11  INFO basepage.py wait_ele_visible [ line:42 ] 等待 筛选结果中的支付状态  元素  ('id', 'com.cashier.jiutongshanghu:id/tv_pay_status') 可见成功。耗时：0:00:00.080000
 Wed, 08 Jan 2020 16:39:11  INFO basepage.py wait_ele_exists [ line:57 ] 等待 筛选结果中的支付状态  元素  ('id', 'com.cashier.jiutongshanghu:id/tv_pay_status') 存在成功。耗时：0:00:00.048000
 Wed, 08 Jan 2020 16:39:11  INFO basepage.py get_element [ line:79 ] 查找  筛选结果中的支付状态 元素 ('id', 'com.cashier.jiutongshanghu:id/tv_pay_status') 成功
 Wed, 08 Jan 2020 16:39:11  INFO basepage.py get_text [ line:185 ] 获取 筛选结果中的支付状态 元素 ('id', 'com.cashier.jiutongshanghu:id/tv_pay_status') 的文本值为:全部
 Wed, 08 Jan 2020 16:39:11  INFO basepage.py wait_ele_visible [ line:42 ] 等待 筛选结果中的收款金额  元素  ('id', 'com.cashier.jiutongshanghu:id/tv_success_money') 可见成功。耗时：0:00:00.546000
 Wed, 08 Jan 2020 16:39:11  INFO basepage.py wait_ele_exists [ line:57 ] 等待 筛选结果中的收款金额  元素  ('id', 'com.cashier.jiutongshanghu:id/tv_success_money') 存在成功。耗时：0:00:00.056000
 Wed, 08 Jan 2020 16:39:11  INFO basepage.py get_element [ line:79 ] 查找  筛选结果中的收款金额 元素 ('id', 'com.cashier.jiutongshanghu:id/tv_success_money') 成功
 Wed, 08 Jan 2020 16:39:11  INFO basepage.py get_text [ line:185 ] 获取 筛选结果中的收款金额 元素 ('id', 'com.cashier.jiutongshanghu:id/tv_success_money') 的文本值为:169.51
 Wed, 08 Jan 2020 16:39:11  INFO basepage.py wait_ele_visible [ line:42 ] 等待 筛选结果中的退款金额  元素  ('id', 'com.cashier.jiutongshanghu:id/tv_refund_money') 可见成功。耗时：0:00:00.075000
 Wed, 08 Jan 2020 16:39:12  INFO basepage.py wait_ele_exists [ line:57 ] 等待 筛选结果中的退款金额  元素  ('id', 'com.cashier.jiutongshanghu:id/tv_refund_money') 存在成功。耗时：0:00:00.061000
 Wed, 08 Jan 2020 16:39:12  INFO basepage.py get_element [ line:79 ] 查找  筛选结果中的退款金额 元素 ('id', 'com.cashier.jiutongshanghu:id/tv_refund_money') 成功
 Wed, 08 Jan 2020 16:39:12  INFO basepage.py get_text [ line:185 ] 获取 筛选结果中的退款金额 元素 ('id', 'com.cashier.jiutongshanghu:id/tv_refund_money') 的文本值为:141.30
 Wed, 08 Jan 2020 16:39:12  INFO basepage.py wait_ele_visible [ line:42 ] 等待 筛选结果的返回按钮  元素  ('id', 'com.cashier.jiutongshanghu:id/back_iv') 可见成功。耗时：0:00:00.069000
 Wed, 08 Jan 2020 16:39:12  INFO basepage.py wait_ele_visible [ line:42 ] 等待 筛选结果的返回按钮  元素  ('id', 'com.cashier.jiutongshanghu:id/back_iv') 可见成功。耗时：0:00:00.074000
 Wed, 08 Jan 2020 16:39:12  INFO basepage.py get_element [ line:79 ] 查找  筛选结果的返回按钮 元素 ('id', 'com.cashier.jiutongshanghu:id/back_iv') 成功
 Wed, 08 Jan 2020 16:39:12  INFO basepage.py click_element [ line:121 ] 点击  筛选结果的返回按钮 元素 ('id', 'com.cashier.jiutongshanghu:id/back_iv') 成功！
 Wed, 08 Jan 2020 16:39:13  INFO basepage.py wait_ele_visible [ line:42 ] 等待 账单列表的返回按钮  元素  ('id', 'com.cashier.jiutongshanghu:id/back_iv') 可见成功。耗时：0:00:01.306000
 Wed, 08 Jan 2020 16:39:13  INFO basepage.py wait_ele_visible [ line:42 ] 等待 账单列表的返回按钮  元素  ('id', 'com.cashier.jiutongshanghu:id/back_iv') 可见成功。耗时：0:00:00.072000
 Wed, 08 Jan 2020 16:39:13  INFO basepage.py get_element [ line:79 ] 查找  账单列表的返回按钮 元素 ('id', 'com.cashier.jiutongshanghu:id/back_iv') 成功
 Wed, 08 Jan 2020 16:39:13  INFO basepage.py click_element [ line:121 ] 点击  账单列表的返回按钮 元素 ('id', 'com.cashier.jiutongshanghu:id/back_iv') 成功！
 Wed, 08 Jan 2020 16:39:13  INFO http_request.py request [ line:64 ] 正在发送请求，请求地址：https://api.hczypay.com/api/merchant/login， 请求参数：{'phone': '18971335925', 'password': '335925', 'imei': '919dc52afd82279be4f9ff04288be30a9de665ff8fd68b437dbe93953b8e07c9', 'type': 'jg'}
 Wed, 08 Jan 2020 16:39:14  INFO tools.py get_token [ line:50 ] ===================================
 Wed, 08 Jan 2020 16:39:14  INFO tools.py get_token [ line:51 ] 登录请求地址--> https://api.hczypay.com/api/merchant/login
 Wed, 08 Jan 2020 16:39:14  INFO tools.py get_token [ line:52 ] 登录请求参数--> {'phone': '18971335925', 'password': '335925', 'imei': '919dc52afd82279be4f9ff04288be30a9de665ff8fd68b437dbe93953b8e07c9', 'type': 'jg'}
 Wed, 08 Jan 2020 16:39:14  INFO tools.py get_token [ line:53 ] 登录结果--> {'token': 'eyJ0eXAiOiJKV1QiLCJhbGciOiJIUzI1NiJ9.eyJpc3MiOiJodHRwczovL2FwaS5oY3p5cGF5LmNvbS9hcGkvbWVyY2hhbnQvbG9naW4iLCJpYXQiOjE1Nzg0NzI3NTMsImV4cCI6MTU4NzExMjc1MywibmJmIjoxNTc4NDcyNzUzLCJqdGkiOiIzNTcwMWY5MmM2MTI1M2ViMTdhZTA1NDMwMzE4NjE4ZCIsInN1YiI6eyJpZCI6MTU0NDQsInVzZXJfaWQiOjE3MDMsIm1lcmNoYW50X2lkIjpudWxsLCJuYW1lIjoiMTg5NzEzMzU5MjUiLCJwaG9uZSI6IjE4OTcxMzM1OTI1IiwidHlwZSI6Im1lcmNoYW50IiwibWVyY2hhbnRfdHlwZSI6MiwicGlkIjowLCJpbWVpIjoiMTkwZTM1ZjdlMDNkZTc5ZmZmNCIsIm1vbmV5IjoiMC4wMCIsImNvbmZpZ19pZCI6IjEyMyIsInN0b3JlX2lkIjoiMjAxOTEyMTcxNjI2MTc4MjIyMiIsIk1lcmNoYW50SWQiOiIiLCJsb2dvIjpudWxsfX0.uAUvfPLF2QYsgzYOhw4LZujWeAvt-9lKU5SdULyW2iY', 'imei': '919dc52afd82279be4f9ff04288be30a9de665ff8fd68b437dbe93953b8e07c9', 'mtype': 'jg', 'type': '2'}
 Wed, 08 Jan 2020 16:39:14  INFO http_request.py request [ line:64 ] 正在发送请求，请求地址：https://api.hczypay.com/api/merchant/logout， 请求参数：{'phone': '18971335925', 'imei': '919dc52afd82279be4f9ff04288be30a9de665ff8fd68b437dbe93953b8e07c9', 'token': 'eyJ0eXAiOiJKV1QiLCJhbGciOiJIUzI1NiJ9.eyJpc3MiOiJodHRwczovL2FwaS5oY3p5cGF5LmNvbS9hcGkvbWVyY2hhbnQvbG9naW4iLCJpYXQiOjE1Nzg0NzI3NTMsImV4cCI6MTU4NzExMjc1MywibmJmIjoxNTc4NDcyNzUzLCJqdGkiOiIzNTcwMWY5MmM2MTI1M2ViMTdhZTA1NDMwMzE4NjE4ZCIsInN1YiI6eyJpZCI6MTU0NDQsInVzZXJfaWQiOjE3MDMsIm1lcmNoYW50X2lkIjpudWxsLCJuYW1lIjoiMTg5NzEzMzU5MjUiLCJwaG9uZSI6IjE4OTcxMzM1OTI1IiwidHlwZSI6Im1lcmNoYW50IiwibWVyY2hhbnRfdHlwZSI6MiwicGlkIjowLCJpbWVpIjoiMTkwZTM1ZjdlMDNkZTc5ZmZmNCIsIm1vbmV5IjoiMC4wMCIsImNvbmZpZ19pZCI6IjEyMyIsInN0b3JlX2lkIjoiMjAxOTEyMTcxNjI2MTc4MjIyMiIsIk1lcmNoYW50SWQiOiIiLCJsb2dvIjpudWxsfX0.uAUvfPLF2QYsgzYOhw4LZujWeAvt-9lKU5SdULyW2iY'}
 Wed, 08 Jan 2020 16:39:14  INFO tools.py logout [ line:67 ] 退出登录结果--> {'status': 1, 'msg': '操作成功', 'data': []}
 Wed, 08 Jan 2020 16:39:15  INFO http_request.py request [ line:64 ] 正在发送请求，请求地址：https://api.hczypay.com/api/merchant/billList， 请求参数：{'page': '1', 'terminalName': '全部终端', 'terminal': '', 'time_start': '2019-12-15 11:30', 'time_end': '2020-01-07 13:11', 'type_source': '', 'token': 'eyJ0eXAiOiJKV1QiLCJhbGciOiJIUzI1NiJ9.eyJpc3MiOiJodHRwczovL2FwaS5oY3p5cGF5LmNvbS9hcGkvbWVyY2hhbnQvbG9naW4iLCJpYXQiOjE1Nzg0NzI3NTMsImV4cCI6MTU4NzExMjc1MywibmJmIjoxNTc4NDcyNzUzLCJqdGkiOiIzNTcwMWY5MmM2MTI1M2ViMTdhZTA1NDMwMzE4NjE4ZCIsInN1YiI6eyJpZCI6MTU0NDQsInVzZXJfaWQiOjE3MDMsIm1lcmNoYW50X2lkIjpudWxsLCJuYW1lIjoiMTg5NzEzMzU5MjUiLCJwaG9uZSI6IjE4OTcxMzM1OTI1IiwidHlwZSI6Im1lcmNoYW50IiwibWVyY2hhbnRfdHlwZSI6MiwicGlkIjowLCJpbWVpIjoiMTkwZTM1ZjdlMDNkZTc5ZmZmNCIsIm1vbmV5IjoiMC4wMCIsImNvbmZpZ19pZCI6IjEyMyIsInN0b3JlX2lkIjoiMjAxOTEyMTcxNjI2MTc4MjIyMiIsIk1lcmNoYW50SWQiOiIiLCJsb2dvIjpudWxsfX0.uAUvfPLF2QYsgzYOhw4LZujWeAvt-9lKU5SdULyW2iY', 'storeName': '指定门店', 'store_id': '2019121716261782222', 'status': ''}
 Wed, 08 Jan 2020 16:39:15  INFO api_screen_orderbook.py api_my_order_book [ line:62 ] ======================================
 Wed, 08 Jan 2020 16:39:15  INFO api_screen_orderbook.py api_my_order_book [ line:63 ] 账单筛选请求地址--> https://api.hczypay.com/api/merchant/billList
 Wed, 08 Jan 2020 16:39:15  INFO api_screen_orderbook.py api_my_order_book [ line:64 ] 账单筛选请求参数--> {'page': '1', 'terminalName': '全部终端', 'terminal': '', 'time_start': '2019-12-15 11:30', 'time_end': '2020-01-07 13:11', 'type_source': '', 'token': 'eyJ0eXAiOiJKV1QiLCJhbGciOiJIUzI1NiJ9.eyJpc3MiOiJodHRwczovL2FwaS5oY3p5cGF5LmNvbS9hcGkvbWVyY2hhbnQvbG9naW4iLCJpYXQiOjE1Nzg0NzI3NTMsImV4cCI6MTU4NzExMjc1MywibmJmIjoxNTc4NDcyNzUzLCJqdGkiOiIzNTcwMWY5MmM2MTI1M2ViMTdhZTA1NDMwMzE4NjE4ZCIsInN1YiI6eyJpZCI6MTU0NDQsInVzZXJfaWQiOjE3MDMsIm1lcmNoYW50X2lkIjpudWxsLCJuYW1lIjoiMTg5NzEzMzU5MjUiLCJwaG9uZSI6IjE4OTcxMzM1OTI1IiwidHlwZSI6Im1lcmNoYW50IiwibWVyY2hhbnRfdHlwZSI6MiwicGlkIjowLCJpbWVpIjoiMTkwZTM1ZjdlMDNkZTc5ZmZmNCIsIm1vbmV5IjoiMC4wMCIsImNvbmZpZ19pZCI6IjEyMyIsInN0b3JlX2lkIjoiMjAxOTEyMTcxNjI2MTc4MjIyMiIsIk1lcmNoYW50SWQiOiIiLCJsb2dvIjpudWxsfX0.uAUvfPLF2QYsgzYOhw4LZujWeAvt-9lKU5SdULyW2iY', 'storeName': '指定门店', 'store_id': '2019121716261782222', 'status': ''}
 Wed, 08 Jan 2020 16:39:15  INFO api_screen_orderbook.py api_my_order_book [ line:65 ] 账单筛选返回结果--> {'status': 1, 'msg': '操作成功', 'data': {'data': [{'id': '779011', 'out_trade_no': '200107115954822228221495', 'trade_no': '200107105327822228122995', 'total_amount': '7.06', 'pay_status': '3', 'type_source': 'weixin', 'success_at': '2020-01-07 12:00:57', 'created_at': '2020-01-07 11:59:54', 'date': '2020-01-07', 'year': '2020', 'month': '1', 'day': '7', 'merchant_id': '15444', 'store_id': '2019121716261782222', 'type_desc': '微信支付', 'remark': '', 'device_id': '', 'device_type': '', 'type_id': '3', 'store': {'store_short_name': '吉野家日式料理店', 'store_id': '2019121716261782222'}, 'merchant': {'id': '15444', 'name': '18971335925'}, 'terminal': '其他', 'pay_status_desc': '退款成功', 'type_source_desc': '微信', 'device_name': '', 'success_amount': '26.18', 'success_count': '3', 'refund_sum_amount': '22.12', 'refund_sum_count': '2'}, {'id': '777118', 'out_trade_no': '200107114533822228226534', 'trade_no': '200107104905822228129284', 'total_amount': '15.06', 'pay_status': '3', 'type_source': 'weixin', 'success_at': '2020-01-07 11:46:36', 'created_at': '2020-01-07 11:45:33', 'date': '2020-01-07', 'year': '2020', 'month': '1', 'day': '7', 'merchant_id': '15444', 'store_id': '2019121716261782222', 'type_desc': '微信支付', 'remark': '', 'device_id': '', 'device_type': '', 'type_id': '3', 'store': {'store_short_name': '吉野家日式料理店', 'store_id': '2019121716261782222'}, 'merchant': {'id': '15444', 'name': '18971335925'}, 'terminal': '其他', 'pay_status_desc': '退款成功', 'type_source_desc': '微信', 'device_name': '', 'success_amount': '26.18', 'success_count': '3', 'refund_sum_amount': '22.12', 'refund_sum_count': '2'}, {'id': '772365', 'out_trade_no': '200107105926822227221235', 'trade_no': '20200107105926002812', 'total_amount': '4.06', 'pay_status': '1', 'type_source': 'weixin', 'success_at': '2020-01-07 10:59:26', 'created_at': '2020-01-07 10:59:26', 'date': '2020-01-07', 'year': '2020', 'month': '1', 'day': '7', 'merchant_id': '15444', 'store_id': '2019121716261782222', 'type_desc': '微信支付', 'remark': 'xcx_menu_pay', 'device_id': '', 'device_type': '', 'type_id': '0', 'store': {'store_short_name': '吉野家日式料理店', 'store_id': '2019121716261782222'}, 'merchant': {'id': '15444', 'name': '18971335925'}, 'terminal': '其他', 'pay_status_desc': '支付成功', 'type_source_desc': '微信', 'device_name': '', 'success_amount': '26.18', 'success_count': '3', 'refund_sum_amount': '22.12', 'refund_sum_count': '2'}, {'id': '771807', 'out_trade_no': '200107105327822228122995', 'trade_no': '1023000023200107105327p2182ce2VX', 'total_amount': '7.06', 'pay_status': '1', 'type_source': 'weixin', 'success_at': '2020-01-07 10:53:34', 'created_at': '2020-01-07 10:53:27', 'date': '2020-01-07', 'year': '2020', 'month': '1', 'day': '7', 'merchant_id': '15444', 'store_id': '2019121716261782222', 'type_desc': '微信支付', 'remark': '', 'device_id': '', 'device_type': '', 'type_id': '3', 'store': {'store_short_name': '吉野家日式料理店', 'store_id': '2019121716261782222'}, 'merchant': {'id': '15444', 'name': '18971335925'}, 'terminal': '其他', 'pay_status_desc': '支付成功', 'type_source_desc': '微信', 'device_name': '', 'success_amount': '26.18', 'success_count': '3', 'refund_sum_amount': '22.12', 'refund_sum_count': '2'}, {'id': '771376', 'out_trade_no': '200107104905822228129284', 'trade_no': '1023000023200107104905mw18622fVT', 'total_amount': '15.06', 'pay_status': '1', 'type_source': 'weixin', 'success_at': '2020-01-07 10:49:14', 'created_at': '2020-01-07 10:49:05', 'date': '2020-01-07', 'year': '2020', 'month': '1', 'day': '7', 'merchant_id': '15444', 'store_id': '2019121716261782222', 'type_desc': '微信支付', 'remark': '', 'device_id': '', 'device_type': '', 'type_id': '3', 'store': {'store_short_name': '吉野家日式料理店', 'store_id': '2019121716261782222'}, 'merchant': {'id': '15444', 'name': '18971335925'}, 'terminal': '其他', 'pay_status_desc': '支付成功', 'type_source_desc': '微信', 'device_name': '', 'success_amount': '26.18', 'success_count': '3', 'refund_sum_amount': '22.12', 'refund_sum_count': '2'}, {'id': '658966', 'out_trade_no': '200106095735822228128970', 'trade_no': '1023000023200106095735erwit7pRVT', 'total_amount': '0.66', 'pay_status': '1', 'type_source': 'weixin', 'success_at': '2020-01-06 09:57:42', 'created_at': '2020-01-06 09:57:35', 'date': '2020-01-06', 'year': '2020', 'month': '1', 'day': '6', 'merchant_id': '15444', 'store_id': '2019121716261782222', 'type_desc': '微信支付', 'remark': '', 'device_id': '2018122515457307981444', 'device_type': 'qr_pay', 'type_id': '3', 'store': {'store_short_name': '吉野家日式料理店', 'store_id': '2019121716261782222'}, 'merchant': {'id': '15444', 'name': '18971335925'}, 'terminal': '收款一号机', 'pay_status_desc': '支付成功', 'type_source_desc': '微信', 'device_name': '码牌', 'success_amount': '1.32', 'success_count': '2', 'refund_sum_amount': '0.00', 'refund_sum_count': '0'}, {'id': '658683', 'out_trade_no': '200106095434822228117258', 'trade_no': '1023000023200106095434eg18kn58Vy', 'total_amount': '0.66', 'pay_status': '1', 'type_source': 'alipay', 'success_at': '2020-01-06 09:54:39', 'created_at': '2020-01-06 09:54:34', 'date': '2020-01-06', 'year': '2020', 'month': '1', 'day': '6', 'merchant_id': '15444', 'store_id': '2019121716261782222', 'type_desc': '支付宝', 'remark': '', 'device_id': '2018122515457307981444', 'device_type': 'qr_pay', 'type_id': '3', 'store': {'store_short_name': '吉野家日式料理店', 'store_id': '2019121716261782222'}, 'merchant': {'id': '15444', 'name': '18971335925'}, 'terminal': '收款一号机', 'pay_status_desc': '支付成功', 'type_source_desc': '支付宝', 'device_name': '码牌', 'success_amount': '1.32', 'success_count': '2', 'refund_sum_amount': '0.00', 'refund_sum_count': '0'}, {'id': '318342', 'out_trade_no': '200103144525822228122502', 'trade_no': '1023000023200103144525chxms49cVX', 'total_amount': '0.01', 'pay_status': '1', 'type_source': 'weixin', 'success_at': '2020-01-03 14:45:34', 'created_at': '2020-01-03 14:45:25', 'date': '2020-01-03', 'year': '2020', 'month': '1', 'day': '3', 'merchant_id': '15444', 'store_id': '2019121716261782222', 'type_desc': '微信支付', 'remark': '', 'device_id': '', 'device_type': '', 'type_id': '3', 'store': {'store_short_name': '吉野家日式料理店', 'store_id': '2019121716261782222'}, 'merchant': {'id': '15444', 'name': '18971335925'}, 'terminal': '其他', 'pay_status_desc': '支付成功', 'type_source_desc': '微信', 'device_name': '', 'success_amount': '0.01', 'success_count': '1', 'refund_sum_amount': '0.00', 'refund_sum_count': '0'}, {'id': '4417912', 'out_trade_no': '191229131748822228115563', 'trade_no': '1023000023191229131748bs185zvOVy', 'total_amount': '1.00', 'pay_status': '1', 'type_source': 'alipay', 'success_at': '2019-12-29 13:17:53', 'created_at': '2019-12-29 13:17:48', 'date': '2019-12-29', 'year': '2019', 'month': '12', 'day': '29', 'merchant_id': '15444', 'store_id': '2019121716261782222', 'type_desc': '支付宝', 'remark': '', 'device_id': '', 'device_type': '', 'type_id': '3', 'store': {'store_short_name': '吉野家日式料理店', 'store_id': '2019121716261782222'}, 'merchant': {'id': '15444', 'name': '18971335925'}, 'terminal': '其他', 'pay_status_desc': '支付成功', 'type_source_desc': '支付宝', 'device_name': '', 'success_amount': '1.00', 'success_count': '1', 'refund_sum_amount': '0.00', 'refund_sum_count': '0'}, {'id': '4039024', 'out_trade_no': '191226170533822227226314', 'trade_no': '191226170445822227227002', 'total_amount': '4.10', 'pay_status': '3', 'type_source': 'weixin', 'success_at': '2019-12-26 17:05:35', 'created_at': '2019-12-26 17:05:33', 'date': '2019-12-26', 'year': '2019', 'month': '12', 'day': '26', 'merchant_id': '15444', 'store_id': '2019121716261782222', 'type_desc': '微信支付', 'remark': '', 'device_id': '', 'device_type': '', 'type_id': '1', 'store': {'store_short_name': '吉野家日式料理店', 'store_id': '2019121716261782222'}, 'merchant': {'id': '15444', 'name': '18971335925'}, 'terminal': '其他', 'pay_status_desc': '退款成功', 'type_source_desc': '微信', 'device_name': '', 'success_amount': '24.44', 'success_count': '11', 'refund_sum_amount': '24.04', 'refund_sum_count': '10'}], 'inquire': {'storeName': '指定门店', 'terminalName': '全部终端', 'timeStart': '2019-12-15 11:30', 'timeEnd': '2020-01-07 13:11', 'typeSource': '全部', 'orderStatus': '全部', 'success_amount': '169.51', 'success_count': '49', 'refund_amount': '141.30', 'refund_count': '34'}, 'is_today': '1', 'today_order_count': {'success_num': '2', 'success_amount': '1.98', 'refund_num': '0', 'refund_amount': '0.00'}}}
 Wed, 08 Jan 2020 16:39:15  INFO api_screen_orderbook.py api_my_order_book [ line:66 ] ======================================
 Wed, 08 Jan 2020 16:39:59  ERROR basepage.py wait_ele_visible [ line:36 ] 等待元素 ('-android uiautomator', 'new UiSelector().text("账单")') 可见 失败！
Traceback (most recent call last):
  File "C:\Users\Administrator\PycharmProjects\app_automation_sh\common\basepage.py", line 33, in wait_ele_visible
    WebDriverWait(self.driver, timeout, frequency).until(ec.visibility_of_element_located(loc))
  File "C:\Python37\lib\site-packages\selenium\webdriver\support\wait.py", line 80, in until
    raise TimeoutException(message, screen, stacktrace)
selenium.common.exceptions.TimeoutException: Message: 

 Wed, 08 Jan 2020 16:40:00  INFO basepage.py save_img [ line:202 ] 截图成功，截图存放在：C:\Users\Administrator\PycharmProjects\app_automation_sh\output/screenshots\账单按钮_2020-01-08 16_39_59.png
