 Wed, 08 Jan 2020 16:42:43  INFO orderbook_data.py order_screen_data [ line:80 ] 测试数据: [{'login_phone': '18971335925', 'login_pwd': '335925', 'main_store_name': '吉野家日式料理店', 'store_name': '吉野家日式料理店', 'store_id': '2019121716261782222', 'time_desc': None, 'time_start': '2019-12-15 11:30', 'time_end': '2020-01-07 13:11', 'terminal_type': '全部终端', 'terminal_name': None, 'terminal_id': None, 'type_source': '全部', 'status': '全部订单'}, {'login_phone': '18971335925', 'login_pwd': '335925', 'main_store_name': '吉野家日式料理店', 'store_name': '吉野家日式料理店', 'store_id': '2019121716261782222', 'time_desc': None, 'time_start': '2019-12-15 11:30', 'time_end': '2020-01-07 13:11', 'terminal_type': '全部终端', 'terminal_name': None, 'terminal_id': None, 'type_source': '全部', 'status': '支付成功'}, {'login_phone': '18971335925', 'login_pwd': '335925', 'main_store_name': '吉野家日式料理店', 'store_name': '吉野家日式料理店', 'store_id': '2019121716261782222', 'time_desc': None, 'time_start': '2019-12-15 11:30', 'time_end': '2020-01-07 13:11', 'terminal_type': '全部终端', 'terminal_name': None, 'terminal_id': None, 'type_source': '全部', 'status': '退款成功'}, {'login_phone': '18971335925', 'login_pwd': '335925', 'main_store_name': '吉野家日式料理店', 'store_name': '吉野家日式料理店', 'store_id': '2019121716261782222', 'time_desc': None, 'time_start': '2019-12-15 11:30', 'time_end': '2020-01-07 13:11', 'terminal_type': '全部终端', 'terminal_name': None, 'terminal_id': None, 'type_source': '微信', 'status': '全部订单'}, {'login_phone': '18971335925', 'login_pwd': '335925', 'main_store_name': '吉野家日式料理店', 'store_name': '吉野家日式料理店', 'store_id': '2019121716261782222', 'time_desc': None, 'time_start': '2019-12-15 11:30', 'time_end': '2020-01-07 13:11', 'terminal_type': '全部终端', 'terminal_name': None, 'terminal_id': None, 'type_source': '微信', 'status': '支付成功'}, {'login_phone': '18971335925', 'login_pwd': '335925', 'main_store_name': '吉野家日式料理店', 'store_name': '吉野家日式料理店', 'store_id': '2019121716261782222', 'time_desc': None, 'time_start': '2019-12-15 11:30', 'time_end': '2020-01-07 13:11', 'terminal_type': '全部终端', 'terminal_name': None, 'terminal_id': None, 'type_source': '微信', 'status': '退款成功'}, {'login_phone': '18971335925', 'login_pwd': '335925', 'main_store_name': '吉野家日式料理店', 'store_name': '吉野家日式料理店', 'store_id': '2019121716261782222', 'time_desc': None, 'time_start': '2019-12-15 11:30', 'time_end': '2020-01-07 13:11', 'terminal_type': '全部终端', 'terminal_name': None, 'terminal_id': None, 'type_source': '支付宝', 'status': '全部订单'}, {'login_phone': '18971335925', 'login_pwd': '335925', 'main_store_name': '吉野家日式料理店', 'store_name': '吉野家日式料理店', 'store_id': '2019121716261782222', 'time_desc': None, 'time_start': '2019-12-15 11:30', 'time_end': '2020-01-07 13:11', 'terminal_type': '全部终端', 'terminal_name': None, 'terminal_id': None, 'type_source': '支付宝', 'status': '支付成功'}, {'login_phone': '18971335925', 'login_pwd': '335925', 'main_store_name': '吉野家日式料理店', 'store_name': '吉野家日式料理店', 'store_id': '2019121716261782222', 'time_desc': None, 'time_start': '2019-12-15 11:30', 'time_end': '2020-01-07 13:11', 'terminal_type': '全部终端', 'terminal_name': None, 'terminal_id': None, 'type_source': '支付宝', 'status': '退款成功'}, {'login_phone': '18971335925', 'login_pwd': '335925', 'main_store_name': '吉野家日式料理店', 'store_name': '吉野家日式料理店', 'store_id': '2019121716261782222', 'time_desc': None, 'time_start': '2019-12-15 11:30', 'time_end': '2020-01-07 13:11', 'terminal_type': '全部终端', 'terminal_name': None, 'terminal_id': None, 'type_source': '刷卡', 'status': '全部订单'}, {'login_phone': '18971335925', 'login_pwd': '335925', 'main_store_name': '吉野家日式料理店', 'store_name': '吉野家日式料理店', 'store_id': '2019121716261782222', 'time_desc': None, 'time_start': '2019-12-15 11:30', 'time_end': '2020-01-07 13:11', 'terminal_type': '全部终端', 'terminal_name': None, 'terminal_id': None, 'type_source': '刷卡', 'status': '支付成功'}, {'login_phone': '18971335925', 'login_pwd': '335925', 'main_store_name': '吉野家日式料理店', 'store_name': '吉野家日式料理店', 'store_id': '2019121716261782222', 'time_desc': None, 'time_start': '2019-12-15 11:30', 'time_end': '2020-01-07 13:11', 'terminal_type': '全部终端', 'terminal_name': None, 'terminal_id': None, 'type_source': '刷卡', 'status': '退款成功'}, {'login_phone': '18971335925', 'login_pwd': '335925', 'main_store_name': '吉野家日式料理店', 'store_name': '吉野家日式料理店', 'store_id': '2019121716261782222', 'time_desc': None, 'time_start': '2019-12-15 11:30', 'time_end': '2020-01-07 13:11', 'terminal_type': '全部终端', 'terminal_name': None, 'terminal_id': None, 'type_source': '预授权', 'status': '全部订单'}, {'login_phone': '18971335925', 'login_pwd': '335925', 'main_store_name': '吉野家日式料理店', 'store_name': '吉野家日式料理店', 'store_id': '2019121716261782222', 'time_desc': None, 'time_start': '2019-12-15 11:30', 'time_end': '2020-01-07 13:11', 'terminal_type': '全部终端', 'terminal_name': None, 'terminal_id': None, 'type_source': '预授权', 'status': '支付成功'}, {'login_phone': '18971335925', 'login_pwd': '335925', 'main_store_name': '吉野家日式料理店', 'store_name': '吉野家日式料理店', 'store_id': '2019121716261782222', 'time_desc': None, 'time_start': '2019-12-15 11:30', 'time_end': '2020-01-07 13:11', 'terminal_type': '全部终端', 'terminal_name': None, 'terminal_id': None, 'type_source': '预授权', 'status': '退款成功'}, {'login_phone': '18971335925', 'login_pwd': '335925', 'main_store_name': '吉野家日式料理店', 'store_name': '吉野家日式料理店', 'store_id': '2019121716261782222', 'time_desc': None, 'time_start': '2019-12-15 11:30', 'time_end': '2020-01-07 13:11', 'terminal_type': '全部终端', 'terminal_name': None, 'terminal_id': None, 'type_source': '其他', 'status': '全部订单'}, {'login_phone': '18971335925', 'login_pwd': '335925', 'main_store_name': '吉野家日式料理店', 'store_name': '吉野家日式料理店', 'store_id': '2019121716261782222', 'time_desc': None, 'time_start': '2019-12-15 11:30', 'time_end': '2020-01-07 13:11', 'terminal_type': '全部终端', 'terminal_name': None, 'terminal_id': None, 'type_source': '其他', 'status': '支付成功'}, {'login_phone': '18971335925', 'login_pwd': '335925', 'main_store_name': '吉野家日式料理店', 'store_name': '吉野家日式料理店', 'store_id': '2019121716261782222', 'time_desc': None, 'time_start': '2019-12-15 11:30', 'time_end': '2020-01-07 13:11', 'terminal_type': '全部终端', 'terminal_name': None, 'terminal_id': None, 'type_source': '其他', 'status': '退款成功'}]
 Wed, 08 Jan 2020 16:42:43  INFO orderbook_data.py order_screen_data [ line:81 ] 账单筛选测试数据量: 18
 Wed, 08 Jan 2020 16:42:56  INFO basepage.py wait_ele_visible [ line:42 ] 等待 登录页_等待用户名元素可见  元素  ('id', 'com.cashier.jiutongshanghu:id/ed_login_phone') 可见成功。耗时：0:00:01.387000
 Wed, 08 Jan 2020 16:42:56  INFO basepage.py wait_ele_visible [ line:42 ] 等待 登录页_输入用户名  元素  ('id', 'com.cashier.jiutongshanghu:id/ed_login_phone') 可见成功。耗时：0:00:00.087000
 Wed, 08 Jan 2020 16:42:56  INFO basepage.py get_element [ line:79 ] 查找  登录页_输入用户名 元素 ('id', 'com.cashier.jiutongshanghu:id/ed_login_phone') 成功
 Wed, 08 Jan 2020 16:42:57  INFO basepage.py input_text [ line:148 ] 在 登录页_输入用户名 元素 ('id', 'com.cashier.jiutongshanghu:id/ed_login_phone') 上输入文本值：18971335925 成功！
 Wed, 08 Jan 2020 16:42:58  INFO basepage.py wait_ele_visible [ line:42 ] 等待 登录页_输入密码  元素  ('id', 'com.cashier.jiutongshanghu:id/ed_login_password') 可见成功。耗时：0:00:00.567000
 Wed, 08 Jan 2020 16:42:58  INFO basepage.py get_element [ line:79 ] 查找  登录页_输入密码 元素 ('id', 'com.cashier.jiutongshanghu:id/ed_login_password') 成功
 Wed, 08 Jan 2020 16:42:58  INFO basepage.py input_text [ line:148 ] 在 登录页_输入密码 元素 ('id', 'com.cashier.jiutongshanghu:id/ed_login_password') 上输入文本值：335925 成功！
 Wed, 08 Jan 2020 16:42:59  INFO basepage.py wait_ele_visible [ line:42 ] 等待 登录页_点击登录按钮  元素  ('id', 'com.cashier.jiutongshanghu:id/but_login') 可见成功。耗时：0:00:01.053000
 Wed, 08 Jan 2020 16:42:59  INFO basepage.py get_element [ line:79 ] 查找  登录页_点击登录按钮 元素 ('id', 'com.cashier.jiutongshanghu:id/but_login') 成功
 Wed, 08 Jan 2020 16:42:59  INFO basepage.py click_element [ line:121 ] 点击  登录页_点击登录按钮 元素 ('id', 'com.cashier.jiutongshanghu:id/but_login') 成功！
 Wed, 08 Jan 2020 16:43:01  INFO basepage.py wait_ele_visible [ line:42 ] 等待 账单按钮  元素  ('-android uiautomator', 'new UiSelector().text("账单")') 可见成功。耗时：0:00:01.877000
 Wed, 08 Jan 2020 16:43:02  INFO basepage.py wait_ele_visible [ line:42 ] 等待 账单按钮  元素  ('-android uiautomator', 'new UiSelector().text("账单")') 可见成功。耗时：0:00:00.189000
 Wed, 08 Jan 2020 16:43:02  INFO basepage.py get_element [ line:79 ] 查找  账单按钮 元素 ('-android uiautomator', 'new UiSelector().text("账单")') 成功
 Wed, 08 Jan 2020 16:43:05  INFO basepage.py click_element [ line:121 ] 点击  账单按钮 元素 ('-android uiautomator', 'new UiSelector().text("账单")') 成功！
 Wed, 08 Jan 2020 16:43:05  INFO basepage.py wait_ele_visible [ line:42 ] 等待 筛选按钮  元素  ('id', 'com.cashier.jiutongshanghu:id/tv_title_zhangdan') 可见成功。耗时：0:00:00.157000
 Wed, 08 Jan 2020 16:43:05  INFO basepage.py wait_ele_visible [ line:42 ] 等待 筛选按钮  元素  ('id', 'com.cashier.jiutongshanghu:id/tv_title_zhangdan') 可见成功。耗时：0:00:00.115000
 Wed, 08 Jan 2020 16:43:05  INFO basepage.py get_element [ line:79 ] 查找  筛选按钮 元素 ('id', 'com.cashier.jiutongshanghu:id/tv_title_zhangdan') 成功
 Wed, 08 Jan 2020 16:43:05  INFO basepage.py click_element [ line:121 ] 点击  筛选按钮 元素 ('id', 'com.cashier.jiutongshanghu:id/tv_title_zhangdan') 成功！
 Wed, 08 Jan 2020 16:43:06  INFO basepage.py wait_ele_visible [ line:42 ] 等待 开始时间  元素  ('id', 'com.cashier.jiutongshanghu:id/nct_start_time') 可见成功。耗时：0:00:00.867000
 Wed, 08 Jan 2020 16:43:06  INFO basepage.py wait_ele_visible [ line:42 ] 等待 开始时间  元素  ('id', 'com.cashier.jiutongshanghu:id/nct_start_time') 可见成功。耗时：0:00:00.105000
 Wed, 08 Jan 2020 16:43:06  INFO basepage.py get_element [ line:79 ] 查找  开始时间 元素 ('id', 'com.cashier.jiutongshanghu:id/nct_start_time') 成功
 Wed, 08 Jan 2020 16:43:06  INFO basepage.py click_element [ line:121 ] 点击  开始时间 元素 ('id', 'com.cashier.jiutongshanghu:id/nct_start_time') 成功！
 Wed, 08 Jan 2020 16:43:07  INFO orderbook_page.py select_datetime [ line:797 ] 滑动输入的时间为-->201912151130
 Wed, 08 Jan 2020 16:43:07  ERROR basepage.py get_device_size [ line:250 ] 获取设备大小失败。
Traceback (most recent call last):
  File "C:\Users\Administrator\PycharmProjects\app_automation_sh\common\basepage.py", line 246, in get_device_size
    size = self.driver.get_window_size()
  File "C:\Python37\lib\site-packages\selenium\webdriver\remote\webdriver.py", line 1108, in get_window_size
    size = self.get_window_rect()
  File "C:\Python37\lib\site-packages\selenium\webdriver\remote\webdriver.py", line 1165, in get_window_rect
    return self.execute(Command.GET_WINDOW_RECT)['value']
  File "C:\Python37\lib\site-packages\selenium\webdriver\remote\webdriver.py", line 321, in execute
    self.error_handler.check_response(response)
  File "C:\Python37\lib\site-packages\appium\webdriver\errorhandler.py", line 29, in check_response
    raise wde
  File "C:\Python37\lib\site-packages\appium\webdriver\errorhandler.py", line 24, in check_response
    super(MobileErrorHandler, self).check_response(response)
  File "C:\Python37\lib\site-packages\selenium\webdriver\remote\errorhandler.py", line 242, in check_response
    raise exception_class(message, screen, stacktrace)
selenium.common.exceptions.WebDriverException: Message: An unknown server-side error occurred while processing the command. Original error: Could not proxy command to remote server. Original error: Error: socket hang up

