 Wed, 08 Jan 2020 16:41:19  INFO orderbook_data.py order_screen_data [ line:80 ] 测试数据: [{'login_phone': '18971335925', 'login_pwd': '335925', 'main_store_name': '吉野家日式料理店', 'store_name': '吉野家日式料理店', 'store_id': '2019121716261782222', 'time_desc': None, 'time_start': '2019-12-15 11:30', 'time_end': '2020-01-07 13:11', 'terminal_type': '全部终端', 'terminal_name': None, 'terminal_id': None, 'type_source': '全部', 'status': '全部订单'}, {'login_phone': '18971335925', 'login_pwd': '335925', 'main_store_name': '吉野家日式料理店', 'store_name': '吉野家日式料理店', 'store_id': '2019121716261782222', 'time_desc': None, 'time_start': '2019-12-15 11:30', 'time_end': '2020-01-07 13:11', 'terminal_type': '全部终端', 'terminal_name': None, 'terminal_id': None, 'type_source': '全部', 'status': '支付成功'}, {'login_phone': '18971335925', 'login_pwd': '335925', 'main_store_name': '吉野家日式料理店', 'store_name': '吉野家日式料理店', 'store_id': '2019121716261782222', 'time_desc': None, 'time_start': '2019-12-15 11:30', 'time_end': '2020-01-07 13:11', 'terminal_type': '全部终端', 'terminal_name': None, 'terminal_id': None, 'type_source': '全部', 'status': '退款成功'}, {'login_phone': '18971335925', 'login_pwd': '335925', 'main_store_name': '吉野家日式料理店', 'store_name': '吉野家日式料理店', 'store_id': '2019121716261782222', 'time_desc': None, 'time_start': '2019-12-15 11:30', 'time_end': '2020-01-07 13:11', 'terminal_type': '全部终端', 'terminal_name': None, 'terminal_id': None, 'type_source': '微信', 'status': '全部订单'}, {'login_phone': '18971335925', 'login_pwd': '335925', 'main_store_name': '吉野家日式料理店', 'store_name': '吉野家日式料理店', 'store_id': '2019121716261782222', 'time_desc': None, 'time_start': '2019-12-15 11:30', 'time_end': '2020-01-07 13:11', 'terminal_type': '全部终端', 'terminal_name': None, 'terminal_id': None, 'type_source': '微信', 'status': '支付成功'}, {'login_phone': '18971335925', 'login_pwd': '335925', 'main_store_name': '吉野家日式料理店', 'store_name': '吉野家日式料理店', 'store_id': '2019121716261782222', 'time_desc': None, 'time_start': '2019-12-15 11:30', 'time_end': '2020-01-07 13:11', 'terminal_type': '全部终端', 'terminal_name': None, 'terminal_id': None, 'type_source': '微信', 'status': '退款成功'}, {'login_phone': '18971335925', 'login_pwd': '335925', 'main_store_name': '吉野家日式料理店', 'store_name': '吉野家日式料理店', 'store_id': '2019121716261782222', 'time_desc': None, 'time_start': '2019-12-15 11:30', 'time_end': '2020-01-07 13:11', 'terminal_type': '全部终端', 'terminal_name': None, 'terminal_id': None, 'type_source': '支付宝', 'status': '全部订单'}, {'login_phone': '18971335925', 'login_pwd': '335925', 'main_store_name': '吉野家日式料理店', 'store_name': '吉野家日式料理店', 'store_id': '2019121716261782222', 'time_desc': None, 'time_start': '2019-12-15 11:30', 'time_end': '2020-01-07 13:11', 'terminal_type': '全部终端', 'terminal_name': None, 'terminal_id': None, 'type_source': '支付宝', 'status': '支付成功'}, {'login_phone': '18971335925', 'login_pwd': '335925', 'main_store_name': '吉野家日式料理店', 'store_name': '吉野家日式料理店', 'store_id': '2019121716261782222', 'time_desc': None, 'time_start': '2019-12-15 11:30', 'time_end': '2020-01-07 13:11', 'terminal_type': '全部终端', 'terminal_name': None, 'terminal_id': None, 'type_source': '支付宝', 'status': '退款成功'}, {'login_phone': '18971335925', 'login_pwd': '335925', 'main_store_name': '吉野家日式料理店', 'store_name': '吉野家日式料理店', 'store_id': '2019121716261782222', 'time_desc': None, 'time_start': '2019-12-15 11:30', 'time_end': '2020-01-07 13:11', 'terminal_type': '全部终端', 'terminal_name': None, 'terminal_id': None, 'type_source': '刷卡', 'status': '全部订单'}, {'login_phone': '18971335925', 'login_pwd': '335925', 'main_store_name': '吉野家日式料理店', 'store_name': '吉野家日式料理店', 'store_id': '2019121716261782222', 'time_desc': None, 'time_start': '2019-12-15 11:30', 'time_end': '2020-01-07 13:11', 'terminal_type': '全部终端', 'terminal_name': None, 'terminal_id': None, 'type_source': '刷卡', 'status': '支付成功'}, {'login_phone': '18971335925', 'login_pwd': '335925', 'main_store_name': '吉野家日式料理店', 'store_name': '吉野家日式料理店', 'store_id': '2019121716261782222', 'time_desc': None, 'time_start': '2019-12-15 11:30', 'time_end': '2020-01-07 13:11', 'terminal_type': '全部终端', 'terminal_name': None, 'terminal_id': None, 'type_source': '刷卡', 'status': '退款成功'}, {'login_phone': '18971335925', 'login_pwd': '335925', 'main_store_name': '吉野家日式料理店', 'store_name': '吉野家日式料理店', 'store_id': '2019121716261782222', 'time_desc': None, 'time_start': '2019-12-15 11:30', 'time_end': '2020-01-07 13:11', 'terminal_type': '全部终端', 'terminal_name': None, 'terminal_id': None, 'type_source': '预授权', 'status': '全部订单'}, {'login_phone': '18971335925', 'login_pwd': '335925', 'main_store_name': '吉野家日式料理店', 'store_name': '吉野家日式料理店', 'store_id': '2019121716261782222', 'time_desc': None, 'time_start': '2019-12-15 11:30', 'time_end': '2020-01-07 13:11', 'terminal_type': '全部终端', 'terminal_name': None, 'terminal_id': None, 'type_source': '预授权', 'status': '支付成功'}, {'login_phone': '18971335925', 'login_pwd': '335925', 'main_store_name': '吉野家日式料理店', 'store_name': '吉野家日式料理店', 'store_id': '2019121716261782222', 'time_desc': None, 'time_start': '2019-12-15 11:30', 'time_end': '2020-01-07 13:11', 'terminal_type': '全部终端', 'terminal_name': None, 'terminal_id': None, 'type_source': '预授权', 'status': '退款成功'}, {'login_phone': '18971335925', 'login_pwd': '335925', 'main_store_name': '吉野家日式料理店', 'store_name': '吉野家日式料理店', 'store_id': '2019121716261782222', 'time_desc': None, 'time_start': '2019-12-15 11:30', 'time_end': '2020-01-07 13:11', 'terminal_type': '全部终端', 'terminal_name': None, 'terminal_id': None, 'type_source': '其他', 'status': '全部订单'}, {'login_phone': '18971335925', 'login_pwd': '335925', 'main_store_name': '吉野家日式料理店', 'store_name': '吉野家日式料理店', 'store_id': '2019121716261782222', 'time_desc': None, 'time_start': '2019-12-15 11:30', 'time_end': '2020-01-07 13:11', 'terminal_type': '全部终端', 'terminal_name': None, 'terminal_id': None, 'type_source': '其他', 'status': '支付成功'}, {'login_phone': '18971335925', 'login_pwd': '335925', 'main_store_name': '吉野家日式料理店', 'store_name': '吉野家日式料理店', 'store_id': '2019121716261782222', 'time_desc': None, 'time_start': '2019-12-15 11:30', 'time_end': '2020-01-07 13:11', 'terminal_type': '全部终端', 'terminal_name': None, 'terminal_id': None, 'type_source': '其他', 'status': '退款成功'}]
 Wed, 08 Jan 2020 16:41:19  INFO orderbook_data.py order_screen_data [ line:81 ] 账单筛选测试数据量: 18
 Wed, 08 Jan 2020 16:41:32  INFO basepage.py wait_ele_visible [ line:42 ] 等待 登录页_等待用户名元素可见  元素  ('id', 'com.cashier.jiutongshanghu:id/ed_login_phone') 可见成功。耗时：0:00:01.548000
 Wed, 08 Jan 2020 16:41:32  INFO basepage.py wait_ele_visible [ line:42 ] 等待 登录页_输入用户名  元素  ('id', 'com.cashier.jiutongshanghu:id/ed_login_phone') 可见成功。耗时：0:00:00.134000
 Wed, 08 Jan 2020 16:41:33  INFO basepage.py get_element [ line:79 ] 查找  登录页_输入用户名 元素 ('id', 'com.cashier.jiutongshanghu:id/ed_login_phone') 成功
 Wed, 08 Jan 2020 16:41:33  INFO basepage.py input_text [ line:148 ] 在 登录页_输入用户名 元素 ('id', 'com.cashier.jiutongshanghu:id/ed_login_phone') 上输入文本值：18971335925 成功！
 Wed, 08 Jan 2020 16:41:34  INFO basepage.py wait_ele_visible [ line:42 ] 等待 登录页_输入密码  元素  ('id', 'com.cashier.jiutongshanghu:id/ed_login_password') 可见成功。耗时：0:00:00.580000
 Wed, 08 Jan 2020 16:41:34  INFO basepage.py get_element [ line:79 ] 查找  登录页_输入密码 元素 ('id', 'com.cashier.jiutongshanghu:id/ed_login_password') 成功
 Wed, 08 Jan 2020 16:41:34  INFO basepage.py input_text [ line:148 ] 在 登录页_输入密码 元素 ('id', 'com.cashier.jiutongshanghu:id/ed_login_password') 上输入文本值：335925 成功！
 Wed, 08 Jan 2020 16:41:35  INFO basepage.py wait_ele_visible [ line:42 ] 等待 登录页_点击登录按钮  元素  ('id', 'com.cashier.jiutongshanghu:id/but_login') 可见成功。耗时：0:00:00.638000
 Wed, 08 Jan 2020 16:41:35  INFO basepage.py get_element [ line:79 ] 查找  登录页_点击登录按钮 元素 ('id', 'com.cashier.jiutongshanghu:id/but_login') 成功
 Wed, 08 Jan 2020 16:41:35  INFO basepage.py click_element [ line:121 ] 点击  登录页_点击登录按钮 元素 ('id', 'com.cashier.jiutongshanghu:id/but_login') 成功！
 Wed, 08 Jan 2020 16:41:37  INFO basepage.py wait_ele_visible [ line:42 ] 等待 账单按钮  元素  ('-android uiautomator', 'new UiSelector().text("账单")') 可见成功。耗时：0:00:01.891000
 Wed, 08 Jan 2020 16:41:37  INFO basepage.py wait_ele_visible [ line:42 ] 等待 账单按钮  元素  ('-android uiautomator', 'new UiSelector().text("账单")') 可见成功。耗时：0:00:00.211000
 Wed, 08 Jan 2020 16:41:37  INFO basepage.py get_element [ line:79 ] 查找  账单按钮 元素 ('-android uiautomator', 'new UiSelector().text("账单")') 成功
 Wed, 08 Jan 2020 16:41:40  INFO basepage.py click_element [ line:121 ] 点击  账单按钮 元素 ('-android uiautomator', 'new UiSelector().text("账单")') 成功！
 Wed, 08 Jan 2020 16:41:41  INFO basepage.py wait_ele_visible [ line:42 ] 等待 筛选按钮  元素  ('id', 'com.cashier.jiutongshanghu:id/tv_title_zhangdan') 可见成功。耗时：0:00:00.597000
 Wed, 08 Jan 2020 16:41:41  INFO basepage.py wait_ele_visible [ line:42 ] 等待 筛选按钮  元素  ('id', 'com.cashier.jiutongshanghu:id/tv_title_zhangdan') 可见成功。耗时：0:00:00.129000
 Wed, 08 Jan 2020 16:41:41  INFO basepage.py get_element [ line:79 ] 查找  筛选按钮 元素 ('id', 'com.cashier.jiutongshanghu:id/tv_title_zhangdan') 成功
 Wed, 08 Jan 2020 16:41:41  INFO basepage.py click_element [ line:121 ] 点击  筛选按钮 元素 ('id', 'com.cashier.jiutongshanghu:id/tv_title_zhangdan') 成功！
 Wed, 08 Jan 2020 16:41:42  INFO basepage.py wait_ele_visible [ line:42 ] 等待 开始时间  元素  ('id', 'com.cashier.jiutongshanghu:id/nct_start_time') 可见成功。耗时：0:00:00.875000
 Wed, 08 Jan 2020 16:41:42  INFO basepage.py wait_ele_visible [ line:42 ] 等待 开始时间  元素  ('id', 'com.cashier.jiutongshanghu:id/nct_start_time') 可见成功。耗时：0:00:00.112000
 Wed, 08 Jan 2020 16:41:42  INFO basepage.py get_element [ line:79 ] 查找  开始时间 元素 ('id', 'com.cashier.jiutongshanghu:id/nct_start_time') 成功
 Wed, 08 Jan 2020 16:41:42  INFO basepage.py click_element [ line:121 ] 点击  开始时间 元素 ('id', 'com.cashier.jiutongshanghu:id/nct_start_time') 成功！
 Wed, 08 Jan 2020 16:41:43  INFO orderbook_page.py select_datetime [ line:797 ] 滑动输入的时间为-->201912151130
 Wed, 08 Jan 2020 16:41:43  INFO basepage.py get_device_size [ line:247 ] 当前设备的大小为：{'width': 1080, 'height': 2068}
 Wed, 08 Jan 2020 16:41:44  INFO basepage.py save_img_by_custom_size [ line:230 ] 截图成功，截图保存在：C:\Users\Administrator\PycharmProjects\app_automation_sh\output/custom_size_img\时间的年份.png
 Wed, 08 Jan 2020 16:41:47  INFO image_to_text.py picture_text [ line:49 ] 文字识别成功,返回值-->2020
 Wed, 08 Jan 2020 16:41:48  INFO orderbook_page.py select_datetime [ line:811 ] 当前年份是-->2020, 继续滑动...
 Wed, 08 Jan 2020 16:41:48  INFO basepage.py get_device_size [ line:247 ] 当前设备的大小为：{'width': 1080, 'height': 2068}
 Wed, 08 Jan 2020 16:41:49  INFO basepage.py swipe_diy [ line:287 ] 页面滑动，从坐标：108.0,1799.16 滑动到坐标：108.0,1861.2
 Wed, 08 Jan 2020 16:41:50  INFO basepage.py get_device_size [ line:247 ] 当前设备的大小为：{'width': 1080, 'height': 2068}
 Wed, 08 Jan 2020 16:41:51  INFO basepage.py save_img_by_custom_size [ line:230 ] 截图成功，截图保存在：C:\Users\Administrator\PycharmProjects\app_automation_sh\output/custom_size_img\时间的年份.png
 Wed, 08 Jan 2020 16:41:53  INFO image_to_text.py picture_text [ line:49 ] 文字识别成功,返回值-->2019
 Wed, 08 Jan 2020 16:41:54  INFO orderbook_page.py select_datetime [ line:811 ] 年份-->2019 滑动选中OK
 Wed, 08 Jan 2020 16:41:54  INFO basepage.py get_device_size [ line:247 ] 当前设备的大小为：{'width': 1080, 'height': 2068}
 Wed, 08 Jan 2020 16:41:55  INFO basepage.py save_img_by_custom_size [ line:230 ] 截图成功，截图保存在：C:\Users\Administrator\PycharmProjects\app_automation_sh\output/custom_size_img\时间的月份.png
 Wed, 08 Jan 2020 16:41:57  INFO image_to_text.py picture_text [ line:49 ] 文字识别成功,返回值-->01
 Wed, 08 Jan 2020 16:41:58  INFO orderbook_page.py select_datetime [ line:831 ] 当前的月份是-->1, 继续滑动...
 Wed, 08 Jan 2020 16:41:59  INFO basepage.py get_device_size [ line:247 ] 当前设备的大小为：{'width': 1080, 'height': 2068}
 Wed, 08 Jan 2020 16:42:00  INFO basepage.py swipe_diy [ line:287 ] 页面滑动，从坐标：324.0,1861.2 滑动到坐标：324.0,1799.16
 Wed, 08 Jan 2020 16:42:01  INFO basepage.py get_device_size [ line:247 ] 当前设备的大小为：{'width': 1080, 'height': 2068}
 Wed, 08 Jan 2020 16:42:02  INFO basepage.py swipe_diy [ line:287 ] 页面滑动，从坐标：324.0,1861.2 滑动到坐标：324.0,1799.16
 Wed, 08 Jan 2020 16:42:03  INFO basepage.py get_device_size [ line:247 ] 当前设备的大小为：{'width': 1080, 'height': 2068}
 Wed, 08 Jan 2020 16:42:05  INFO basepage.py swipe_diy [ line:287 ] 页面滑动，从坐标：324.0,1861.2 滑动到坐标：324.0,1799.16
 Wed, 08 Jan 2020 16:42:06  INFO basepage.py get_device_size [ line:247 ] 当前设备的大小为：{'width': 1080, 'height': 2068}
